chrom	chr_start	chr_stop	num_positions	normal_depth	tumor_depth	adjusted_log_ratio	gc_content	region_call	raw_ratio
abcdefghij	272	371	100	30.0	30.1	0.388	56.0	amp	0.007
abcdefghij	372	471	100	31.8	30.9	-0.326	55.0	del	-0.042
abcdefghij	472	571	100	28.1	32.5	0.058	45.0	neutral	0.205
abcdefghij	572	671	100	31.0	29.7	0.064	59.0	neutral	-0.063
abcdefghij	672	771	100	26.1	24.5	0.290	56.0	amp	-0.091
abcdefghij	772	871	100	25.4	23.0	-0.461	51.0	del	-0.145
abcdefghij	872	971	100	34.3	25.3	-0.374	44.0	del	-0.438
abcdefghij	972	1071	100	29.8	26.1	0.074	58.0	neutral	-0.191
abcdefghij	1072	1171	100	30.6	28.9	0.105	40.0	neutral	-0.08
abcdefghij	1172	1271	100	35.1	29.6	-0.128	46.0	neutral	-0.244
abcdefghij	1272	1371	100	30.1	28.8	-0.308	54.0	del	-0.068
abcdefghij	1372	1471	100	26.8	27.6	-0.197	54.0	neutral	0.043
abcdefghij	1472	1571	100	33.1	29.0	-0.296	47.0	del	-0.19
abcdefghij	1572	1671	100	26.4	29.2	0.530	56.0	amp	0.149
abcdefghij	1672	1771	100	26.3	31.8	0.129	45.0	neutral	0.276
abcdefghij	1772	1871	100	22.0	30.4	0.358	47.0	amp	0.464
abcdefghij	1872	1971	100	23.9	30.0	0.026	48.0	neutral	0.325
abcdefghij	1972	2071	100	24.9	31.2	0.088	54.0	neutral	0.328
abcdefghij	2072	2171	100	24.9	25.1	0.018	52.0	neutral	0.012
abcdefghij	2172	2271	100	24.1	27.4	0.299	46.0	amp	0.183
abcdefghij	2272	2371	100	29.5	23.1	-0.135	60.0	neutral	-0.353
abcdefghij	2372	2471	100	36.7	20.9	-0.377	41.0	del	-0.817
abcdefghij	2472	2571	100	32.5	23.0	-0.801	48.0	del	-0.502
abcdefghij	2572	2671	100	32.6	21.0	-0.955	49.0	del	-0.637
abcdefghij	2672	2771	100	29.8	28.2	0.552	61.0	amp	-0.081
abcdefghij	2772	2871	100	24.7	26.0	-0.241	51.0	neutral	0.075
abcdefghij	2872	2971	100	32.5	33.7	-0.264	49.0	del	0.054
abcdefghij	2972	3071	100	35.4	35.2	-0.322	51.0	del	-0.006
abcdefghij	3072	3171	100	32.5	31.9	-0.311	55.0	del	-0.027
abcdefghij	3172	3271	100	38.8	32.6	-0.405	57.0	del	-0.251
abcdefghij	3272	3371	100	28.3	29.8	0.000	53.0	neutral	0.074
abcdefghij	3372	3471	100	33.5	35.7	-0.288	39.0	del	0.093
abcdefghij	3472	3571	100	28.9	32.2	0.273	46.0	amp	0.157
abcdefghij	3572	3671	100	29.1	37.4	0.305	50.0	amp	0.363
abcdefghij	3672	3771	100	24.1	31.9	0.089	51.0	neutral	0.405
abcdefghij	3772	3871	100	21.9	34.0	0.533	47.0	amp	0.639
abcdefghij	3872	3971	100	25.8	36.4	0.253	54.0	amp	0.493
abcdefghij	3972	4071	100	26.1	35.0	0.103	49.0	neutral	0.421
abcdefghij	4072	4171	100	21.7	36.8	0.979	60.0	amp	0.761
abcdefghij	4172	4271	100	36.7	34.7	-0.462	39.0	del	-0.081
abcdefghij	4272	4341	70	28.6	33.8	-0.044	55.7	neutral	0.24
abcdefghij	4342	4441	100	24.3	31.7	0.495	46.0	amp	0.379
abcdefghij	4442	4541	100	29.2	27.8	-0.371	48.0	del	-0.072
abcdefghij	4542	4641	100	22.0	32.6	0.269	48.0	amp	0.568
abcdefghij	4642	4741	100	30.2	31.7	-0.211	55.0	neutral	0.073
abcdefghij	4742	4841	100	33.0	32.2	-0.350	51.0	del	-0.034
abcdefghij	4842	4941	100	35.8	25.4	-0.781	55.0	del	-0.497
abcdefghij	4942	5041	100	35.6	25.8	-0.460	52.0	del	-0.466
abcdefghij	5042	5141	100	32.9	31.0	-0.159	53.0	neutral	-0.085
abcdefghij	5142	5241	100	27.8	26.5	-0.387	49.0	del	-0.069
abcdefghij	5242	5341	100	37.4	32.7	-0.348	57.0	del	-0.194
abcdefghij	5342	5441	100	29.4	20.4	-0.630	47.0	del	-0.524
abcdefghij	5442	5541	100	31.3	25.1	-0.641	49.0	del	-0.323
abcdefghij	5542	5641	100	29.7	21.8	-0.595	45.0	del	-0.448
abcdefghij	5642	5741	100	24.8	26.1	-0.240	49.0	neutral	0.078
abcdefghij	5742	5841	100	25.0	30.8	0.003	48.0	neutral	0.302
abcdefghij	5842	5941	100	23.1	32.8	0.262	54.0	amp	0.502
abcdefghij	5942	6041	100	29.8	33.7	0.184	52.0	neutral	0.178
abcdefghij	6042	6141	100	26.5	33.1	0.079	54.0	neutral	0.319
abcdefghij	6142	6241	100	32.2	37.0	0.143	50.0	neutral	0.201
abcdefghij	6242	6341	100	23.9	27.2	0.569	56.0	amp	0.188
abcdefghij	6342	6441	100	23.3	30.9	0.111	48.0	neutral	0.41
abcdefghij	6442	6541	100	23.8	31.0	0.142	54.0	neutral	0.382
abcdefghij	6542	6641	100	25.2	26.3	0.070	52.0	neutral	0.064
abcdefghij	6642	6741	100	27.5	26.8	0.184	60.0	neutral	-0.034
abcdefghij	6742	6841	100	34.6	22.4	-0.945	49.0	del	-0.627
abcdefghij	6842	6941	100	32.8	20.7	-0.538	59.0	del	-0.665
abcdefghij	6942	7041	100	32.0	26.3	-0.568	55.0	del	-0.284
abcdefghij	7042	7141	100	28.1	32.0	0.129	50.0	neutral	0.187
abcdefghij	7142	7241	100	30.6	34.8	-0.059	62.0	neutral	0.186
abcdefghij	7242	7341	100	22.8	29.3	0.041	49.0	neutral	0.359
abcdefghij	7342	7441	100	28.0	33.0	0.131	47.0	neutral	0.237
abcdefghij	7442	7541	100	22.8	29.5	0.222	45.0	neutral	0.369
abcdefghij	7542	7641	100	23.3	34.8	0.814	43.0	amp	0.58
abcdefghij	7642	7741	100	30.0	36.0	0.329	44.0	amp	0.265
abcdefghij	7742	7841	100	32.8	24.9	-0.379	42.0	del	-0.395
abcdefghij	7842	7941	100	41.1	30.0	-0.451	52.0	del	-0.457
abcdefghij	7942	8041	100	43.2	20.7	-1.205	45.0	del	-1.058
abcdefghij	8042	8141	100	40.0	27.9	-0.836	49.0	del	-0.518
abcdefghij	8142	8241	100	38.5	31.1	-0.299	52.0	del	-0.305
abcdefghij	8242	8341	100	29.4	35.0	0.258	52.0	amp	0.252
abcdefghij	8342	8441	100	35.3	29.0	-0.386	47.0	del	-0.28
abcdefghij	8442	8541	100	26.6	34.2	0.370	52.0	amp	0.364
abcdefghij	8542	8641	100	33.5	29.6	-0.460	55.0	del	-0.176
abcdefghij	8642	8741	100	23.0	29.8	0.319	50.0	amp	0.377
abcdefghij	8742	8841	100	25.6	34.0	0.124	55.0	neutral	0.408
abcdefghij	8842	8941	100	30.4	33.2	0.133	52.0	neutral	0.127
abcdefghij	8942	9041	100	26.6	32.7	0.238	50.0	neutral	0.296
abcdefghij	9042	9141	100	30.9	35.8	0.339	59.0	amp	0.212
abcdefghij	9142	9241	100	27.6	24.3	-0.424	54.0	del	-0.184
abcdefghij	9242	9341	100	22.6	27.3	0.213	50.0	neutral	0.271
abcdefghij	9342	9441	100	23.9	25.8	0.001	47.0	neutral	0.107
abcdefghij	9442	9541	100	21.6	31.4	0.225	51.0	neutral	0.541
abcdefghij	9542	9641	100	25.6	27.9	0.016	47.0	neutral	0.122
abcdefghij	9642	9741	100	24.8	33.5	0.360	53.0	amp	0.434
abcdefghij	9742	9841	100	28.6	28.5	-0.319	51.0	del	-0.003
abcdefghij	9842	9941	100	29.3	29.7	-0.037	50.0	neutral	0.021
abcdefghij	9942	10041	100	30.6	34.3	-0.134	48.0	neutral	0.165
abcdefghij	10042	10141	100	31.5	35.3	-0.156	51.0	neutral	0.16
abcdefghij	10142	10241	100	26.7	31.1	-0.021	54.0	neutral	0.219
abcdefghij	10242	10341	100	30.6	28.0	-0.431	48.0	del	-0.132
abcdefghij	10342	10441	100	25.5	29.7	-0.096	51.0	neutral	0.22
abcdefghij	10442	10541	100	24.1	30.9	0.044	51.0	neutral	0.36
abcdefghij	10542	10641	100	29.4	29.6	0.071	44.0	neutral	0.007
abcdefghij	10642	10741	100	25.1	30.9	0.239	50.0	neutral	0.297
abcdefghij	10742	10841	100	30.1	31.9	-0.155	54.0	neutral	0.085
abcdefghij	10842	10941	100	32.1	30.9	-0.158	47.0	neutral	-0.052
abcdefghij	10942	11041	100	20.6	33.3	0.542	57.0	amp	0.696
abcdefghij	11042	11141	100	27.3	27.2	-0.324	49.0	del	-0.006
abcdefghij	11142	11241	100	25.7	25.1	-0.093	50.0	neutral	-0.035
abcdefghij	11242	11341	100	28.4	27.2	0.205	58.0	neutral	-0.06
abcdefghij	11342	11441	100	32.4	25.0	-0.367	52.0	del	-0.373
abcdefghij	11442	11541	100	30.5	34.2	-0.375	38.0	del	0.164
abcdefghij	11542	11641	100	32.0	34.5	0.006	47.0	neutral	0.112
abcdefghij	11642	11741	100	28.6	35.0	0.297	52.0	amp	0.291
abcdefghij	11742	11841	100	34.0	32.8	-0.201	45.0	neutral	-0.054
abcdefghij	11842	11941	100	35.4	26.6	0.158	65.0	neutral	-0.414
abcdefghij	11942	12041	100	25.6	30.1	0.088	45.0	neutral	0.235
abcdefghij	12042	12141	100	29.2	27.1	-0.259	57.0	del	-0.105
abcdefghij	12142	12241	100	23.5	30.8	0.514	59.0	amp	0.387
abcdefghij	12242	12341	100	23.9	33.7	0.178	49.0	neutral	0.496
abcdefghij	12342	12441	100	27.6	27.1	0.415	41.0	amp	-0.025
abcdefghij	12442	12541	100	26.0	26.4	-0.217	54.0	neutral	0.023
abcdefghij	12542	12641	100	31.4	27.9	-0.226	50.0	neutral	-0.168
abcdefghij	12642	12741	100	28.2	26.8	-0.219	45.0	neutral	-0.072
abcdefghij	12742	12841	100	30.4	26.4	-0.445	54.0	del	-0.205
abcdefghij	12842	12941	100	27.1	28.7	-0.237	49.0	neutral	0.081
abcdefghij	12942	13041	100	28.8	21.6	-0.474	50.0	del	-0.416
abcdefghij	13042	13135	94	27.1	23.0	-0.479	62.8	del	-0.234
abcdefghij	13390	13454	65	29.9	12.7	-1.295	50.8	del	-1.237
abcdefghij	13685	13733	49	33.2	14.2	-0.883	30.6	del	-1.228
abcdefghij	15315	15326	12	24.5	22.0	-0.213	50.0	neutral	-0.155
abcdefghij	15696	15712	17	29.9	12.6	-0.803	41.2	del	-1.243
abcdefghij	16341	16364	24	24.3	12.8	-0.979	50.0	del	-0.921
abcdefghij	17847	17900	54	30.4	17.2	-0.807	42.6	del	-0.823
abcdefghij	18614	18629	16	27.2	19.6	-0.532	50.0	del	-0.474
abcdefghij	18740	18751	12	26.7	17.2	-0.686	50.0	del	-0.628
abcdefghij	19394	19404	11	27.3	23.8	-0.375	90.9	del	-0.195
abcdefghij	22814	22879	66	37.7	20.1	-0.525	56.1	del	-0.906
abcdefghij	23902	23942	41	26.6	15.9	-0.508	43.9	del	-0.742
abcdefghij	24042	24060	19	22.8	23.2	0.547	36.8	amp	0.026
abcdefghij	26222	26231	10	27.0	23.3	0.132	30.0	neutral	-0.213
abcdefghij	26833	26883	51	38.8	11.1	-2.043	54.9	del	-1.803
abcdefghij	27907	27943	37	29.3	22.1	-0.706	48.6	del	-0.407
abcdefghij	28326	28340	15	27.9	22.5	-0.385	53.3	del	-0.311
abcdefghij	31978	32039	62	27.1	16.4	-0.802	53.2	del	-0.728
abcdefghij	32162	32177	16	30.4	18.2	-0.801	50.0	del	-0.743
abcdefghij	32439	32469	31	31.4	10.0	-1.017	61.3	del	-1.65
abcdefghij	33097	33116	20	25.6	17.0	-0.647	50.0	del	-0.589
abcdefghij	33330	33341	12	30.8	12.2	-0.983	33.3	del	-1.338
abcdefghij	33582	33599	18	34.6	15.5	-0.375	66.7	del	-1.159
abcdefghij	34883	34903	21	28.4	11.7	-1.383	47.6	del	-1.277
abcdefghij	35955	35987	33	22.6	19.9	-0.503	51.5	del	-0.187
abcdefghij	36375	36433	59	35.4	11.2	-1.718	50.8	del	-1.66
abcdefghij	36475	36532	58	29.5	18.1	-0.325	56.9	del	-0.706
abcdefghij	37083	37164	82	33.7	12.6	-1.521	47.6	del	-1.415
abcdefghij	37380	37403	24	30.9	22.8	-0.588	45.8	del	-0.441
abcdefghij	38050	38147	98	23.7	14.3	-0.608	46.9	del	-0.724
abcdefghij	41309	41350	42	41.4	20.0	-0.922	59.5	del	-1.049
abcdefghij	41493	41517	25	34.6	12.3	-1.275	60.0	del	-1.493
abcdefghij	41614	41664	51	25.9	13.1	-0.717	58.8	del	-0.982
abcdefghij	42235	42256	22	33.2	16.1	-0.855	40.9	del	-1.04
abcdefghij	43718	43783	66	20.8	14.6	-0.291	60.6	del	-0.509
abcdefghij	44069	44110	42	29.7	11.0	-1.544	47.6	del	-1.438
abcdefghij	44111	44141	31	21.2	16.1	-0.134	58.1	neutral	-0.399
abcdefghij	46251	46304	54	28.4	15.6	-1.158	48.1	del	-0.859
abcdefghij	47211	47234	24	28.7	17.5	-0.769	50.0	del	-0.711
abcdefghij	48998	49013	16	22.9	17.8	-0.428	50.0	del	-0.37
abcdefghij	53395	53413	19	45.0	19.6	-0.676	36.8	del	-1.197
abcdefghij	53668	53697	30	25.6	18.8	-0.327	46.7	del	-0.443
abcdefghij	54141	54160	20	28.4	10.9	-0.807	65.0	del	-1.379
abcdefghij	55185	55284	100	23.0	15.2	-0.487	46.0	del	-0.603
abcdefghij	57532	57571	40	24.9	10.2	-1.279	52.5	del	-1.285
abcdefghij	59282	59311	30	28.9	16.8	-0.662	46.7	del	-0.778
abcdefghij	59580	59598	19	30.2	18.4	-0.709	52.6	del	-0.715
abcdefghij	59834	59933	100	32.3	14.0	-0.830	56.0	del	-1.211
abcdefghij	60476	60489	14	30.4	23.6	-0.518	57.1	del	-0.364
abcdefghij	60998	61014	17	29.6	16.3	-0.858	52.9	del	-0.864
abcdefghij	61656	61730	75	23.4	10.5	-1.390	54.7	del	-1.15
abcdefghij	62055	62064	10	40.2	14.0	-1.580	50.0	del	-1.522
abcdefghij	62900	62915	16	29.6	18.7	-0.127	37.5	neutral	-0.662
abcdefghij	63467	63504	38	21.7	15.2	-0.798	55.3	del	-0.514
abcdefghij	64828	64844	17	25.1	18.6	0.014	41.2	neutral	-0.426
abcdefghij	64919	64966	48	33.0	11.1	-1.303	58.3	del	-1.568
abcdefghij	66640	66657	18	23.3	21.9	-0.376	55.6	del	-0.092
abcdefghij	67396	67458	63	28.3	14.6	-0.890	44.4	del	-0.954
abcdefghij	69037	69048	12	23.1	12.8	-0.905	50.0	del	-0.847
abcdefghij	70235	70292	58	29.2	13.8	-1.012	44.8	del	-1.076
abcdefghij	70554	70571	18	23.6	19.2	-0.355	50.0	del	-0.297
abcdefghij	71023	71044	22	23.5	16.1	-0.196	63.6	neutral	-0.544
abcdefghij	75232	75280	49	40.5	11.3	-1.710	59.2	del	-1.837
abcdefghij	75567	75666	100	31.4	12.8	-0.662	61.0	del	-1.295
abcdefghij	76527	76539	13	22.6	26.1	0.131	53.8	neutral	0.205
abcdefghij	78070	78079	10	29.7	10.7	-0.375	70.0	del	-1.473
abcdefghij	78162	78183	22	23.5	22.0	-0.150	50.0	neutral	-0.092
abcdefghij	78184	78283	100	35.4	11.2	-1.432	43.0	del	-1.666
abcdefghij	78926	78939	14	20.7	25.4	0.234	50.0	neutral	0.292
abcdefghij	82273	82334	62	22.7	14.4	-0.273	56.5	del	-0.654
abcdefghij	82634	82725	92	32.6	10.8	-1.471	46.7	del	-1.587
abcdefghij	83183	83223	41	31.4	10.7	-1.180	56.1	del	-1.561
abcdefghij	83544	83578	35	32.1	19.9	-0.838	45.7	del	-0.691
abcdefghij	83991	84024	34	23.6	21.0	-0.225	50.0	neutral	-0.167
abcdefghij	85506	85553	48	28.1	11.4	-0.929	56.2	del	-1.31
abcdefghij	86052	86079	28	37.3	17.2	-1.266	57.1	del	-1.112
abcdefghij	86997	87008	12	23.3	35.2	0.950	33.3	amp	0.595
abcdefghij	87630	87669	40	23.6	24.3	0.060	42.5	neutral	0.044
abcdefghij	88053	88076	24	30.1	11.0	-1.093	33.3	del	-1.448
abcdefghij	88077	88117	41	33.2	10.2	-1.774	53.7	del	-1.7
abcdefghij	88118	88156	39	36.9	13.4	-1.075	56.4	del	-1.456
abcdefghij	88157	88168	12	41.3	15.3	-0.991	41.7	del	-1.431
abcdefghij	89479	89497	19	28.1	17.3	-0.697	52.6	del	-0.703
abcdefghij	89916	90015	100	30.8	15.2	-1.255	54.0	del	-1.015
abcdefghij	92023	92052	30	25.2	10.6	-1.029	60.0	del	-1.247
abcdefghij	92934	92956	23	34.7	10.3	-0.375	69.6	del	-1.745
abcdefghij	93037	93111	75	29.3	10.2	-1.142	56.0	del	-1.523
abcdefghij	94834	94933	100	25.6	14.4	-0.977	45.0	del	-0.83
abcdefghij	94934	94945	12	34.0	24.3	-0.541	50.0	del	-0.483
abcdefghij	95095	95158	64	31.0	14.2	-1.445	51.6	del	-1.129
abcdefghij	95835	95934	100	38.7	13.5	-1.000	36.0	del	-1.521
abcdefghij	95978	95996	19	28.7	15.4	-0.555	63.2	del	-0.903
abcdefghij	97267	97307	41	28.8	15.5	-0.371	36.6	del	-0.892
abcdefghij	97470	97492	23	32.1	15.5	-0.476	65.2	del	-1.048
abcdefghij	98417	98453	37	25.1	19.8	-0.589	62.2	del	-0.344
abcdefghij	99792	99816	25	27.5	17.6	-0.939	48.0	del	-0.64
abcdefghij	100473	100496	24	35.7	16.0	-0.623	37.5	del	-1.158
abcdefghij	102761	102781	21	30.6	15.7	-0.956	52.4	del	-0.962
abcdefghij	104155	104195	41	32.5	16.0	-1.341	51.2	del	-1.025
abcdefghij	107722	107742	21	36.7	11.8	-1.634	52.4	del	-1.64
abcdefghij	107982	108014	33	29.7	12.2	-1.059	60.6	del	-1.277
abcdefghij	108844	108939	96	25.5	10.7	-1.141	46.9	del	-1.257
abcdefghij	109548	109612	65	23.8	12.3	-0.509	41.5	del	-0.949
abcdefghij	110232	110249	18	24.1	24.3	-0.045	50.0	neutral	0.013
