chrom	chr_start	chr_stop	num_positions	normal_depth	tumor_depth	adjusted_log_ratio	gc_content	region_call	raw_ratio
abcdefghij	272	371	100	30.0	38.6	0.568	56.0	amp	0.366
abcdefghij	372	471	100	31.8	39.9	0.363	55.0	amp	0.328
abcdefghij	472	571	100	28.1	38.0	0.634	45.0	amp	0.431
abcdefghij	572	671	100	31.0	37.9	-0.344	59.0	del	0.288
abcdefghij	672	771	100	26.1	30.0	0.404	56.0	amp	0.202
abcdefghij	772	871	100	25.4	39.8	0.463	51.0	amp	0.651
abcdefghij	872	971	100	34.3	33.3	-0.304	44.0	del	-0.039
abcdefghij	972	1071	100	29.8	42.8	0.503	58.0	amp	0.524
abcdefghij	1072	1171	100	30.6	30.4	0.052	40.0	neutral	-0.008
abcdefghij	1172	1271	100	35.1	31.4	-0.067	46.0	neutral	-0.159
abcdefghij	1272	1371	100	30.1	27.8	-0.346	54.0	del	-0.119
abcdefghij	1372	1471	100	26.8	23.8	-0.402	54.0	del	-0.175
abcdefghij	1472	1571	100	33.1	28.9	-0.325	47.0	del	-0.2
abcdefghij	1572	1671	100	26.4	23.1	0.008	56.0	neutral	-0.194
abcdefghij	1672	1771	100	26.3	26.4	0.207	45.0	neutral	0.004
abcdefghij	1772	1871	100	22.0	22.6	-0.084	47.0	neutral	0.041
abcdefghij	1872	1971	100	23.9	29.0	-0.063	48.0	neutral	0.277
abcdefghij	1972	2071	100	24.9	26.0	-0.161	54.0	neutral	0.066
abcdefghij	2072	2171	100	24.9	32.3	0.082	52.0	neutral	0.377
abcdefghij	2172	2271	100	24.1	28.5	0.334	46.0	amp	0.242
abcdefghij	2272	2371	100	29.5	35.5	0.063	60.0	neutral	0.263
abcdefghij	2372	2471	100	36.7	24.5	-0.438	41.0	del	-0.583
abcdefghij	2472	2571	100	32.5	28.2	-0.548	48.0	del	-0.208
abcdefghij	2572	2671	100	32.6	25.0	-0.587	49.0	del	-0.388
abcdefghij	2672	2771	100	29.8	23.2	-0.379	61.0	del	-0.362
abcdefghij	2772	2871	100	24.7	31.1	0.146	51.0	neutral	0.334
abcdefghij	2872	2971	100	32.5	31.2	-0.257	49.0	del	-0.058
abcdefghij	2972	3071	100	35.4	32.4	-0.314	51.0	del	-0.126
abcdefghij	3072	3171	100	32.5	32.1	0.018	55.0	neutral	-0.017
abcdefghij	3172	3271	100	38.8	24.0	-0.353	57.0	del	-0.693
abcdefghij	3272	3371	100	28.3	28.7	-0.121	53.0	neutral	0.019
abcdefghij	3372	3471	100	33.5	25.6	-0.372	39.0	del	-0.389
abcdefghij	3472	3571	100	28.9	29.1	0.106	46.0	neutral	0.014
abcdefghij	3572	3671	100	29.1	24.4	-0.007	50.0	neutral	-0.255
abcdefghij	3672	3771	100	24.1	29.2	0.090	51.0	neutral	0.278
abcdefghij	3772	3871	100	21.9	26.4	0.145	47.0	neutral	0.27
abcdefghij	3872	3971	100	25.8	27.1	-0.159	54.0	neutral	0.068
abcdefghij	3972	4071	100	26.1	25.9	-0.211	49.0	neutral	-0.012
abcdefghij	4072	4171	100	21.7	29.7	0.251	60.0	amp	0.451
abcdefghij	4172	4271	100	36.7	32.4	-0.160	39.0	neutral	-0.177
abcdefghij	4272	4329	58	30.5	37.9	0.290	58.6	amp	0.311
abcdefghij	4330	4429	100	22.3	35.2	0.392	44.0	amp	0.657
abcdefghij	4430	4529	100	31.0	37.3	0.129	53.0	neutral	0.269
abcdefghij	4530	4629	100	21.5	29.5	0.656	45.0	amp	0.453
abcdefghij	4630	4729	100	29.2	30.6	-0.226	52.0	neutral	0.069
abcdefghij	4730	4829	100	33.3	29.5	-0.317	53.0	del	-0.177
abcdefghij	4830	4929	100	35.4	23.5	-0.731	53.0	del	-0.591
abcdefghij	4930	5029	100	34.8	23.5	-0.703	53.0	del	-0.563
abcdefghij	5030	5129	100	35.0	26.2	-0.384	55.0	del	-0.419
abcdefghij	5130	5229	100	26.3	21.6	-0.406	47.0	del	-0.281
abcdefghij	5230	5329	100	37.7	23.3	-0.493	56.0	del	-0.695
abcdefghij	5330	5429	100	30.2	26.3	-0.541	48.0	del	-0.201
abcdefghij	5430	5529	100	30.4	22.9	-0.161	50.0	neutral	-0.409
abcdefghij	5530	5629	100	30.6	31.4	0.237	45.0	neutral	0.034
abcdefghij	5630	5729	100	25.2	24.5	-0.178	53.0	neutral	-0.038
abcdefghij	5730	5829	100	24.7	28.3	-0.070	44.0	neutral	0.195
abcdefghij	5830	5929	100	23.2	24.6	-0.215	52.0	neutral	0.08
abcdefghij	5930	6029	100	29.2	26.7	-0.273	53.0	del	-0.133
abcdefghij	6030	6129	100	26.2	31.8	0.140	53.0	neutral	0.28
abcdefghij	6130	6229	100	32.9	34.4	-0.160	54.0	neutral	0.067
abcdefghij	6230	6329	100	24.1	32.0	0.114	52.0	neutral	0.409
abcdefghij	6330	6429	100	23.3	33.8	0.243	52.0	neutral	0.538
abcdefghij	6430	6529	100	23.7	28.7	0.077	49.0	neutral	0.276
abcdefghij	6530	6629	100	24.8	26.5	0.130	55.0	neutral	0.095
abcdefghij	6630	6729	100	27.5	24.1	-0.214	58.0	neutral	-0.193
abcdefghij	6730	6829	100	33.6	26.6	-0.477	53.0	del	-0.337
abcdefghij	6830	6929	100	33.1	27.8	-0.213	55.0	neutral	-0.248
abcdefghij	6930	7029	100	32.9	27.8	-0.207	55.0	neutral	-0.242
abcdefghij	7030	7129	100	27.0	22.4	-0.562	52.0	del	-0.267
abcdefghij	7130	7229	100	32.2	30.5	-0.344	62.0	del	-0.078
abcdefghij	7230	7329	100	22.4	30.8	0.117	48.0	neutral	0.457
abcdefghij	7330	7429	100	28.0	31.3	-0.181	48.0	neutral	0.159
abcdefghij	7430	7529	100	23.2	32.5	0.146	43.0	neutral	0.49
abcdefghij	7530	7629	100	23.1	32.2	0.679	45.0	amp	0.476
abcdefghij	7630	7729	100	29.2	29.3	-0.258	44.0	del	0.007
abcdefghij	7730	7829	100	32.2	33.3	-0.217	44.0	neutral	0.048
abcdefghij	7830	7929	100	40.0	37.3	-0.291	51.0	del	-0.103
abcdefghij	7930	8029	100	43.9	35.7	-0.098	45.0	neutral	-0.301
abcdefghij	8030	8129	100	39.6	29.8	-0.608	49.0	del	-0.409
abcdefghij	8130	8229	100	39.7	30.7	-0.120	50.0	neutral	-0.368
abcdefghij	8230	8329	100	28.8	34.8	-0.019	52.0	neutral	0.276
abcdefghij	8330	8429	100	36.8	27.6	-0.605	51.0	del	-0.417
abcdefghij	8430	8529	100	25.8	33.7	0.635	50.0	amp	0.387
abcdefghij	8530	8629	100	33.6	25.2	-0.555	53.0	del	-0.415
abcdefghij	8630	8729	100	23.6	24.4	-0.248	52.0	neutral	0.047
abcdefghij	8730	8829	100	25.4	30.8	-0.014	52.0	neutral	0.281
abcdefghij	8830	8929	100	29.7	25.1	-0.538	52.0	del	-0.243
abcdefghij	8930	9029	100	27.7	28.3	-0.111	53.0	neutral	0.029
abcdefghij	9030	9129	100	30.0	30.4	0.362	57.0	amp	0.022
abcdefghij	9130	9229	100	28.4	24.2	-0.525	52.0	del	-0.23
abcdefghij	9230	9329	100	22.1	26.2	0.019	54.0	neutral	0.246
abcdefghij	9330	9429	100	25.6	25.8	0.259	50.0	amp	0.011
abcdefghij	9430	9529	100	20.4	19.9	-0.161	47.0	neutral	-0.036
abcdefghij	9530	9629	100	25.6	33.9	0.207	49.0	neutral	0.406
abcdefghij	9630	9729	100	25.2	20.9	-0.021	50.0	neutral	-0.269
abcdefghij	9730	9829	100	27.5	31.9	-0.082	52.0	neutral	0.213
abcdefghij	9830	9929	100	29.9	30.3	-0.183	49.0	neutral	0.016
abcdefghij	9930	10029	100	29.4	32.1	-0.075	49.0	neutral	0.124
abcdefghij	10030	10129	100	32.7	30.4	-0.245	53.0	neutral	-0.105
abcdefghij	10130	10229	100	25.8	32.7	0.144	49.0	neutral	0.343
abcdefghij	10230	10329	100	31.9	22.7	-0.454	55.0	del	-0.489
abcdefghij	10330	10429	100	25.3	28.0	-0.056	49.0	neutral	0.143
abcdefghij	10430	10529	100	24.1	21.9	-0.327	51.0	del	-0.139
abcdefghij	10530	10629	100	28.8	26.6	-0.313	42.0	del	-0.115
abcdefghij	10630	10729	100	25.9	28.7	0.394	50.0	amp	0.146
abcdefghij	10730	10829	100	28.9	22.8	-0.304	55.0	del	-0.339
abcdefghij	10830	10929	100	32.9	32.8	-0.206	49.0	neutral	-0.007
abcdefghij	10930	11029	100	21.0	23.8	0.384	56.0	amp	0.182
abcdefghij	11030	11129	100	26.6	31.5	0.116	47.0	neutral	0.241
abcdefghij	11130	11229	100	25.8	30.0	0.031	51.0	neutral	0.219
abcdefghij	11230	11329	100	28.6	32.7	0.229	55.0	neutral	0.194
abcdefghij	11330	11429	100	31.0	26.5	-0.452	54.0	del	-0.225
abcdefghij	11430	11529	100	31.5	28.1	-0.363	42.0	del	-0.165
abcdefghij	11530	11629	100	31.6	27.3	-0.408	42.0	del	-0.21
abcdefghij	11630	11729	100	28.6	22.5	-0.636	52.0	del	-0.341
abcdefghij	11730	11829	100	33.7	27.3	-0.211	46.0	neutral	-0.303
abcdefghij	11830	11929	100	36.1	29.0	-0.344	63.0	del	-0.317
abcdefghij	11930	12029	100	25.7	25.8	-0.180	51.0	neutral	0.008
abcdefghij	12030	12129	100	29.4	30.8	-0.073	53.0	neutral	0.067
abcdefghij	12130	12229	100	23.5	28.7	0.626	57.0	amp	0.286
abcdefghij	12230	12329	100	24.3	30.8	0.050	52.0	neutral	0.345
abcdefghij	12330	12429	100	26.8	29.0	0.128	39.0	neutral	0.111
abcdefghij	12430	12529	100	26.0	27.5	-0.148	54.0	neutral	0.079
abcdefghij	12530	12629	100	31.5	31.4	0.243	50.0	neutral	-0.005
abcdefghij	12630	12729	100	28.0	28.1	0.098	46.0	neutral	0.006
abcdefghij	12730	12829	100	30.9	26.1	-0.431	51.0	del	-0.243
abcdefghij	12830	12929	100	26.3	29.3	0.016	53.0	neutral	0.156
abcdefghij	12930	13029	100	30.0	31.5	-0.127	49.0	neutral	0.072
abcdefghij	13030	13129	100	26.3	27.3	0.039	61.0	neutral	0.056
abcdefghij	13130	13229	100	30.9	29.8	-0.256	60.0	del	-0.056
abcdefghij	13230	13329	100	36.3	31.1	0.119	57.0	neutral	-0.221
abcdefghij	13330	13429	100	27.4	28.0	-0.109	53.0	neutral	0.031
abcdefghij	13430	13529	100	31.3	31.3	-0.190	51.0	neutral	-0.002
abcdefghij	13530	13629	100	23.1	28.3	0.152	53.0	neutral	0.292
abcdefghij	13630	13729	100	30.6	28.6	-0.295	42.0	del	-0.097
abcdefghij	13730	13829	100	32.8	21.1	-0.977	48.0	del	-0.637
abcdefghij	13830	13929	100	29.1	25.9	-0.075	46.0	neutral	-0.167
abcdefghij	13930	14029	100	32.0	24.1	-0.532	47.0	del	-0.407
abcdefghij	14030	14129	100	21.8	33.2	0.470	53.0	amp	0.61
abcdefghij	14130	14229	100	22.0	30.5	0.129	48.0	neutral	0.469
abcdefghij	14230	14329	100	22.2	33.5	0.936	57.0	amp	0.596
abcdefghij	14330	14429	100	21.7	29.4	0.146	52.0	neutral	0.441
abcdefghij	14430	14529	100	25.5	31.6	0.172	53.0	neutral	0.312
abcdefghij	14530	14629	100	28.5	23.1	-0.053	50.0	neutral	-0.301
abcdefghij	14630	14729	100	28.8	31.5	-0.011	53.0	neutral	0.129
abcdefghij	14730	14829	100	38.8	24.8	-0.303	57.0	del	-0.643
abcdefghij	14830	14929	100	27.1	28.0	0.138	46.0	neutral	0.046
abcdefghij	14930	15029	100	28.9	28.2	-0.376	48.0	del	-0.036
abcdefghij	15030	15129	100	31.2	30.0	-0.320	44.0	del	-0.055
abcdefghij	15130	15229	100	22.6	27.9	0.647	57.0	amp	0.307
abcdefghij	15230	15329	100	30.1	30.2	0.254	50.0	amp	0.006
abcdefghij	15430	15529	100	30.0	29.2	-0.237	49.0	neutral	-0.038
abcdefghij	15530	15629	100	26.8	29.2	-0.018	53.0	neutral	0.122
abcdefghij	15630	15729	100	27.6	28.8	-0.127	51.0	neutral	0.061
abcdefghij	15730	15829	100	21.6	21.2	-0.170	53.0	neutral	-0.03
abcdefghij	15830	15929	100	21.5	24.5	0.063	47.0	neutral	0.188
abcdefghij	16130	16229	100	22.1	26.5	0.039	54.0	neutral	0.266
abcdefghij	16230	16329	100	24.6	26.1	-0.042	47.0	neutral	0.083
abcdefghij	16330	16429	100	26.0	34.5	0.557	41.0	amp	0.412
abcdefghij	16430	16472	43	25.0	30.8	0.315	39.5	amp	0.298
abcdefghij	18898	18915	18	30.6	15.5	-0.734	50.0	del	-0.982
abcdefghij	21344	21416	73	32.9	15.5	-0.750	57.5	del	-1.09
abcdefghij	21534	21561	28	25.6	22.5	0.061	50.0	neutral	-0.187
abcdefghij	22066	22157	92	31.6	14.7	-1.293	51.1	del	-1.105
abcdefghij	23088	23121	34	24.8	12.1	-0.344	32.4	del	-1.04
abcdefghij	23558	23610	53	24.9	11.9	-0.861	45.3	del	-1.064
abcdefghij	24747	24846	100	27.4	13.1	-0.725	57.0	del	-1.065
abcdefghij	24847	24882	36	28.0	13.4	-1.087	58.3	del	-1.066
abcdefghij	25131	25146	16	32.8	19.6	-0.541	56.2	del	-0.743
abcdefghij	26360	26370	11	26.7	14.2	-0.344	18.2	del	-0.914
abcdefghij	26831	26911	81	36.5	13.3	-1.679	54.3	del	-1.452
abcdefghij	27053	27064	12	30.2	23.2	-0.231	41.7	neutral	-0.376
abcdefghij	27183	27206	24	33.8	11.8	-1.278	50.0	del	-1.526
abcdefghij	27729	27764	36	29.1	11.2	-1.502	47.2	del	-1.377
abcdefghij	29734	29766	33	25.5	16.5	-0.288	57.6	del	-0.628
abcdefghij	30948	30980	33	35.1	18.3	-0.598	57.6	del	-0.938
abcdefghij	31865	31890	26	25.5	10.6	-0.799	38.5	del	-1.27
abcdefghij	32534	32592	59	34.2	12.5	-1.253	45.8	del	-1.456
abcdefghij	33539	33573	35	29.2	14.9	-0.631	57.1	del	-0.971
abcdefghij	33857	33956	100	21.7	14.1	-0.481	41.0	del	-0.626
abcdefghij	33957	33978	22	21.9	17.0	-0.159	45.5	neutral	-0.362
abcdefghij	37481	37491	11	26.1	18.2	-0.197	36.4	neutral	-0.521
abcdefghij	40405	40465	61	32.9	12.1	-1.646	49.2	del	-1.447
abcdefghij	41241	41273	33	38.2	11.7	-1.365	57.6	del	-1.705
abcdefghij	41613	41665	53	25.9	11.3	-1.214	58.5	del	-1.193
abcdefghij	43452	43467	16	30.6	21.8	-0.834	43.8	del	-0.49
abcdefghij	43890	43899	10	33.7	10.5	-0.344	80.0	del	-1.682
abcdefghij	46757	46845	89	28.7	10.3	-1.437	55.1	del	-1.472
abcdefghij	47241	47251	11	26.7	22.5	-0.344	72.7	del	-0.245
abcdefghij	47315	47352	38	33.8	15.6	-0.344	73.7	del	-1.118
abcdefghij	48741	48761	21	24.5	15.3	-0.692	61.9	del	-0.675
abcdefghij	50482	50501	20	24.1	13.1	-0.344	65.0	del	-0.882
abcdefghij	50891	50900	10	35.9	20.9	-0.980	60.0	del	-0.78
abcdefghij	51155	51199	45	29.8	11.6	-1.634	44.4	del	-1.369
abcdefghij	51373	51408	36	20.8	12.3	-1.058	52.8	del	-0.763
abcdefghij	51869	51895	27	35.6	18.0	-0.344	33.3	del	-0.981
abcdefghij	52572	52612	41	28.3	15.9	-0.976	53.7	del	-0.836
abcdefghij	52788	52842	55	35.0	12.9	-1.197	50.9	del	-1.445
abcdefghij	58417	58493	77	23.3	15.3	-0.515	46.8	del	-0.607
abcdefghij	58945	58962	18	28.3	18.6	-0.332	66.7	del	-0.608
abcdefghij	60709	60730	22	31.5	17.6	-0.638	45.5	del	-0.841
abcdefghij	61373	61454	82	29.2	19.7	-0.317	50.0	del	-0.565
abcdefghij	62000	62023	24	28.8	12.3	-0.977	50.0	del	-1.225
abcdefghij	62276	62304	29	33.8	23.1	-0.407	41.4	del	-0.552
abcdefghij	62755	62774	20	38.7	25.5	-0.799	60.0	del	-0.599
abcdefghij	63088	63097	10	28.9	19.6	-0.178	30.0	neutral	-0.56
abcdefghij	63743	63778	36	20.3	17.5	-0.340	47.2	del	-0.215
abcdefghij	64367	64386	20	28.0	19.0	-0.314	50.0	del	-0.562
abcdefghij	64810	64839	30	27.5	11.8	-1.020	56.7	del	-1.222
abcdefghij	65482	65506	25	27.1	15.4	-0.492	36.0	del	-0.816
abcdefghij	66242	66270	29	26.1	10.8	-1.239	55.2	del	-1.274
abcdefghij	66343	66377	35	31.3	10.3	-1.796	51.4	del	-1.608
abcdefghij	67609	67652	44	28.3	13.6	-0.850	45.5	del	-1.053
abcdefghij	68660	68688	29	41.3	25.9	-0.638	55.2	del	-0.673
abcdefghij	69165	69222	58	31.7	10.1	-1.635	39.7	del	-1.652
abcdefghij	71333	71373	41	27.3	16.3	-0.881	53.7	del	-0.741
abcdefghij	71460	71528	69	31.6	13.8	-1.401	49.3	del	-1.202
abcdefghij	73941	74020	80	40.8	11.9	-1.532	50.0	del	-1.78
abcdefghij	74363	74391	29	20.8	16.7	-0.657	48.3	del	-0.317
abcdefghij	74891	74990	100	24.4	16.8	-0.474	40.0	del	-0.534
abcdefghij	74991	75000	10	28.2	15.2	-0.510	30.0	del	-0.892
abcdefghij	75071	75090	20	34.0	15.5	-0.932	45.0	del	-1.135
abcdefghij	76303	76320	18	28.8	18.6	-0.357	66.7	del	-0.633
abcdefghij	76470	76507	38	24.5	10.8	-0.838	57.9	del	-1.178
abcdefghij	79646	79678	33	32.9	14.8	-0.949	45.5	del	-1.152
abcdefghij	80078	80091	14	29.7	18.7	-0.045	35.7	neutral	-0.667
abcdefghij	82673	82721	49	33.3	15.1	-1.084	40.8	del	-1.144
abcdefghij	83298	83357	60	35.5	15.3	-1.066	41.7	del	-1.211
abcdefghij	85187	85231	45	33.4	12.9	-1.038	57.8	del	-1.378
abcdefghij	87436	87486	51	25.2	12.6	-1.297	52.9	del	-1.002
abcdefghij	89449	89498	50	30.7	11.2	-1.256	56.0	del	-1.458
abcdefghij	90579	90591	13	32.2	10.5	-1.749	53.8	del	-1.609
abcdefghij	92473	92556	84	30.7	14.1	-1.422	52.4	del	-1.127
abcdefghij	92641	92687	47	32.4	18.0	-0.506	57.4	del	-0.846
abcdefghij	92839	92874	36	29.9	20.2	-0.687	47.2	del	-0.562
abcdefghij	94362	94374	13	25.7	20.0	0.110	38.5	neutral	-0.361
abcdefghij	96705	96734	30	28.0	20.9	-0.334	46.7	del	-0.426
abcdefghij	98635	98707	73	32.5	12.1	-1.569	53.4	del	-1.429
abcdefghij	102628	102637	10	33.0	13.3	-1.063	50.0	del	-1.311
abcdefghij	102962	102981	20	32.4	13.8	-1.028	45.0	del	-1.231
abcdefghij	103168	103212	45	40.7	10.5	-1.860	46.7	del	-1.952
abcdefghij	103664	103678	15	27.6	12.1	-1.094	46.7	del	-1.186
abcdefghij	105057	105088	32	31.0	18.5	-0.652	46.9	del	-0.744
abcdefghij	105586	105598	13	28.8	18.7	-0.766	53.8	del	-0.626
abcdefghij	105675	105695	21	21.2	14.0	-0.723	47.6	del	-0.598
abcdefghij	106786	106805	20	33.0	13.8	-0.643	35.0	del	-1.265
abcdefghij	108322	108396	75	36.6	13.0	-1.148	57.3	del	-1.488
abcdefghij	108725	108751	27	20.3	21.3	0.127	40.7	neutral	0.067
abcdefghij	108949	108972	24	26.7	13.2	-0.813	45.8	del	-1.016
abcdefghij	109232	109323	92	37.8	16.3	-0.963	50.0	del	-1.211
abcdefghij	110049	110117	69	25.7	10.0	-1.158	56.5	del	-1.36
