chrom	chr_start	chr_stop	num_positions	normal_depth	tumor_depth	adjusted_log_ratio	gc_content	region_call	raw_ratio
abcdefghij	272	371	100	30.0	32.7	-0.128	56.0	neutral	0.125
abcdefghij	372	471	100	31.8	31.5	0.042	55.0	neutral	-0.011
abcdefghij	472	571	100	28.1	28.6	0.060	45.0	neutral	0.021
abcdefghij	572	671	100	31.0	31.0	-0.120	59.0	neutral	-0.003
abcdefghij	672	771	100	26.1	26.5	-0.230	56.0	neutral	0.023
abcdefghij	772	871	100	25.4	28.9	-0.011	51.0	neutral	0.188
abcdefghij	872	971	100	34.3	29.2	0.080	44.0	neutral	-0.232
abcdefghij	972	1071	100	29.8	27.4	-0.201	58.0	neutral	-0.119
abcdefghij	1072	1171	100	30.6	29.6	-0.033	40.0	neutral	-0.048
abcdefghij	1172	1271	100	35.1	27.6	-0.399	46.0	del	-0.345
abcdefghij	1272	1371	100	30.1	27.6	0.075	54.0	neutral	-0.124
abcdefghij	1372	1471	100	26.8	22.8	-0.038	54.0	neutral	-0.237
abcdefghij	1472	1571	100	33.1	26.2	-0.586	47.0	del	-0.337
abcdefghij	1572	1671	100	26.4	25.9	-0.282	56.0	del	-0.029
abcdefghij	1672	1771	100	26.3	24.6	-0.054	45.0	neutral	-0.093
abcdefghij	1772	1871	100	22.0	26.7	0.030	47.0	neutral	0.279
abcdefghij	1872	1971	100	23.9	21.1	-0.320	48.0	del	-0.183
abcdefghij	1972	2071	100	24.9	24.5	0.176	54.0	neutral	-0.023
abcdefghij	2072	2171	100	24.9	18.6	-0.680	52.0	del	-0.418
abcdefghij	2172	2271	100	24.1	22.1	-0.181	46.0	neutral	-0.127
abcdefghij	2272	2371	100	29.5	18.4	-0.006	60.0	neutral	-0.687
abcdefghij	2372	2471	100	36.7	27.3	-0.418	41.0	del	-0.426
abcdefghij	2472	2571	100	32.5	27.1	-0.400	48.0	del	-0.263
abcdefghij	2572	2671	100	32.6	30.5	-0.439	49.0	del	-0.097
abcdefghij	2672	2764	93	30.7	25.8	-0.315	63.4	del	-0.246
abcdefghij	2765	2864	100	23.9	31.6	0.066	49.0	neutral	0.408
abcdefghij	2865	2964	100	32.6	23.1	-0.298	50.0	del	-0.497
abcdefghij	2965	3064	100	35.0	23.4	-0.779	51.0	del	-0.58
abcdefghij	3065	3164	100	32.4	31.1	0.057	53.0	neutral	-0.06
abcdefghij	3165	3264	100	38.9	28.6	-0.526	58.0	del	-0.444
abcdefghij	3265	3364	100	28.9	32.3	-0.100	52.0	neutral	0.162
abcdefghij	3365	3464	100	32.8	33.2	0.033	40.0	neutral	0.018
abcdefghij	3465	3564	100	29.5	25.1	-0.366	48.0	del	-0.229
abcdefghij	3565	3664	100	29.1	32.8	0.035	48.0	neutral	0.172
abcdefghij	3665	3764	100	24.6	28.1	-0.005	51.0	neutral	0.194
abcdefghij	3765	3864	100	21.4	35.1	0.372	49.0	amp	0.714
abcdefghij	3865	3964	100	25.7	35.4	0.578	53.0	amp	0.461
abcdefghij	3965	4064	100	26.5	34.0	0.219	48.0	neutral	0.356
abcdefghij	4065	4164	100	21.5	27.0	0.212	59.0	neutral	0.329
abcdefghij	4165	4264	100	35.6	28.2	-0.327	41.0	del	-0.335
abcdefghij	4265	4336	72	30.5	24.2	-0.588	56.9	del	-0.335
abcdefghij	4337	4436	100	23.4	30.8	0.339	46.0	amp	0.393
abcdefghij	4437	4536	100	30.0	27.8	-0.450	49.0	del	-0.108
abcdefghij	4537	4636	100	21.7	33.7	0.496	48.0	amp	0.633
abcdefghij	4637	4736	100	29.9	34.3	-0.063	52.0	neutral	0.199
abcdefghij	4737	4836	100	33.0	33.2	0.124	53.0	neutral	0.007
abcdefghij	4837	4936	100	35.7	30.5	-0.490	52.0	del	-0.228
abcdefghij	4937	5036	100	35.2	26.1	-0.230	54.0	neutral	-0.429
abcdefghij	5037	5136	100	33.7	27.2	-0.194	53.0	neutral	-0.311
abcdefghij	5137	5236	100	27.3	27.2	-0.347	49.0	del	-0.005
abcdefghij	5237	5336	100	37.6	30.5	-0.554	56.0	del	-0.301
abcdefghij	5337	5436	100	29.7	32.8	-0.104	47.0	neutral	0.145
abcdefghij	5437	5536	100	30.9	27.9	-0.346	51.0	del	-0.147
abcdefghij	5537	5636	100	30.1	24.0	-0.289	45.0	del	-0.328
abcdefghij	5637	5736	100	25.0	19.7	-0.139	50.0	neutral	-0.338
abcdefghij	5737	5836	100	24.9	25.3	-0.225	47.0	neutral	0.024
abcdefghij	5837	5936	100	23.1	27.1	-0.029	52.0	neutral	0.233
abcdefghij	5937	6036	100	29.7	30.8	0.168	53.0	neutral	0.051
abcdefghij	6037	6136	100	26.2	34.1	0.497	53.0	amp	0.38
abcdefghij	6137	6236	100	32.6	24.7	-0.665	52.0	del	-0.403
abcdefghij	6237	6336	100	23.8	25.8	0.228	53.0	neutral	0.111
abcdefghij	6337	6436	100	23.4	25.7	0.337	50.0	amp	0.138
abcdefghij	6437	6536	100	23.7	26.8	-0.083	52.0	neutral	0.179
abcdefghij	6537	6636	100	25.1	25.8	0.239	54.0	neutral	0.04
abcdefghij	6637	6736	100	27.5	27.2	-0.094	58.0	neutral	-0.012
abcdefghij	6737	6836	100	34.3	25.1	-0.647	51.0	del	-0.448
abcdefghij	6837	6936	100	32.8	31.4	-0.145	58.0	neutral	-0.063
abcdefghij	6937	7036	100	32.4	31.3	0.005	55.0	neutral	-0.048
abcdefghij	7037	7136	100	27.7	33.5	0.013	52.0	neutral	0.275
abcdefghij	7137	7236	100	31.3	29.7	-0.195	59.0	neutral	-0.078
abcdefghij	7237	7336	100	22.6	21.3	0.116	50.0	neutral	-0.083
abcdefghij	7337	7436	100	28.0	25.3	-0.202	46.0	neutral	-0.148
abcdefghij	7437	7536	100	22.9	21.4	-0.152	46.0	neutral	-0.098
abcdefghij	7537	7636	100	23.2	22.1	-0.032	45.0	neutral	-0.071
abcdefghij	7637	7736	100	29.7	27.5	0.203	44.0	neutral	-0.109
abcdefghij	7737	7836	100	32.5	24.2	-0.001	42.0	neutral	-0.43
abcdefghij	7837	7936	100	40.6	26.4	-0.822	51.0	del	-0.623
abcdefghij	7937	8036	100	43.6	33.0	-0.363	45.0	del	-0.402
abcdefghij	8037	8136	100	39.8	36.5	-0.466	49.0	del	-0.124
abcdefghij	8137	8236	100	39.0	25.9	-0.856	52.0	del	-0.594
abcdefghij	8237	8336	100	29.0	39.2	0.172	52.0	neutral	0.434
abcdefghij	8337	8436	100	36.1	26.9	-0.561	48.0	del	-0.424
abcdefghij	8437	8536	100	26.2	28.5	0.319	50.0	amp	0.12
abcdefghij	8537	8636	100	33.5	29.2	-0.312	57.0	del	-0.196
abcdefghij	8637	8736	100	23.3	28.9	-0.033	49.0	neutral	0.309
abcdefghij	8737	8836	100	25.5	35.0	0.205	56.0	neutral	0.458
abcdefghij	8837	8936	100	30.1	25.1	-0.603	49.0	del	-0.261
abcdefghij	8937	9036	100	27.0	27.5	0.139	53.0	neutral	0.022
abcdefghij	9037	9136	100	30.5	24.6	-0.390	58.0	del	-0.308
abcdefghij	9137	9236	100	28.1	26.6	0.038	53.0	neutral	-0.079
abcdefghij	9237	9336	100	22.4	30.0	0.227	51.0	neutral	0.426
abcdefghij	9337	9436	100	24.7	31.4	0.006	49.0	neutral	0.348
abcdefghij	9437	9536	100	21.0	33.8	0.439	47.0	amp	0.688
abcdefghij	9537	9636	100	25.7	35.6	0.128	49.0	neutral	0.47
abcdefghij	9637	9736	100	25.0	33.8	0.175	52.0	neutral	0.437
abcdefghij	9737	9836	100	28.1	31.4	-0.098	52.0	neutral	0.164
abcdefghij	9837	9936	100	29.6	31.0	-0.275	49.0	del	0.067
abcdefghij	9937	10036	100	30.1	32.5	-0.229	49.0	neutral	0.113
abcdefghij	10037	10136	100	32.1	27.8	-0.407	51.0	del	-0.208
abcdefghij	10137	10236	100	26.2	36.0	0.192	52.0	neutral	0.454
abcdefghij	10237	10336	100	31.1	35.8	0.002	51.0	neutral	0.201
abcdefghij	10337	10436	100	25.5	31.2	0.492	50.0	amp	0.293
abcdefghij	10437	10536	100	24.1	39.5	0.450	52.0	amp	0.712
abcdefghij	10537	10636	100	29.2	27.1	0.206	44.0	neutral	-0.106
abcdefghij	10637	10736	100	25.4	36.4	0.384	48.0	amp	0.521
abcdefghij	10737	10836	100	29.6	34.0	0.254	55.0	amp	0.201
abcdefghij	10837	10936	100	32.4	35.6	-0.005	48.0	neutral	0.132
abcdefghij	10937	11036	100	20.7	32.6	0.540	57.0	amp	0.656
abcdefghij	11037	11136	100	27.1	30.3	-0.181	49.0	neutral	0.161
abcdefghij	11137	11236	100	25.7	24.7	-0.398	49.0	del	-0.056
abcdefghij	11237	11336	100	28.6	33.0	-0.048	56.0	neutral	0.205
abcdefghij	11337	11436	100	31.6	28.8	0.063	54.0	neutral	-0.136
abcdefghij	11437	11536	100	31.0	28.8	0.368	39.0	amp	-0.108
abcdefghij	11537	11636	100	31.8	32.8	0.086	45.0	neutral	0.047
abcdefghij	11637	11736	100	28.5	34.2	0.059	51.0	neutral	0.258
abcdefghij	11737	11836	100	34.0	38.4	0.216	45.0	neutral	0.177
abcdefghij	11837	11936	100	35.7	31.3	-0.315	67.0	del	-0.187
abcdefghij	11937	12036	100	25.6	37.0	0.480	46.0	amp	0.534
abcdefghij	12037	12136	100	29.2	30.4	0.108	55.0	neutral	0.055
abcdefghij	12137	12236	100	23.5	26.6	0.098	58.0	neutral	0.18
abcdefghij	12237	12336	100	24.0	29.9	0.116	51.0	neutral	0.315
abcdefghij	12337	12436	100	27.3	31.9	-0.097	38.0	neutral	0.222
abcdefghij	12437	12536	100	25.9	31.5	0.025	56.0	neutral	0.278
abcdefghij	12537	12636	100	31.5	34.2	-0.222	49.0	neutral	0.12
abcdefghij	12637	12736	100	28.1	34.8	0.171	48.0	neutral	0.308
abcdefghij	12737	12836	100	30.6	29.6	-0.309	52.0	del	-0.047
abcdefghij	12837	12936	100	26.8	27.8	-0.289	49.0	del	0.053
abcdefghij	12937	13036	100	29.3	24.8	-0.443	51.0	del	-0.244
abcdefghij	13037	13136	100	26.9	27.8	0.079	62.0	neutral	0.046
abcdefghij	13137	13236	100	30.8	24.2	-0.429	58.0	del	-0.347
abcdefghij	13237	13336	100	36.3	26.1	-0.556	58.0	del	-0.474
abcdefghij	13337	13436	100	27.4	22.4	-0.172	53.0	neutral	-0.289
abcdefghij	13437	13536	100	31.1	23.1	-0.691	52.0	del	-0.429
abcdefghij	13537	13636	100	22.9	25.9	-0.162	49.0	neutral	0.18
abcdefghij	13637	13736	100	31.4	25.9	-0.077	43.0	neutral	-0.281
abcdefghij	13737	13836	100	32.5	27.0	-0.606	49.0	del	-0.264
abcdefghij	13837	13936	100	29.1	30.0	0.357	44.0	amp	0.045
abcdefghij	13937	14036	100	32.0	33.6	-0.271	49.0	del	0.071
abcdefghij	14037	14136	100	20.8	28.5	0.192	52.0	neutral	0.454
abcdefghij	14137	14236	100	22.6	30.6	0.173	52.0	neutral	0.435
abcdefghij	14237	14336	100	21.7	26.2	0.071	51.0	neutral	0.27
abcdefghij	14337	14436	100	22.3	22.7	0.078	55.0	neutral	0.025
abcdefghij	14437	14536	100	25.2	20.2	-0.201	53.0	neutral	-0.318
abcdefghij	14537	14636	100	28.9	19.2	-0.723	48.0	del	-0.586
abcdefghij	14637	14736	100	29.1	24.9	-0.304	58.0	del	-0.222
abcdefghij	14737	14836	100	39.0	25.8	-0.481	53.0	del	-0.598
abcdefghij	14837	14936	100	26.2	31.7	0.025	47.0	neutral	0.274
abcdefghij	14937	15036	100	29.7	34.8	0.174	46.0	neutral	0.228
abcdefghij	15037	15136	100	30.3	40.7	0.174	47.0	neutral	0.423
abcdefghij	15137	15236	100	23.1	36.6	0.584	58.0	amp	0.666
abcdefghij	15237	15336	100	29.6	42.4	0.718	50.0	amp	0.519
abcdefghij	15437	15536	100	30.2	29.0	-0.195	48.0	neutral	-0.058
abcdefghij	15537	15636	100	26.6	31.2	-0.034	52.0	neutral	0.228
abcdefghij	15637	15736	100	27.8	26.2	-0.284	51.0	del	-0.085
abcdefghij	15737	15836	100	21.0	26.6	0.090	56.0	neutral	0.343
abcdefghij	15837	15936	100	21.9	30.5	0.795	44.0	amp	0.483
abcdefghij	16137	16236	100	22.2	25.9	0.273	55.0	amp	0.22
abcdefghij	16237	16336	100	24.6	26.0	-0.171	47.0	neutral	0.078
abcdefghij	16337	16436	100	26.1	31.8	0.709	42.0	amp	0.28
abcdefghij	16437	16536	100	27.7	27.3	0.407	42.0	amp	-0.022
abcdefghij	16537	16636	100	28.1	24.9	-0.420	47.0	del	-0.171
abcdefghij	16637	16736	100	26.6	26.6	-0.253	56.0	del	0.0
abcdefghij	16737	16836	100	28.7	25.7	-0.355	51.0	del	-0.156
abcdefghij	16837	16936	100	28.1	30.3	-0.011	59.0	neutral	0.106
abcdefghij	16937	17036	100	31.0	31.2	0.209	50.0	neutral	0.01
abcdefghij	17037	17136	100	31.3	27.5	-0.237	46.0	neutral	-0.183
abcdefghij	17137	17236	100	30.6	25.4	-0.518	47.0	del	-0.269
abcdefghij	17237	17336	100	30.7	30.8	0.204	50.0	neutral	0.005
abcdefghij	17337	17436	100	28.4	26.3	-0.069	45.0	neutral	-0.108
abcdefghij	17437	17536	100	24.0	31.5	0.130	52.0	neutral	0.392
abcdefghij	17537	17636	100	28.6	26.3	-0.237	57.0	neutral	-0.121
abcdefghij	17637	17736	100	27.6	30.9	-0.181	49.0	neutral	0.161
abcdefghij	17737	17836	100	28.0	26.7	-0.406	49.0	del	-0.064
abcdefghij	17837	17936	100	31.7	29.5	-0.447	49.0	del	-0.105
abcdefghij	17937	18036	100	26.4	30.2	0.058	48.0	neutral	0.195
abcdefghij	18037	18136	100	32.0	32.0	-0.252	47.0	del	-0.003
abcdefghij	18137	18236	100	30.5	35.6	-0.096	38.0	neutral	0.223
abcdefghij	18237	18336	100	29.0	34.3	-0.008	47.0	neutral	0.241
abcdefghij	18337	18436	100	27.9	31.0	0.165	40.0	neutral	0.15
abcdefghij	18437	18536	100	35.0	25.9	-0.571	48.0	del	-0.434
abcdefghij	18537	18636	100	26.5	27.4	-0.089	48.0	neutral	0.048
abcdefghij	18637	18736	100	30.5	28.2	-0.363	56.0	del	-0.11
abcdefghij	18737	18836	100	25.2	33.4	0.415	41.0	amp	0.407
abcdefghij	18837	18936	100	28.0	35.1	0.531	43.0	amp	0.327
abcdefghij	18937	19036	100	21.2	29.1	0.197	52.0	neutral	0.459
abcdefghij	19037	19136	100	31.2	33.7	0.421	44.0	amp	0.109
abcdefghij	19137	19236	100	25.9	31.0	0.313	55.0	amp	0.26
abcdefghij	19237	19332	96	39.4	34.1	-0.169	45.8	neutral	-0.208
abcdefghij	19640	19722	83	24.6	13.5	-1.117	47.0	del	-0.868
abcdefghij	19840	19858	19	32.6	19.5	-0.988	47.4	del	-0.739
abcdefghij	20273	20311	39	32.8	13.9	-0.854	64.1	del	-1.242
abcdefghij	20490	20510	21	21.1	13.0	-0.969	52.4	del	-0.707
abcdefghij	21931	21950	20	33.7	14.4	-0.541	60.0	del	-1.222
abcdefghij	22152	22203	52	33.0	11.5	-1.317	50.0	del	-1.516
abcdefghij	22298	22327	30	32.3	19.8	-0.593	53.3	del	-0.71
abcdefghij	22571	22613	43	29.1	18.7	-0.325	44.2	del	-0.637
abcdefghij	22827	22891	65	36.2	11.0	-0.315	61.5	del	-1.715
abcdefghij	22892	22940	49	24.6	10.6	-1.410	51.0	del	-1.211
abcdefghij	24103	24179	77	25.9	13.7	-1.262	49.4	del	-0.92
abcdefghij	24549	24575	27	27.5	18.5	-0.315	37.0	del	-0.571
abcdefghij	25348	25418	71	35.2	18.5	-0.808	53.5	del	-0.925
abcdefghij	26146	26155	10	25.4	25.2	0.004	40.0	neutral	-0.011
abcdefghij	29920	29980	61	24.5	14.6	-0.864	59.0	del	-0.747
abcdefghij	31166	31215	50	27.7	18.3	-0.560	62.0	del	-0.593
abcdefghij	33791	33833	43	31.3	13.4	-0.541	60.5	del	-1.222
abcdefghij	34653	34662	10	34.1	10.4	-1.032	60.0	del	-1.713
abcdefghij	36071	36169	99	26.7	16.0	-0.993	47.5	del	-0.744
abcdefghij	36578	36603	26	25.8	13.7	-0.962	46.2	del	-0.908
abcdefghij	37152	37178	27	30.0	14.5	-1.034	40.7	del	-1.049
abcdefghij	39109	39138	30	24.4	12.8	-1.180	56.7	del	-0.927
abcdefghij	40628	40643	16	24.8	20.1	-0.104	50.0	neutral	-0.303
abcdefghij	42054	42067	14	22.1	19.7	0.225	64.3	neutral	-0.163
abcdefghij	43415	43438	24	27.7	24.7	-0.129	45.8	neutral	-0.168
abcdefghij	44220	44261	42	34.7	16.3	-0.893	54.8	del	-1.092
abcdefghij	44556	44595	40	31.5	18.2	-1.056	52.5	del	-0.794
abcdefghij	47770	47786	17	24.9	18.1	-0.548	58.8	del	-0.466
abcdefghij	47886	47907	22	26.2	18.5	-0.482	40.9	del	-0.497
abcdefghij	48872	48899	28	26.7	18.4	-0.588	46.4	del	-0.534
abcdefghij	49168	49183	16	28.4	25.7	0.057	43.8	neutral	-0.147
abcdefghij	52060	52095	36	32.6	12.2	-1.098	44.4	del	-1.41
abcdefghij	52324	52400	77	23.5	10.1	-0.785	42.9	del	-1.214
abcdefghij	52798	52897	100	32.8	12.6	-1.181	50.0	del	-1.38
abcdefghij	53364	53417	54	41.7	15.7	-1.290	53.7	del	-1.407
abcdefghij	53904	53951	48	30.7	18.8	-0.507	54.2	del	-0.706
abcdefghij	54884	54983	100	34.1	10.8	-1.457	50.0	del	-1.656
abcdefghij	54984	55042	59	30.7	10.3	-1.371	50.8	del	-1.57
abcdefghij	56340	56354	15	30.1	20.7	-0.595	46.7	del	-0.541
abcdefghij	56565	56587	23	36.1	15.1	-1.056	43.5	del	-1.26
abcdefghij	57059	57076	18	28.9	12.7	-0.880	44.4	del	-1.192
abcdefghij	57199	57247	49	24.4	11.6	-0.767	44.9	del	-1.079
abcdefghij	57387	57431	45	31.9	12.3	-0.315	35.6	del	-1.377
abcdefghij	57432	57463	32	23.8	16.9	-0.462	62.5	del	-0.495
abcdefghij	57842	57858	17	35.1	15.5	-1.265	58.8	del	-1.183
abcdefghij	57940	57962	23	37.1	13.3	-0.998	39.1	del	-1.474
abcdefghij	59810	59842	33	39.0	11.3	-0.315	30.3	del	-1.783
abcdefghij	60267	60325	59	28.6	14.1	-0.823	50.8	del	-1.022
abcdefghij	62603	62617	15	25.5	12.3	-0.941	53.3	del	-1.058
abcdefghij	63491	63551	61	21.0	14.6	-0.865	49.2	del	-0.523
abcdefghij	64926	64953	28	32.4	16.4	-0.870	53.6	del	-0.987
abcdefghij	64954	65000	47	37.9	11.2	-1.708	55.3	del	-1.761
abcdefghij	66092	66128	37	21.7	13.3	-0.842	48.6	del	-0.705
abcdefghij	66775	66866	92	27.8	11.3	-0.986	44.6	del	-1.298
abcdefghij	67255	67280	26	25.3	24.2	-0.186	57.7	neutral	-0.07
abcdefghij	72399	72456	58	26.9	18.6	-0.788	56.9	del	-0.535
abcdefghij	73964	73989	26	42.1	17.5	-1.379	57.7	del	-1.263
abcdefghij	74355	74384	30	21.1	11.6	-0.852	40.0	del	-0.867
abcdefghij	74483	74554	72	24.7	14.2	-0.911	59.7	del	-0.794
abcdefghij	75202	75219	18	48.4	11.9	-1.706	44.4	del	-2.018
abcdefghij	75878	75948	71	32.1	12.8	-1.282	45.1	del	-1.321
abcdefghij	76187	76214	28	33.5	20.1	-0.618	53.6	del	-0.735
abcdefghij	79687	79784	98	28.2	10.7	-1.456	46.9	del	-1.402
abcdefghij	80054	80075	22	24.3	12.3	-0.780	50.0	del	-0.979
abcdefghij	81242	81253	12	31.1	16.2	-0.928	41.7	del	-0.936
abcdefghij	81926	81980	55	36.2	15.0	-0.315	36.4	del	-1.273
abcdefghij	83407	83506	100	37.4	11.9	-1.217	42.0	del	-1.646
abcdefghij	83775	83803	29	30.0	13.1	-1.330	48.3	del	-1.193
abcdefghij	84123	84132	10	27.1	31.6	0.903	60.0	amp	0.222
abcdefghij	84295	84333	39	30.3	22.5	-0.751	38.5	del	-0.432
abcdefghij	84589	84624	36	20.1	14.2	-0.442	55.6	del	-0.495
abcdefghij	84702	84800	99	32.7	10.7	-1.411	54.5	del	-1.61
abcdefghij	87409	87420	12	31.2	14.4	-0.677	33.3	del	-1.112
abcdefghij	88750	88769	20	28.0	11.0	-0.669	60.0	del	-1.35
abcdefghij	89246	89305	60	22.6	16.2	-0.438	45.0	del	-0.477
abcdefghij	89730	89753	24	34.4	21.7	-0.230	33.3	neutral	-0.665
abcdefghij	91039	91079	41	30.6	13.0	-1.028	43.9	del	-1.232
abcdefghij	91229	91286	58	30.9	22.7	-0.136	44.8	neutral	-0.448
abcdefghij	91287	91330	44	34.3	10.8	-1.629	45.5	del	-1.668
abcdefghij	92347	92374	28	34.5	12.8	-0.999	42.9	del	-1.428
abcdefghij	92375	92417	43	34.0	28.0	-0.419	48.8	del	-0.282
abcdefghij	92689	92735	47	34.4	12.6	-1.398	55.3	del	-1.451
abcdefghij	94307	94328	22	28.0	15.9	-0.617	54.5	del	-0.816
abcdefghij	95113	95150	38	31.3	17.0	-0.572	44.7	del	-0.884
abcdefghij	97502	97554	53	33.8	19.8	-1.035	52.8	del	-0.773
abcdefghij	97832	97849	18	31.6	22.8	-0.271	50.0	del	-0.47
abcdefghij	98450	98469	20	27.5	10.4	-0.315	70.0	del	-1.399
abcdefghij	99187	99240	54	26.0	12.7	-0.981	55.6	del	-1.034
abcdefghij	100557	100596	40	24.5	18.0	-0.315	65.0	del	-0.442
abcdefghij	102550	102561	12	35.5	25.6	-0.038	33.3	neutral	-0.473
abcdefghij	102793	102846	54	35.7	10.6	-1.632	53.7	del	-1.749
abcdefghij	103026	103043	18	40.1	13.4	-0.315	72.2	del	-1.575
abcdefghij	104004	104103	100	32.5	12.5	-1.518	48.0	del	-1.381
abcdefghij	104104	104166	63	32.7	12.9	-1.603	52.4	del	-1.341
abcdefghij	109973	109983	11	25.3	16.7	-0.315	27.3	del	-0.595
abcdefghij	110115	110214	100	26.1	14.6	-1.100	52.0	del	-0.838
