chrom	chr_start	chr_stop	num_positions	normal_depth	tumor_depth	adjusted_log_ratio	gc_content	region_call	raw_ratio
abcdefghij	272	371	100	30.0	25.9	-0.192	56.0	neutral	-0.212
abcdefghij	372	471	100	31.8	23.8	-0.711	55.0	del	-0.417
abcdefghij	472	571	100	28.1	27.2	-0.412	45.0	del	-0.048
abcdefghij	572	671	100	31.0	21.9	-0.276	59.0	del	-0.501
abcdefghij	672	771	100	26.1	23.1	-0.152	56.0	neutral	-0.172
abcdefghij	772	871	100	25.4	19.6	-0.419	51.0	del	-0.374
abcdefghij	872	971	100	34.3	23.5	-0.485	44.0	del	-0.543
abcdefghij	972	1071	100	29.8	28.9	-0.032	58.0	neutral	-0.043
abcdefghij	1072	1171	100	30.6	33.7	0.121	40.0	neutral	0.139
abcdefghij	1172	1271	100	35.1	30.6	-0.189	46.0	neutral	-0.196
abcdefghij	1272	1371	100	30.1	33.2	-0.162	54.0	neutral	0.14
abcdefghij	1372	1471	100	26.8	31.5	-0.072	54.0	neutral	0.23
abcdefghij	1472	1571	100	33.1	27.7	-0.671	47.0	del	-0.257
abcdefghij	1572	1671	100	26.4	35.8	0.459	56.0	amp	0.439
abcdefghij	1672	1771	100	26.3	32.8	-0.044	45.0	neutral	0.32
abcdefghij	1772	1871	100	22.0	33.8	0.206	47.0	neutral	0.62
abcdefghij	1872	1971	100	23.9	35.5	0.418	48.0	amp	0.569
abcdefghij	1972	2071	100	24.9	35.9	0.230	54.0	neutral	0.532
abcdefghij	2072	2171	100	24.9	32.5	0.361	52.0	amp	0.387
abcdefghij	2172	2271	100	24.1	28.8	0.264	46.0	amp	0.257
abcdefghij	2272	2371	100	29.5	30.4	0.059	60.0	neutral	0.04
abcdefghij	2372	2471	100	36.7	23.0	-0.548	41.0	del	-0.674
abcdefghij	2472	2571	100	32.5	29.2	-0.309	48.0	del	-0.158
abcdefghij	2572	2671	100	32.6	25.0	-0.567	49.0	del	-0.384
abcdefghij	2672	2758	87	31.4	24.5	-0.337	60.9	del	-0.356
abcdefghij	2759	2858	100	23.3	26.1	0.138	52.0	neutral	0.164
abcdefghij	2859	2958	100	32.6	33.7	0.095	50.0	neutral	0.049
abcdefghij	2959	3058	100	34.8	32.5	-0.200	53.0	neutral	-0.098
abcdefghij	3059	3158	100	32.1	32.4	-0.013	52.0	neutral	0.013
abcdefghij	3159	3258	100	39.0	39.4	-0.280	55.0	del	0.014
abcdefghij	3259	3358	100	29.4	25.9	-0.485	54.0	del	-0.183
abcdefghij	3359	3458	100	32.3	36.7	0.165	40.0	neutral	0.183
abcdefghij	3459	3558	100	30.0	25.5	-0.386	48.0	del	-0.235
abcdefghij	3559	3658	100	29.1	30.5	-0.113	49.0	neutral	0.07
abcdefghij	3659	3758	100	25.2	28.0	-0.027	49.0	neutral	0.156
abcdefghij	3759	3858	100	21.0	30.1	0.565	50.0	amp	0.519
abcdefghij	3859	3958	100	25.6	28.0	0.027	53.0	neutral	0.129
abcdefghij	3959	4058	100	26.8	31.3	0.039	49.0	neutral	0.222
abcdefghij	4059	4158	100	21.6	25.9	0.272	58.0	amp	0.261
abcdefghij	4159	4258	100	34.3	32.0	0.027	41.0	neutral	-0.099
abcdefghij	4259	4343	85	30.2	21.8	-0.776	54.1	del	-0.474
abcdefghij	4344	4443	100	24.8	26.0	-0.344	47.0	del	0.07
abcdefghij	4444	4543	100	28.9	26.4	-0.542	47.0	del	-0.128
abcdefghij	4544	4643	100	22.1	31.7	0.371	48.0	amp	0.522
abcdefghij	4644	4743	100	30.3	25.7	-0.531	55.0	del	-0.237
abcdefghij	4744	4843	100	33.0	30.4	-0.162	51.0	neutral	-0.117
abcdefghij	4844	4943	100	35.8	23.8	-0.896	54.0	del	-0.594
abcdefghij	4944	5043	100	35.8	30.7	-0.524	54.0	del	-0.222
abcdefghij	5044	5143	100	32.6	27.9	-0.248	52.0	neutral	-0.222
abcdefghij	5144	5243	100	28.0	28.6	0.078	50.0	neutral	0.032
abcdefghij	5244	5343	100	37.4	28.0	-0.400	56.0	del	-0.42
abcdefghij	5344	5443	100	29.2	28.9	-0.005	46.0	neutral	-0.012
abcdefghij	5444	5543	100	31.5	29.1	-0.300	49.0	del	-0.117
abcdefghij	5544	5643	100	29.4	23.4	-0.743	47.0	del	-0.329
abcdefghij	5644	5743	100	24.7	23.6	-0.483	47.0	del	-0.069
abcdefghij	5744	5843	100	25.0	21.2	-0.419	49.0	del	-0.236
abcdefghij	5844	5943	100	23.2	24.2	-0.238	54.0	neutral	0.064
abcdefghij	5944	6043	100	29.8	22.8	-0.413	52.0	del	-0.387
abcdefghij	6044	6143	100	26.6	21.5	-0.614	54.0	del	-0.312
abcdefghij	6144	6243	100	32.0	26.6	-0.218	50.0	neutral	-0.264
abcdefghij	6244	6343	100	24.0	34.1	0.211	55.0	neutral	0.505
abcdefghij	6344	6443	100	23.1	31.4	0.484	50.0	amp	0.438
abcdefghij	6444	6543	100	23.9	29.6	0.009	54.0	neutral	0.311
abcdefghij	6544	6643	100	25.3	29.8	0.212	52.0	neutral	0.238
abcdefghij	6644	6743	100	27.5	24.3	-0.159	60.0	neutral	-0.178
abcdefghij	6744	6843	100	34.7	25.1	-0.880	47.0	del	-0.466
abcdefghij	6844	6943	100	32.8	21.3	-0.401	59.0	del	-0.626
abcdefghij	6944	7043	100	31.9	17.2	-0.871	56.0	del	-0.891
abcdefghij	7044	7143	100	28.3	24.3	-0.174	50.0	neutral	-0.22
abcdefghij	7144	7243	100	30.3	25.3	-0.133	63.0	neutral	-0.262
abcdefghij	7244	7343	100	23.0	28.2	-0.120	47.0	neutral	0.294
abcdefghij	7344	7443	100	27.9	31.5	-0.242	47.0	neutral	0.172
abcdefghij	7444	7543	100	22.8	35.8	0.286	45.0	amp	0.65
abcdefghij	7544	7643	100	23.4	30.6	0.447	44.0	amp	0.389
abcdefghij	7644	7743	100	30.1	27.9	-0.052	44.0	neutral	-0.11
abcdefghij	7744	7843	100	32.9	28.3	-0.091	41.0	neutral	-0.217
abcdefghij	7844	7943	100	41.3	26.7	-0.655	52.0	del	-0.629
abcdefghij	7944	8043	100	43.0	24.9	-0.778	46.0	del	-0.785
abcdefghij	8044	8143	100	40.0	29.9	-0.602	49.0	del	-0.419
abcdefghij	8144	8243	100	38.3	29.3	-0.489	53.0	del	-0.387
abcdefghij	8244	8343	100	29.5	31.3	0.130	50.0	neutral	0.084
abcdefghij	8344	8443	100	35.0	31.2	-0.316	48.0	del	-0.165
abcdefghij	8444	8543	100	26.7	26.0	-0.065	52.0	neutral	-0.039
abcdefghij	8544	8643	100	33.5	35.2	-0.232	54.0	neutral	0.07
abcdefghij	8644	8743	100	22.8	30.2	0.360	51.0	amp	0.405
abcdefghij	8744	8843	100	25.7	31.5	0.002	55.0	neutral	0.296
abcdefghij	8844	8943	100	30.5	32.4	0.061	52.0	neutral	0.087
abcdefghij	8944	9043	100	26.5	30.0	0.221	50.0	neutral	0.175
abcdefghij	9044	9143	100	31.0	30.4	0.193	59.0	neutral	-0.032
abcdefghij	9144	9243	100	27.4	30.0	-0.161	55.0	neutral	0.133
abcdefghij	9244	9343	100	22.8	34.9	0.431	49.0	amp	0.614
abcdefghij	9344	9443	100	23.7	30.5	-0.047	47.0	neutral	0.367
abcdefghij	9444	9543	100	21.8	35.0	0.642	51.0	amp	0.687
abcdefghij	9544	9643	100	25.6	38.3	0.166	47.0	neutral	0.58
abcdefghij	9644	9743	100	24.8	36.9	0.475	53.0	amp	0.577
abcdefghij	9744	9843	100	28.7	37.7	0.348	51.0	amp	0.393
abcdefghij	9844	9943	100	29.2	31.9	0.083	51.0	neutral	0.128
abcdefghij	9944	10043	100	30.8	27.0	-0.601	47.0	del	-0.187
abcdefghij	10044	10143	100	31.3	27.0	-0.257	51.0	del	-0.212
abcdefghij	10144	10222	79	25.1	21.4	-0.413	49.4	del	-0.23
abcdefghij	10223	10322	100	32.5	11.9	-0.980	57.0	del	-1.45
abcdefghij	12371	12434	64	29.5	16.0	-0.609	35.9	del	-0.883
abcdefghij	12435	12475	41	28.0	11.6	-1.315	51.2	del	-1.27
abcdefghij	12957	13048	92	27.8	15.9	-0.832	52.2	del	-0.806
abcdefghij	13778	13788	11	32.1	22.5	-0.386	63.6	del	-0.515
abcdefghij	15678	15708	31	29.5	12.9	-1.235	51.6	del	-1.19
abcdefghij	15868	15884	17	21.9	10.4	-0.801	35.3	del	-1.075
abcdefghij	17226	17308	83	30.2	13.9	-1.300	49.4	del	-1.117
abcdefghij	17375	17446	72	25.9	12.6	-0.362	43.1	del	-1.039
abcdefghij	20379	20389	11	36.8	22.4	-0.327	36.4	del	-0.719
abcdefghij	20519	20569	51	31.0	15.8	-1.018	51.0	del	-0.973
abcdefghij	22707	22773	67	31.9	15.6	-0.981	50.7	del	-1.027
abcdefghij	24342	24376	35	22.5	10.1	-0.766	31.4	del	-1.153
abcdefghij	24576	24595	20	23.9	21.5	0.128	35.0	neutral	-0.146
abcdefghij	25324	25383	60	32.3	17.7	-0.849	56.7	del	-0.869
abcdefghij	25555	25603	49	28.0	19.3	-0.552	40.8	del	-0.534
abcdefghij	26105	26162	58	31.6	20.2	0.028	43.1	neutral	-0.649
abcdefghij	26632	26657	26	29.0	18.7	-0.630	46.2	del	-0.637
abcdefghij	27051	27101	51	32.6	16.5	-0.957	56.9	del	-0.977
abcdefghij	27633	27699	67	33.0	11.8	-0.427	65.7	del	-1.488
abcdefghij	28170	28206	37	27.9	12.4	-1.541	45.9	del	-1.177
abcdefghij	29401	29417	17	31.0	34.9	-0.241	47.1	neutral	0.173
abcdefghij	29719	29746	28	25.1	23.3	-0.063	50.0	neutral	-0.109
abcdefghij	30933	30960	28	39.4	17.1	-1.157	50.0	del	-1.203
abcdefghij	31959	32021	63	27.5	11.2	-1.274	60.3	del	-1.293
abcdefghij	32090	32179	90	32.8	17.3	-0.864	44.4	del	-0.922
abcdefghij	32260	32289	30	32.4	10.4	-1.745	53.3	del	-1.643
abcdefghij	35203	35253	51	24.7	13.4	-0.427	37.3	del	-0.883
abcdefghij	36201	36231	31	32.5	28.7	-0.167	58.1	neutral	-0.178
abcdefghij	36340	36364	25	27.3	10.5	-1.400	40.0	del	-1.382
abcdefghij	37120	37131	12	34.4	11.0	-0.427	16.7	del	-1.646
abcdefghij	37203	37214	12	25.2	10.2	-0.252	66.7	del	-1.296
abcdefghij	40458	40498	41	31.7	13.3	-0.427	34.1	del	-1.247
abcdefghij	40676	40697	22	25.1	12.2	-0.996	50.0	del	-1.042
abcdefghij	43689	43703	15	29.3	19.1	-0.609	46.7	del	-0.616
abcdefghij	44685	44711	27	38.2	22.0	-0.571	59.3	del	-0.796
abcdefghij	46705	46733	29	29.4	12.6	-1.520	55.2	del	-1.226
abcdefghij	48181	48199	19	29.8	21.4	-0.502	52.6	del	-0.476
abcdefghij	49194	49251	58	28.3	14.3	-0.934	50.0	del	-0.98
abcdefghij	49923	49966	44	29.8	24.0	-0.290	56.8	del	-0.31
abcdefghij	50740	50768	29	26.8	12.9	-1.044	58.6	del	-1.055
abcdefghij	51457	51473	17	29.4	18.5	-0.427	64.7	del	-0.668
abcdefghij	53424	53523	100	38.0	10.3	-1.908	52.0	del	-1.882
abcdefghij	53524	53594	71	27.9	13.5	-1.460	47.9	del	-1.046
abcdefghij	54044	54115	72	39.2	25.6	-0.599	56.9	del	-0.619
abcdefghij	56027	56052	26	28.8	18.0	-0.629	50.0	del	-0.675
abcdefghij	57186	57285	100	25.9	14.4	-0.839	46.0	del	-0.846
abcdefghij	58714	58723	10	21.5	20.0	-0.058	50.0	neutral	-0.104
abcdefghij	63067	63079	13	31.8	25.6	-0.427	61.5	del	-0.311
abcdefghij	63709	63757	49	21.1	18.9	-0.152	46.9	neutral	-0.159
abcdefghij	64598	64640	43	30.2	16.1	-1.062	48.8	del	-0.911
abcdefghij	64993	65013	21	38.4	15.4	-1.345	52.4	del	-1.319
abcdefghij	65508	65607	100	27.5	11.8	-1.098	41.0	del	-1.224
abcdefghij	65608	65707	100	20.7	13.3	-0.824	49.0	del	-0.641
abcdefghij	65830	65907	78	23.0	16.0	-0.631	53.8	del	-0.529
abcdefghij	67506	67517	12	24.0	11.8	-0.984	50.0	del	-1.03
abcdefghij	68932	68976	45	34.3	14.9	-1.252	51.1	del	-1.207
abcdefghij	70415	70435	21	26.9	13.0	-0.595	42.9	del	-1.049
abcdefghij	71239	71252	14	33.3	14.5	-0.745	42.9	del	-1.199
abcdefghij	72350	72432	83	30.9	10.2	-1.549	50.6	del	-1.595
abcdefghij	72868	72906	39	31.9	11.7	-0.766	43.6	del	-1.443
abcdefghij	74589	74616	28	31.5	12.4	-1.297	50.0	del	-1.343
abcdefghij	74791	74800	10	30.1	24.5	-0.427	30.0	del	-0.297
abcdefghij	76938	76971	34	29.5	12.5	-1.183	44.1	del	-1.241
abcdefghij	76972	76987	16	29.1	11.3	-0.684	43.8	del	-1.361
abcdefghij	77390	77408	19	34.3	34.5	-0.405	47.4	del	0.009
abcdefghij	78802	78842	41	30.8	16.3	-0.908	46.3	del	-0.915
abcdefghij	79983	80028	46	24.1	13.0	-0.764	63.0	del	-0.893
abcdefghij	81154	81207	54	36.4	20.0	-0.907	51.9	del	-0.862
abcdefghij	82261	82291	31	22.2	15.3	-0.530	58.1	del	-0.541
abcdefghij	83069	83096	28	38.4	19.0	-0.427	32.1	del	-1.019
abcdefghij	83688	83706	19	26.7	20.3	0.058	42.1	neutral	-0.396
abcdefghij	84221	84236	16	22.7	16.3	-0.089	31.2	neutral	-0.476
abcdefghij	84554	84625	72	23.2	13.8	-0.772	52.8	del	-0.746
abcdefghij	86369	86468	100	26.1	17.7	-0.709	48.0	del	-0.558
abcdefghij	86873	86972	100	29.3	11.9	-1.081	59.0	del	-1.306
abcdefghij	87542	87599	58	24.2	18.2	-0.364	50.0	del	-0.41
abcdefghij	88310	88320	11	27.2	14.4	-0.528	36.4	del	-0.92
abcdefghij	88673	88729	57	28.2	13.4	-1.373	54.4	del	-1.071
abcdefghij	94815	94827	13	25.7	23.5	-0.222	38.5	neutral	-0.131
abcdefghij	95030	95045	16	30.7	24.8	-0.427	25.0	del	-0.31
abcdefghij	96154	96203	50	29.6	14.0	-1.065	58.0	del	-1.076
abcdefghij	96204	96213	10	23.7	17.3	-0.472	40.0	del	-0.454
abcdefghij	97346	97375	30	32.8	19.3	-0.718	50.0	del	-0.764
abcdefghij	99986	100001	16	26.4	16.2	-0.427	62.5	del	-0.704
abcdefghij	101735	101755	21	31.7	18.3	-0.879	38.1	del	-0.788
abcdefghij	102709	102726	18	34.2	17.2	-0.427	33.3	del	-0.988
abcdefghij	103583	103682	100	32.0	17.7	-1.040	49.0	del	-0.857
abcdefghij	103683	103695	13	23.9	22.5	-0.182	38.5	neutral	-0.091
abcdefghij	108123	108204	82	24.0	18.9	0.125	57.3	neutral	-0.345
abcdefghij	108314	108373	60	36.7	11.7	-0.602	66.7	del	-1.646
abcdefghij	109413	109466	54	33.9	14.0	-1.426	48.1	del	-1.275
abcdefghij	109506	109590	85	28.5	13.9	-0.353	43.5	del	-1.03
