chrom	chr_start	chr_stop	num_positions	normal_depth	tumor_depth	adjusted_log_ratio	gc_content	region_call	raw_ratio
abcdefghij	272	371	100	30.0	24.7	-0.546	56.0	del	-0.279
abcdefghij	372	471	100	31.8	22.5	-0.391	55.0	del	-0.499
abcdefghij	472	571	100	28.1	21.9	-0.614	45.0	del	-0.364
abcdefghij	572	671	100	31.0	24.1	-0.707	59.0	del	-0.366
abcdefghij	672	771	100	26.1	23.5	-0.416	56.0	del	-0.149
abcdefghij	772	871	100	25.4	30.0	0.109	51.0	neutral	0.241
abcdefghij	872	971	100	34.3	25.3	-0.201	44.0	neutral	-0.436
abcdefghij	972	1053	82	29.6	24.4	-0.547	56.1	del	-0.28
abcdefghij	1054	1153	100	31.0	32.5	-0.167	46.0	neutral	0.071
abcdefghij	1154	1253	100	33.3	27.5	-0.020	42.0	neutral	-0.274
abcdefghij	1254	1353	100	32.5	27.2	-0.399	53.0	del	-0.259
abcdefghij	1354	1453	100	25.3	29.6	0.333	55.0	amp	0.225
abcdefghij	1454	1553	100	33.8	30.4	-0.424	50.0	del	-0.154
abcdefghij	1554	1653	100	26.8	34.8	0.112	56.0	neutral	0.379
abcdefghij	1654	1753	100	27.4	32.2	0.548	41.0	amp	0.231
abcdefghij	1754	1853	100	20.9	29.3	0.132	48.0	neutral	0.49
abcdefghij	1854	1953	100	25.8	23.7	-0.251	51.0	del	-0.119
abcdefghij	1954	2053	100	22.6	23.5	0.011	52.0	neutral	0.057
abcdefghij	2054	2153	100	26.7	28.7	-0.167	50.0	neutral	0.103
abcdefghij	2154	2253	100	22.2	29.7	0.096	49.0	neutral	0.418
abcdefghij	2254	2353	100	29.5	36.2	0.298	60.0	amp	0.297
abcdefghij	2354	2453	100	35.0	27.7	-0.169	43.0	neutral	-0.338
abcdefghij	2454	2553	100	35.2	28.7	-0.057	44.0	neutral	-0.292
abcdefghij	2554	2653	100	29.8	30.2	-0.122	53.0	neutral	0.018
abcdefghij	2654	2753	100	33.6	28.3	-0.514	56.0	del	-0.247
abcdefghij	2754	2853	100	22.9	28.8	0.193	53.0	neutral	0.333
abcdefghij	2854	2953	100	32.7	34.0	-0.267	49.0	del	0.055
abcdefghij	2954	3053	100	34.4	27.8	-0.096	54.0	neutral	-0.307
abcdefghij	3054	3153	100	32.1	29.3	-0.270	53.0	del	-0.13
abcdefghij	3154	3253	100	39.0	33.7	0.001	54.0	neutral	-0.21
abcdefghij	3254	3353	100	29.9	32.0	0.308	54.0	amp	0.097
abcdefghij	3354	3453	100	31.9	35.3	0.337	38.0	amp	0.147
abcdefghij	3454	3553	100	30.5	28.2	-0.432	49.0	del	-0.11
abcdefghij	3554	3653	100	28.9	37.0	0.226	51.0	neutral	0.358
abcdefghij	3654	3753	100	25.7	23.6	-0.373	45.0	del	-0.123
abcdefghij	3754	3853	100	20.6	31.2	0.549	52.0	amp	0.595
abcdefghij	3854	3953	100	25.5	31.0	0.143	53.0	neutral	0.283
abcdefghij	3954	4053	100	27.1	28.2	-0.077	51.0	neutral	0.055
abcdefghij	4054	4153	100	21.7	30.8	0.238	56.0	neutral	0.505
abcdefghij	4154	4211	58	27.5	34.5	0.087	46.6	neutral	0.325
abcdefghij	4212	4311	100	38.3	28.0	-0.705	45.0	del	-0.455
abcdefghij	4312	4411	100	20.5	28.9	0.135	48.0	neutral	0.493
abcdefghij	4412	4511	100	32.8	31.0	-0.221	53.0	neutral	-0.081
abcdefghij	4512	4611	100	21.7	28.3	0.130	45.0	neutral	0.38
abcdefghij	4612	4711	100	26.5	28.4	-0.221	49.0	neutral	0.101
abcdefghij	4712	4811	100	34.5	32.8	-0.342	56.0	del	-0.075
abcdefghij	4812	4911	100	33.9	27.5	-0.572	50.0	del	-0.302
abcdefghij	4912	5011	100	34.6	44.7	0.103	56.0	neutral	0.37
abcdefghij	5012	5111	100	37.6	32.1	-0.500	50.0	del	-0.23
abcdefghij	5112	5211	100	24.8	33.3	0.292	51.0	amp	0.424
abcdefghij	5212	5311	100	36.8	34.2	-0.153	52.0	neutral	-0.107
abcdefghij	5312	5411	100	32.0	31.0	0.058	55.0	neutral	-0.05
abcdefghij	5412	5511	100	29.9	29.6	-0.264	45.0	del	-0.014
abcdefghij	5512	5611	100	30.9	30.2	-0.047	47.0	neutral	-0.033
abcdefghij	5612	5711	100	26.2	29.8	0.044	53.0	neutral	0.184
abcdefghij	5712	5811	100	24.6	28.9	-0.009	46.0	neutral	0.229
abcdefghij	5812	5911	100	23.5	32.5	0.148	49.0	neutral	0.47
abcdefghij	5912	6011	100	27.5	32.3	0.342	55.0	amp	0.234
abcdefghij	6012	6111	100	27.4	29.0	-0.047	51.0	neutral	0.085
abcdefghij	6112	6211	100	31.8	31.8	-0.082	57.0	neutral	0.0
abcdefghij	6212	6311	100	25.6	28.2	-0.186	49.0	neutral	0.136
abcdefghij	6312	6411	100	23.7	26.4	0.266	55.0	amp	0.158
abcdefghij	6412	6511	100	22.9	27.7	0.027	45.0	neutral	0.277
abcdefghij	6512	6611	100	24.7	27.2	0.058	57.0	neutral	0.14
abcdefghij	6612	6711	100	27.7	24.3	-0.458	56.0	del	-0.191
abcdefghij	6712	6811	100	31.1	27.7	-0.433	56.0	del	-0.166
abcdefghij	6812	6911	100	35.1	24.6	-0.558	52.0	del	-0.512
abcdefghij	6912	7011	100	32.2	20.9	-0.765	53.0	del	-0.625
abcdefghij	7012	7111	100	26.8	26.7	0.203	54.0	neutral	-0.008
abcdefghij	7112	7211	100	34.0	19.3	-0.192	62.0	neutral	-0.814
abcdefghij	7212	7311	100	22.3	24.6	-0.129	50.0	neutral	0.141
abcdefghij	7312	7411	100	27.2	23.9	-0.512	49.0	del	-0.19
abcdefghij	7412	7511	100	24.2	27.4	0.411	44.0	amp	0.176
abcdefghij	7512	7611	100	23.0	26.4	-0.056	45.0	neutral	0.194
abcdefghij	7612	7711	100	27.7	27.7	0.168	43.0	neutral	-0.001
abcdefghij	7712	7811	100	31.5	27.5	-0.443	45.0	del	-0.193
abcdefghij	7812	7911	100	38.9	23.8	-1.069	48.0	del	-0.711
abcdefghij	7912	8011	100	44.5	25.2	-1.057	46.0	del	-0.819
abcdefghij	8012	8111	100	38.9	28.8	-0.704	50.0	del	-0.434
abcdefghij	8112	8211	100	41.0	36.2	-0.503	49.0	del	-0.181
abcdefghij	8212	8311	100	30.0	36.3	0.142	51.0	neutral	0.274
abcdefghij	8312	8411	100	36.2	32.2	-0.305	53.0	del	-0.165
abcdefghij	8412	8511	100	26.6	32.9	-0.016	49.0	neutral	0.306
abcdefghij	8512	8611	100	32.5	30.8	0.131	54.0	neutral	-0.08
abcdefghij	8612	8711	100	25.2	30.1	-0.010	50.0	neutral	0.26
abcdefghij	8712	8811	100	25.5	31.1	0.019	50.0	neutral	0.289
abcdefghij	8812	8911	100	28.0	29.8	0.008	57.0	neutral	0.09
abcdefghij	8912	9011	100	29.3	29.4	-0.133	53.0	neutral	0.007
abcdefghij	9012	9111	100	29.0	28.4	-0.385	48.0	del	-0.027
abcdefghij	9112	9211	100	29.5	28.5	-0.045	60.0	neutral	-0.046
abcdefghij	9212	9311	100	22.0	34.1	0.368	56.0	amp	0.635
abcdefghij	9312	9411	100	26.6	33.0	-0.044	48.0	neutral	0.314
abcdefghij	9512	9611	100	25.5	29.0	-0.136	49.0	neutral	0.186
abcdefghij	9612	9711	100	24.9	33.4	0.102	49.0	neutral	0.424
abcdefghij	9712	9811	100	26.8	25.7	-0.102	52.0	neutral	-0.056
abcdefghij	9812	9911	100	30.7	29.7	-0.316	50.0	del	-0.046
abcdefghij	9912	10011	100	28.1	30.1	-0.170	50.0	neutral	0.1
abcdefghij	10012	10111	100	33.6	33.2	-0.158	53.0	neutral	-0.018
abcdefghij	10112	10211	100	25.1	31.3	0.081	46.0	neutral	0.319
abcdefghij	10212	10311	100	33.4	20.8	-0.683	60.0	del	-0.684
abcdefghij	10312	10380	69	24.1	11.2	-0.937	43.5	del	-1.106
abcdefghij	12371	12381	11	26.3	17.3	-0.445	18.2	del	-0.605
abcdefghij	12957	13048	92	27.8	16.8	-0.776	52.2	del	-0.73
abcdefghij	14541	14582	42	27.2	12.2	-1.167	47.6	del	-1.153
abcdefghij	16816	16875	60	28.4	15.7	-0.746	55.0	del	-0.854
abcdefghij	17635	17721	87	27.6	17.8	-0.903	50.6	del	-0.633
abcdefghij	19007	19060	54	21.6	14.6	-0.321	40.7	del	-0.567
abcdefghij	19484	19583	100	29.9	11.9	-1.088	44.0	del	-1.323
abcdefghij	19584	19596	13	25.4	15.0	-0.997	46.2	del	-0.759
abcdefghij	20246	20286	41	32.4	22.0	-0.695	51.2	del	-0.563
abcdefghij	20748	20779	32	35.2	14.8	-0.620	65.6	del	-1.246
abcdefghij	22763	22804	42	35.7	10.1	-1.616	54.8	del	-1.827
abcdefghij	23987	24067	81	24.0	13.4	-1.156	49.4	del	-0.834
abcdefghij	26448	26476	29	30.4	18.3	-0.868	51.7	del	-0.736
abcdefghij	26606	26629	24	25.8	11.1	-1.471	45.8	del	-1.221
abcdefghij	28171	28233	63	28.0	14.0	-1.048	52.4	del	-1.002
abcdefghij	29802	29839	38	26.4	16.8	-0.738	57.9	del	-0.656
abcdefghij	30628	30640	13	22.8	15.8	-0.445	69.2	del	-0.528
abcdefghij	33144	33176	33	24.7	11.5	-1.235	51.5	del	-1.103
abcdefghij	33324	33406	83	31.5	15.5	-0.852	43.4	del	-1.021
abcdefghij	35389	35414	26	29.5	16.9	-0.043	30.8	neutral	-0.807
abcdefghij	36877	36908	32	31.7	17.7	-1.107	56.2	del	-0.84
abcdefghij	37432	37447	16	25.1	19.8	-0.170	43.8	neutral	-0.339
abcdefghij	37448	37470	23	26.1	13.2	-0.819	43.5	del	-0.988
abcdefghij	37742	37787	46	36.0	15.2	-0.932	41.3	del	-1.249
abcdefghij	40760	40795	36	23.0	15.9	-0.215	41.7	neutral	-0.532
abcdefghij	42052	42111	60	30.0	15.8	-0.818	55.0	del	-0.926
abcdefghij	44409	44469	61	37.0	15.5	-1.300	52.5	del	-1.254
abcdefghij	45270	45356	87	28.4	15.1	-1.234	49.4	del	-0.912
abcdefghij	46838	46883	46	31.1	21.3	-0.339	54.3	del	-0.55
abcdefghij	47402	47421	20	35.8	18.9	-0.681	40.0	del	-0.927
abcdefghij	48109	48137	29	33.4	19.1	-0.185	65.5	neutral	-0.811
abcdefghij	48989	49017	29	22.8	11.7	-0.653	41.4	del	-0.97
abcdefghij	49355	49371	17	31.6	24.4	0.133	64.7	neutral	-0.372
abcdefghij	49632	49672	41	37.1	11.8	-0.445	31.7	del	-1.656
abcdefghij	50062	50100	39	21.3	15.0	-0.337	43.6	del	-0.506
abcdefghij	50336	50357	22	30.4	21.8	-0.752	50.0	del	-0.482
abcdefghij	51298	51314	17	26.1	22.3	-0.271	52.9	del	-0.225
abcdefghij	51705	51764	60	35.1	11.5	-0.847	30.0	del	-1.611
abcdefghij	52400	52434	35	22.2	20.3	-0.488	48.6	del	-0.13
abcdefghij	52539	52569	31	27.4	10.3	-1.227	38.7	del	-1.417
abcdefghij	52996	53030	35	38.8	17.4	-0.532	65.7	del	-1.158
abcdefghij	53655	53687	33	25.0	12.3	-0.764	42.4	del	-1.018
abcdefghij	54560	54610	51	29.8	19.3	-0.880	45.1	del	-0.63
abcdefghij	55282	55381	100	24.0	13.7	-0.941	51.0	del	-0.809
abcdefghij	55382	55396	15	22.8	22.7	0.238	40.0	neutral	-0.008
abcdefghij	56417	56435	19	27.2	25.2	-0.121	47.4	neutral	-0.107
abcdefghij	56857	56905	49	31.6	18.0	-1.053	46.9	del	-0.815
abcdefghij	58295	58308	14	29.2	24.2	-0.017	42.9	neutral	-0.271
abcdefghij	58989	59023	35	33.6	12.0	-1.279	54.3	del	-1.49
abcdefghij	59889	59985	97	31.4	12.0	-1.180	54.6	del	-1.391
abcdefghij	60349	60386	38	30.3	10.1	-1.013	36.8	del	-1.586
abcdefghij	61105	61204	100	29.7	11.9	-0.699	62.0	del	-1.321
abcdefghij	61265	61326	62	25.7	13.2	-1.098	51.6	del	-0.966
abcdefghij	63662	63699	38	30.3	22.6	-0.314	55.3	del	-0.422
abcdefghij	64823	64877	55	23.8	13.6	-1.078	50.9	del	-0.808
abcdefghij	65096	65181	86	32.5	13.9	-0.979	40.7	del	-1.225
abcdefghij	66809	66819	11	29.8	17.0	-0.238	36.4	neutral	-0.811
abcdefghij	67409	67431	23	28.1	17.0	-0.767	52.2	del	-0.721
abcdefghij	68000	68032	33	28.5	12.1	-0.445	24.2	del	-1.233
abcdefghij	70111	70185	75	25.9	15.7	-0.445	58.7	del	-0.725
abcdefghij	72511	72545	35	28.3	13.1	-0.852	42.9	del	-1.106
abcdefghij	72685	72699	15	29.3	18.9	-0.772	53.3	del	-0.632
abcdefghij	72827	72846	20	27.7	15.9	-0.697	55.0	del	-0.805
abcdefghij	72847	72879	33	31.6	13.9	-1.541	48.5	del	-1.183
abcdefghij	75032	75046	15	31.5	24.3	-0.370	60.0	del	-0.371
abcdefghij	76764	76810	47	26.8	13.0	-0.806	44.7	del	-1.041
abcdefghij	77673	77698	26	25.2	21.1	-0.334	57.7	del	-0.252
abcdefghij	80152	80182	31	27.6	28.8	-0.299	48.4	del	0.059
abcdefghij	81623	81699	77	24.7	17.3	-0.656	53.2	del	-0.516
abcdefghij	84268	84305	38	27.4	12.2	-0.928	44.7	del	-1.163
abcdefghij	86326	86348	23	33.7	17.9	-0.916	60.9	del	-0.917
abcdefghij	86666	86690	25	21.6	11.2	-0.369	36.0	del	-0.942
abcdefghij	88455	88523	69	23.7	13.6	-0.689	55.1	del	-0.797
abcdefghij	88961	88995	35	25.8	12.3	-1.146	57.1	del	-1.064
abcdefghij	89943	90008	66	31.3	12.9	-1.546	56.1	del	-1.279
abcdefghij	90090	90139	50	27.1	11.2	-0.704	36.0	del	-1.277
abcdefghij	90716	90725	10	26.4	22.1	-0.010	40.0	neutral	-0.256
abcdefghij	91802	91853	52	22.8	16.4	0.099	36.5	neutral	-0.474
abcdefghij	91965	92016	52	32.2	13.9	-1.342	51.9	del	-1.21
abcdefghij	93835	93845	11	22.5	22.5	-0.250	45.5	neutral	0.0
abcdefghij	93903	93933	31	30.6	19.0	-0.367	41.9	del	-0.684
abcdefghij	94697	94734	38	29.4	11.4	-0.495	39.5	del	-1.371
abcdefghij	97470	97559	90	33.2	13.8	-1.406	53.3	del	-1.266
abcdefghij	98294	98303	10	22.4	10.0	-0.917	40.0	del	-1.163
abcdefghij	98516	98579	64	34.0	19.1	-0.574	42.2	del	-0.828
abcdefghij	98680	98695	16	33.2	18.1	-1.147	56.2	del	-0.88
abcdefghij	98893	98914	22	31.3	19.4	-0.446	40.9	del	-0.692
abcdefghij	99129	99138	10	32.0	26.7	-0.531	50.0	del	-0.261
abcdefghij	99242	99256	15	20.6	14.5	-0.643	53.3	del	-0.503
abcdefghij	99388	99461	74	29.6	11.5	-1.051	41.9	del	-1.368
abcdefghij	100490	100527	38	33.7	10.0	-1.643	55.3	del	-1.751
abcdefghij	101258	101276	19	30.6	22.6	-0.484	52.6	del	-0.438
abcdefghij	102204	102238	35	27.8	16.0	-0.590	54.3	del	-0.801
abcdefghij	102968	102978	11	32.5	15.7	-0.445	63.6	del	-1.045
abcdefghij	104002	104040	39	33.4	11.7	-1.653	53.8	del	-1.513
abcdefghij	105025	105034	10	26.4	13.6	-0.956	60.0	del	-0.957
abcdefghij	105747	105773	27	22.7	25.3	-0.183	59.3	neutral	0.158
abcdefghij	106380	106479	100	28.8	16.5	-0.886	57.0	del	-0.804
abcdefghij	106480	106494	15	31.7	17.7	-0.445	73.3	del	-0.84
abcdefghij	109068	109081	14	33.6	11.6	-1.023	64.3	del	-1.528
abcdefghij	109279	109331	53	36.3	12.0	-1.920	49.1	del	-1.598
abcdefghij	109898	109935	38	26.2	10.9	-0.395	39.5	del	-1.271
abcdefghij	110042	110127	86	25.6	11.6	-1.040	55.8	del	-1.148
