chrom	chr_start	chr_stop	num_positions	normal_depth	tumor_depth	adjusted_log_ratio	gc_content	region_call	raw_ratio
abcdefghij	272	371	100	30.0	23.8	-0.335	56.0	del	-0.335
abcdefghij	372	471	100	31.8	26.7	-0.231	55.0	neutral	-0.251
abcdefghij	472	571	100	28.1	29.5	-0.039	45.0	neutral	0.068
abcdefghij	572	671	100	31.0	31.5	0.195	59.0	neutral	0.019
abcdefghij	672	771	100	26.1	34.8	0.418	56.0	amp	0.418
abcdefghij	772	871	100	25.4	36.5	0.447	51.0	amp	0.524
abcdefghij	872	971	100	34.3	39.5	0.102	44.0	neutral	0.207
abcdefghij	972	1071	100	29.8	32.4	0.142	58.0	neutral	0.122
abcdefghij	1072	1171	100	30.6	30.6	0.207	40.0	neutral	0.0
abcdefghij	1172	1271	100	35.1	33.4	-0.255	46.0	del	-0.07
abcdefghij	1272	1371	100	30.1	22.3	-0.463	54.0	del	-0.435
abcdefghij	1372	1471	100	26.8	32.4	0.245	54.0	neutral	0.273
abcdefghij	1472	1571	100	33.1	28.2	-0.362	47.0	del	-0.233
abcdefghij	1572	1671	100	26.4	33.9	0.364	56.0	amp	0.364
abcdefghij	1672	1771	100	26.3	29.1	0.042	45.0	neutral	0.149
abcdefghij	1772	1871	100	22.0	22.0	-0.132	47.0	neutral	-0.003
abcdefghij	1872	1971	100	23.9	18.3	-0.487	48.0	del	-0.384
abcdefghij	1972	2071	100	24.9	20.7	-0.290	54.0	del	-0.262
abcdefghij	2072	2171	100	24.9	22.2	-0.142	52.0	neutral	-0.165
abcdefghij	2172	2271	100	24.1	26.1	-0.070	46.0	neutral	0.115
abcdefghij	2272	2371	100	29.5	33.0	0.213	60.0	neutral	0.157
abcdefghij	2372	2471	100	36.7	26.0	-0.549	41.0	del	-0.497
abcdefghij	2472	2571	100	32.5	33.5	-0.062	48.0	neutral	0.041
abcdefghij	2572	2671	100	32.6	28.9	-0.179	49.0	neutral	-0.177
abcdefghij	2672	2738	67	33.7	33.9	0.029	58.2	neutral	0.009
abcdefghij	2739	2838	100	22.0	32.3	0.666	57.0	amp	0.555
abcdefghij	2839	2938	100	32.9	31.6	-0.159	48.0	neutral	-0.056
abcdefghij	2939	3038	100	33.5	27.6	-0.261	58.0	del	-0.281
abcdefghij	3039	3138	100	32.0	32.7	-0.100	47.0	neutral	0.029
abcdefghij	3139	3238	100	38.4	25.5	-0.572	55.0	del	-0.592
abcdefghij	3239	3338	100	32.1	26.5	-0.259	55.0	del	-0.279
abcdefghij	3339	3438	100	30.0	22.5	-0.208	40.0	neutral	-0.415
abcdefghij	3439	3538	100	32.3	27.3	-0.372	47.0	del	-0.243
abcdefghij	3539	3638	100	27.9	22.9	-0.057	50.0	neutral	-0.282
abcdefghij	3639	3738	100	27.3	27.7	-0.109	47.0	neutral	0.02
abcdefghij	3739	3838	100	20.3	27.7	0.471	52.0	amp	0.448
abcdefghij	3839	3938	100	24.6	28.4	0.183	53.0	neutral	0.206
abcdefghij	3939	4038	100	27.9	29.7	0.087	49.0	neutral	0.089
abcdefghij	4039	4138	100	22.3	25.4	0.185	56.0	neutral	0.185
abcdefghij	4139	4238	100	29.6	23.3	-0.450	48.0	del	-0.347
abcdefghij	4239	4338	100	33.6	20.0	-0.748	49.0	del	-0.746
abcdefghij	4339	4438	100	23.8	27.2	0.009	46.0	neutral	0.194
abcdefghij	4439	4538	100	29.7	22.9	-0.375	49.0	del	-0.373
abcdefghij	4539	4638	100	21.8	28.0	0.257	48.0	amp	0.36
abcdefghij	4639	4738	100	30.0	25.4	-0.265	53.0	del	-0.242
abcdefghij	4739	4838	100	33.0	22.9	-0.501	52.0	del	-0.524
abcdefghij	4839	4938	100	35.8	27.4	-0.407	53.0	del	-0.384
abcdefghij	4939	5038	100	35.4	22.4	-0.686	54.0	del	-0.658
abcdefghij	5039	5106	68	37.6	29.5	-0.454	48.5	del	-0.351
abcdefghij	5107	5206	100	24.7	29.9	0.302	52.0	amp	0.279
abcdefghij	5207	5306	100	36.2	23.6	-0.594	52.0	del	-0.617
abcdefghij	5307	5406	100	32.6	28.3	-0.204	56.0	neutral	-0.204
abcdefghij	5407	5506	100	29.8	25.2	-0.347	44.0	del	-0.242
abcdefghij	5507	5606	100	31.0	30.7	-0.118	48.0	neutral	-0.015
abcdefghij	5607	5706	100	26.5	33.2	0.551	50.0	amp	0.326
abcdefghij	5707	5806	100	24.7	31.7	0.258	48.0	amp	0.361
abcdefghij	5807	5906	100	23.5	34.9	0.445	47.0	amp	0.574
abcdefghij	5907	6006	100	27.1	33.0	0.304	55.0	amp	0.284
abcdefghij	6007	6106	100	27.8	26.0	-0.069	52.0	neutral	-0.092
abcdefghij	6107	6206	100	31.3	31.4	0.112	57.0	neutral	0.001
abcdefghij	6207	6306	100	26.0	32.2	0.530	50.0	amp	0.305
abcdefghij	6307	6406	100	23.9	27.0	0.179	56.0	neutral	0.179
abcdefghij	6407	6506	100	22.6	32.1	0.389	42.0	amp	0.504
abcdefghij	6507	6606	100	24.5	27.0	0.192	60.0	neutral	0.136
abcdefghij	6607	6706	100	27.9	20.7	-0.458	54.0	del	-0.43
abcdefghij	6707	6806	100	30.3	24.4	-0.292	55.0	del	-0.312
abcdefghij	6807	6906	100	35.5	21.6	-0.696	52.0	del	-0.719
abcdefghij	6907	7006	100	32.0	28.5	-0.198	54.0	neutral	-0.17
abcdefghij	7007	7106	100	26.8	24.3	-0.122	55.0	neutral	-0.142
abcdefghij	7107	7206	100	34.2	34.4	0.066	60.0	neutral	0.01
abcdefghij	7207	7306	100	22.5	25.3	0.148	53.0	neutral	0.171
abcdefghij	7307	7406	100	27.0	31.7	0.104	47.0	neutral	0.233
abcdefghij	7407	7506	100	24.5	30.3	0.195	45.0	neutral	0.302
abcdefghij	7507	7606	100	23.0	31.1	0.255	46.0	amp	0.44
abcdefghij	7607	7706	100	27.2	34.9	0.246	42.0	neutral	0.361
abcdefghij	7707	7806	100	31.5	33.5	-0.091	43.0	neutral	0.091
abcdefghij	7807	7906	100	38.4	31.6	-0.285	49.0	del	-0.283
abcdefghij	7907	8006	100	44.5	30.7	-0.641	48.0	del	-0.538
abcdefghij	8007	8106	100	39.0	26.4	-0.664	48.0	del	-0.561
abcdefghij	8107	8206	100	41.0	30.9	-0.409	49.0	del	-0.407
abcdefghij	8207	8306	100	30.7	26.8	-0.272	51.0	del	-0.195
abcdefghij	8307	8406	100	35.9	27.7	-0.397	53.0	del	-0.374
abcdefghij	8407	8506	100	27.0	25.2	0.122	50.0	neutral	-0.103
abcdefghij	8507	8606	100	32.1	21.0	-0.607	56.0	del	-0.607
abcdefghij	8607	8688	82	27.4	18.7	-0.738	46.3	del	-0.553
abcdefghij	8689	8788	100	23.2	25.6	0.364	50.0	amp	0.139
abcdefghij	8789	8888	100	27.5	25.0	-0.115	55.0	neutral	-0.135
abcdefghij	8889	8988	100	30.5	33.9	0.074	51.0	neutral	0.151
abcdefghij	8989	9088	100	27.2	29.0	0.019	51.0	neutral	0.096
abcdefghij	9089	9188	100	31.3	33.4	0.151	60.0	neutral	0.095
abcdefghij	9189	9288	100	22.4	29.0	0.346	54.0	amp	0.374
abcdefghij	9289	9388	100	27.2	30.7	0.397	50.0	amp	0.172
abcdefghij	9489	9588	100	25.2	34.0	0.305	47.0	amp	0.434
abcdefghij	9589	9688	100	25.1	31.0	0.530	50.0	amp	0.305
abcdefghij	9689	9788	100	25.7	30.2	0.206	54.0	neutral	0.234
abcdefghij	9789	9888	100	30.8	29.9	-0.147	48.0	neutral	-0.044
abcdefghij	9889	9988	100	27.3	33.8	0.230	51.0	neutral	0.307
abcdefghij	9989	10088	100	34.0	31.6	-0.133	54.0	neutral	-0.105
abcdefghij	10089	10188	100	26.1	37.7	0.399	47.0	amp	0.528
abcdefghij	10189	10288	100	32.6	31.6	-0.026	58.0	neutral	-0.046
abcdefghij	10289	10388	100	25.4	36.2	0.327	43.0	amp	0.509
abcdefghij	10389	10488	100	25.8	25.5	-0.042	53.0	neutral	-0.019
abcdefghij	10489	10588	100	25.1	29.4	0.045	43.0	neutral	0.227
abcdefghij	10589	10688	100	29.5	24.9	-0.222	52.0	neutral	-0.245
abcdefghij	10689	10788	100	24.6	29.1	0.220	53.0	neutral	0.243
abcdefghij	10789	10888	100	34.3	27.0	-0.348	49.0	del	-0.346
abcdefghij	10889	10988	100	25.1	21.6	-0.242	53.0	neutral	-0.219
abcdefghij	10989	11088	100	22.8	23.9	0.066	49.0	neutral	0.068
abcdefghij	11089	11188	100	27.3	21.0	-0.485	48.0	del	-0.382
abcdefghij	11189	11288	100	27.6	24.7	-0.187	53.0	neutral	-0.164
abcdefghij	11289	11388	100	27.8	24.9	0.013	59.0	neutral	-0.163
abcdefghij	11389	11488	100	34.8	28.8	-0.375	44.0	del	-0.27
abcdefghij	11489	11588	100	29.2	31.0	-0.025	45.0	neutral	0.082
abcdefghij	11589	11688	100	30.9	30.4	-0.125	48.0	neutral	-0.022
abcdefghij	11689	11788	100	31.0	32.6	-0.029	48.0	neutral	0.074
abcdefghij	11789	11888	100	35.8	26.1	-0.529	51.0	del	-0.452
abcdefghij	11889	11988	100	28.6	25.6	0.014	59.0	neutral	-0.162
abcdefghij	11989	12088	100	29.5	22.6	-0.465	51.0	del	-0.388
abcdefghij	12089	12188	100	24.5	24.9	0.198	59.0	neutral	0.022
abcdefghij	12189	12288	100	25.6	27.1	0.082	56.0	neutral	0.082
abcdefghij	12289	12388	100	23.3	23.9	-0.017	41.0	neutral	0.035
abcdefghij	12389	12488	100	28.7	27.4	-0.171	45.0	neutral	-0.064
abcdefghij	12489	12588	100	28.5	31.7	0.264	57.0	amp	0.153
abcdefghij	12589	12688	100	29.6	26.6	-0.155	49.0	neutral	-0.153
abcdefghij	12689	12788	100	29.8	32.0	-0.005	45.0	neutral	0.102
abcdefghij	12789	12888	100	26.7	23.2	-0.230	54.0	neutral	-0.202
abcdefghij	12889	12988	100	30.7	26.5	0.014	50.0	neutral	-0.211
abcdefghij	12989	13088	100	25.9	22.4	-0.192	55.0	neutral	-0.212
abcdefghij	13089	13188	100	29.6	26.1	-0.198	61.0	neutral	-0.184
abcdefghij	13189	13288	100	35.2	25.1	-0.468	58.0	del	-0.488
abcdefghij	13289	13388	100	29.6	30.4	0.149	57.0	neutral	0.038
abcdefghij	13389	13488	100	30.3	30.8	-0.051	51.0	neutral	0.026
abcdefghij	13489	13588	100	26.6	35.7	0.647	50.0	amp	0.422
abcdefghij	13589	13688	100	26.3	27.5	-0.013	51.0	neutral	0.064
abcdefghij	13689	13788	100	33.6	35.2	-0.040	44.0	neutral	0.065
abcdefghij	13789	13888	100	30.6	31.9	-0.050	45.0	neutral	0.057
abcdefghij	13889	13988	100	29.3	32.9	0.039	47.0	neutral	0.168
abcdefghij	13989	14088	100	28.6	34.8	0.183	48.0	neutral	0.286
abcdefghij	14189	14288	100	24.1	27.9	0.227	58.0	neutral	0.207
abcdefghij	14389	14488	100	25.8	30.0	0.240	55.0	neutral	0.22
abcdefghij	14489	14588	100	25.7	32.3	0.252	51.0	amp	0.329
abcdefghij	14589	14688	100	29.6	36.7	0.310	49.0	amp	0.312
abcdefghij	14689	14788	100	33.7	34.3	0.013	61.0	neutral	0.027
abcdefghij	14789	14857	69	38.1	34.6	0.083	50.7	neutral	-0.142
abcdefghij	14858	14957	100	24.6	38.7	0.545	45.0	amp	0.652
abcdefghij	14958	15057	100	32.0	35.1	0.026	45.0	neutral	0.133
abcdefghij	15058	15157	100	27.1	40.0	0.429	47.0	amp	0.558
abcdefghij	15158	15257	100	25.5	33.5	0.450	60.0	amp	0.394
abcdefghij	15258	15357	100	27.1	27.7	0.054	52.0	neutral	0.031
abcdefghij	15358	15457	100	21.2	27.9	0.211	43.0	neutral	0.393
abcdefghij	15458	15557	100	30.3	30.4	0.002	49.0	neutral	0.004
abcdefghij	15558	15657	100	26.2	26.7	0.002	54.0	neutral	0.03
abcdefghij	15658	15757	100	27.4	34.7	0.158	46.0	neutral	0.343
abcdefghij	15858	15957	100	22.4	29.1	0.193	46.0	neutral	0.378
abcdefghij	16158	16257	100	23.5	19.9	-0.218	55.0	neutral	-0.238
abcdefghij	16258	16357	100	24.0	30.1	0.323	49.0	amp	0.325
abcdefghij	16358	16457	100	26.6	35.3	0.760	37.0	amp	0.407
abcdefghij	16458	16557	100	29.2	29.4	-0.173	46.0	neutral	0.012
abcdefghij	16558	16657	100	26.4	40.6	0.521	48.0	amp	0.624
abcdefghij	16658	16757	100	27.4	24.4	-0.059	57.0	neutral	-0.17
abcdefghij	16758	16857	100	28.8	32.3	0.185	55.0	neutral	0.165
abcdefghij	16858	16957	100	28.3	32.0	0.290	57.0	amp	0.179
abcdefghij	16958	17057	100	30.5	31.4	-0.142	46.0	neutral	0.043
abcdefghij	17058	17157	100	33.1	33.9	0.242	40.0	neutral	0.035
abcdefghij	17158	17257	100	28.9	28.0	0.181	50.0	neutral	-0.044
abcdefghij	17258	17357	100	31.5	32.4	0.012	54.0	neutral	0.04
abcdefghij	17358	17457	100	26.7	31.4	0.054	43.0	neutral	0.236
abcdefghij	17458	17557	100	24.1	33.4	0.578	57.0	amp	0.467
abcdefghij	17558	17657	100	29.3	30.5	0.034	53.0	neutral	0.057
abcdefghij	17658	17757	100	27.4	28.3	0.045	49.0	neutral	0.047
abcdefghij	17758	17857	100	28.3	25.5	-0.226	51.0	neutral	-0.149
abcdefghij	17858	17957	100	32.1	30.8	-0.134	51.0	neutral	-0.057
abcdefghij	17958	18057	100	26.4	23.0	-0.310	45.0	del	-0.203
abcdefghij	18058	18157	100	31.7	32.7	-0.008	41.0	neutral	0.044
abcdefghij	18158	18257	100	30.7	25.9	-0.427	43.0	del	-0.245
abcdefghij	18258	18357	100	28.8	28.7	-0.187	43.0	neutral	-0.005
abcdefghij	18358	18457	100	28.1	26.4	-0.198	45.0	neutral	-0.091
abcdefghij	18458	18557	100	35.2	33.4	-0.182	45.0	neutral	-0.075
abcdefghij	18558	18657	100	26.3	26.4	0.228	50.0	neutral	0.003
abcdefghij	18658	18757	100	29.7	28.4	0.044	57.0	neutral	-0.067
abcdefghij	18758	18857	100	24.9	28.0	0.115	41.0	neutral	0.167
abcdefghij	18858	18957	100	27.9	28.2	-0.091	48.0	neutral	0.012
abcdefghij	18958	19057	100	21.0	28.1	0.288	47.0	amp	0.417
abcdefghij	19058	19157	100	33.0	34.9	-0.021	48.0	neutral	0.082
abcdefghij	19158	19257	100	24.6	31.3	0.271	51.0	amp	0.348
abcdefghij	19258	19357	100	42.7	37.3	-0.302	45.0	del	-0.195
abcdefghij	19358	19457	100	27.6	26.4	-0.095	54.0	neutral	-0.067
abcdefghij	19458	19557	100	29.3	35.7	0.310	39.0	amp	0.284
abcdefghij	19558	19657	100	25.7	29.9	0.030	46.0	neutral	0.215
abcdefghij	19658	19757	100	25.4	33.5	0.369	54.0	amp	0.397
abcdefghij	19758	19857	100	30.6	38.3	0.324	49.0	amp	0.326
abcdefghij	19858	19957	100	35.0	34.3	-0.146	42.0	neutral	-0.031
abcdefghij	19958	20057	100	30.0	33.3	0.128	53.0	neutral	0.151
abcdefghij	20058	20157	100	34.5	38.0	0.063	51.0	neutral	0.14
abcdefghij	20158	20257	100	35.3	29.3	-0.378	45.0	del	-0.271
abcdefghij	20258	20357	100	33.2	27.2	-0.265	52.0	del	-0.288
abcdefghij	20358	20457	100	37.3	26.5	-0.492	56.0	del	-0.492
abcdefghij	20458	20557	100	27.0	28.1	-0.046	44.0	neutral	0.059
abcdefghij	20558	20657	100	34.2	31.5	-0.006	57.0	neutral	-0.117
abcdefghij	20658	20757	100	33.3	29.9	-0.285	47.0	del	-0.156
abcdefghij	20758	20857	100	33.1	34.0	0.058	55.0	neutral	0.038
abcdefghij	20858	20957	100	32.1	24.4	-0.223	59.0	neutral	-0.399
abcdefghij	20958	21057	100	24.7	29.6	0.162	48.0	neutral	0.265
abcdefghij	21058	21157	100	31.3	27.3	-0.274	51.0	del	-0.197
abcdefghij	21158	21257	100	29.6	28.0	-0.081	56.0	neutral	-0.081
abcdefghij	21258	21357	100	37.1	28.9	-0.475	42.0	del	-0.36
abcdefghij	21358	21457	100	32.4	25.8	-0.220	57.0	neutral	-0.331
abcdefghij	21458	21557	100	28.6	20.5	-0.555	51.0	del	-0.478
abcdefghij	21558	21657	100	24.1	25.2	0.292	50.0	amp	0.067
abcdefghij	21658	21757	100	26.1	21.0	-0.287	52.0	del	-0.31
abcdefghij	21758	21857	100	24.0	26.4	0.155	55.0	neutral	0.135
abcdefghij	21858	21957	100	30.2	23.4	-0.141	50.0	neutral	-0.366
abcdefghij	21958	22057	100	25.5	28.8	0.099	51.0	neutral	0.176
abcdefghij	22058	22157	100	31.5	29.0	-0.139	53.0	neutral	-0.116
abcdefghij	22158	22257	100	33.7	33.5	-0.109	48.0	neutral	-0.006
abcdefghij	22258	22357	100	32.0	32.5	0.048	52.0	neutral	0.025
abcdefghij	22358	22457	100	29.3	32.7	0.335	59.0	amp	0.159
abcdefghij	22458	22557	100	31.1	34.7	0.178	52.0	neutral	0.155
abcdefghij	22558	22657	100	30.4	29.0	-0.090	53.0	neutral	-0.067
abcdefghij	22658	22757	100	31.6	28.8	-0.238	45.0	neutral	-0.131
abcdefghij	22758	22857	100	37.0	24.6	-0.566	55.0	del	-0.586
abcdefghij	22858	22957	100	29.4	28.7	-0.007	52.0	neutral	-0.03
abcdefghij	22958	23057	100	32.7	36.3	0.050	48.0	neutral	0.153
abcdefghij	23058	23157	100	26.2	40.1	0.431	43.0	amp	0.613
abcdefghij	23158	23257	100	33.1	39.6	0.130	47.0	neutral	0.259
abcdefghij	23258	23357	100	30.9	42.9	0.496	52.0	amp	0.473
abcdefghij	23358	23457	100	29.6	35.0	0.218	53.0	neutral	0.241
abcdefghij	23458	23557	100	36.2	30.5	-0.269	53.0	del	-0.246
abcdefghij	23558	23657	100	25.5	33.0	0.245	47.0	neutral	0.374
abcdefghij	23658	23757	100	31.4	30.2	-0.130	51.0	neutral	-0.053
abcdefghij	23758	23857	100	26.9	37.9	0.443	41.0	amp	0.495
abcdefghij	23858	23957	100	25.7	34.3	0.641	50.0	amp	0.416
abcdefghij	23958	24057	100	24.3	41.2	0.762	49.0	amp	0.764
abcdefghij	24058	24157	100	27.2	34.2	0.230	48.0	neutral	0.333
abcdefghij	24158	24257	100	25.4	43.3	0.666	44.0	amp	0.771
abcdefghij	24258	24357	100	29.3	33.0	-0.013	43.0	neutral	0.169
abcdefghij	24358	24457	100	20.8	33.8	0.584	42.0	amp	0.699
abcdefghij	24458	24557	100	31.7	33.6	-0.020	48.0	neutral	0.083
abcdefghij	24558	24657	100	24.8	32.4	0.413	39.0	amp	0.387
abcdefghij	24658	24757	100	30.1	24.8	-0.356	51.0	del	-0.279
abcdefghij	24758	24857	100	27.6	25.4	-0.104	58.0	neutral	-0.124
abcdefghij	24858	24957	100	25.6	20.2	-0.439	48.0	del	-0.336
abcdefghij	24958	25057	100	30.1	26.8	-0.246	51.0	neutral	-0.169
abcdefghij	25058	25157	100	31.8	23.5	-0.440	49.0	del	-0.438
abcdefghij	25158	25257	100	36.8	28.0	-0.471	51.0	del	-0.394
abcdefghij	25258	25357	100	32.6	27.8	-0.208	58.0	neutral	-0.228
abcdefghij	25358	25457	100	38.0	33.6	-0.205	54.0	neutral	-0.177
abcdefghij	25458	25557	100	34.2	27.7	-0.408	48.0	del	-0.305
abcdefghij	25558	25657	100	32.2	32.3	-0.102	45.0	neutral	0.005
abcdefghij	25658	25757	100	29.6	28.2	-0.123	41.0	neutral	-0.071
abcdefghij	25758	25857	100	27.1	29.2	0.033	51.0	neutral	0.11
abcdefghij	25858	25957	100	28.3	32.0	-0.010	46.0	neutral	0.175
abcdefghij	25958	26057	100	24.9	30.5	0.515	50.0	amp	0.29
abcdefghij	26058	26157	100	35.2	30.5	-0.182	52.0	neutral	-0.205
abcdefghij	26158	26257	100	26.8	21.5	-0.339	53.0	del	-0.316
abcdefghij	26258	26357	100	35.3	27.3	-0.372	49.0	del	-0.37
abcdefghij	26358	26457	100	24.6	21.2	-0.322	45.0	del	-0.215
abcdefghij	26458	26557	100	30.3	21.1	-0.623	48.0	del	-0.52
abcdefghij	26558	26657	100	26.8	18.3	-0.547	49.0	del	-0.545
abcdefghij	26658	26757	100	31.5	20.0	-0.431	50.0	del	-0.656
abcdefghij	26758	26857	100	35.0	20.7	-0.645	57.0	del	-0.756
abcdefghij	26858	26957	100	33.5	22.3	-0.567	55.0	del	-0.587
abcdefghij	26958	27057	100	33.0	27.2	-0.378	48.0	del	-0.275
abcdefghij	27058	27157	100	32.6	33.8	0.029	53.0	neutral	0.052
abcdefghij	27158	27257	100	35.5	33.2	-0.228	47.0	neutral	-0.099
abcdefghij	27258	27357	100	33.5	35.4	0.099	55.0	neutral	0.079
abcdefghij	27358	27457	100	35.8	35.0	-0.110	51.0	neutral	-0.033
abcdefghij	27458	27557	100	35.3	27.1	-0.359	52.0	del	-0.382
abcdefghij	27558	27657	100	30.5	23.3	-0.403	61.0	del	-0.389
abcdefghij	27658	27757	100	31.1	25.4	-0.323	54.0	del	-0.295
abcdefghij	27758	27857	100	31.5	20.3	-0.738	48.0	del	-0.635
abcdefghij	27858	27957	100	29.0	29.9	0.040	49.0	neutral	0.042
abcdefghij	27958	28057	100	27.4	31.1	0.080	44.0	neutral	0.185
abcdefghij	28058	28157	100	26.6	29.0	-0.059	43.0	neutral	0.123
abcdefghij	28158	28257	100	28.4	25.8	-0.117	55.0	neutral	-0.137
abcdefghij	28258	28357	100	30.2	31.7	-0.060	47.0	neutral	0.069
abcdefghij	28358	28457	100	29.8	24.2	-0.482	43.0	del	-0.3
abcdefghij	28458	28557	100	34.0	26.6	-0.457	45.0	del	-0.35
abcdefghij	28558	28657	100	27.2	21.6	-0.516	46.0	del	-0.331
abcdefghij	28658	28757	100	29.1	19.2	-0.427	59.0	del	-0.603
abcdefghij	28758	28857	100	20.5	20.8	0.040	62.0	neutral	0.025
abcdefghij	28858	28957	100	22.3	23.7	0.060	54.0	neutral	0.088
abcdefghij	28958	29054	97	20.2	25.4	0.253	51.5	amp	0.33
abcdefghij	29055	29154	100	25.4	17.0	-0.709	47.0	del	-0.58
abcdefghij	29155	29254	100	30.5	26.1	-0.326	44.0	del	-0.221
abcdefghij	29255	29354	100	25.4	23.0	-0.250	45.0	neutral	-0.143
abcdefghij	29355	29454	100	30.9	25.8	-0.238	52.0	neutral	-0.261
abcdefghij	29455	29554	100	28.5	34.7	0.208	51.0	neutral	0.285
abcdefghij	29555	29654	100	23.2	28.1	0.228	41.0	neutral	0.28
abcdefghij	29655	29754	100	23.9	33.6	0.385	45.0	amp	0.492
abcdefghij	29755	29854	100	26.4	30.1	0.086	48.0	neutral	0.189
abcdefghij	29855	29954	100	22.4	25.6	0.161	54.0	neutral	0.189
abcdefghij	29955	30054	100	30.5	27.0	-0.190	61.0	neutral	-0.176
abcdefghij	30055	30154	100	27.9	25.0	-0.143	62.0	neutral	-0.158
abcdefghij	30155	30254	100	28.8	29.8	-0.080	47.0	neutral	0.049
abcdefghij	30255	30354	100	27.4	26.3	-0.136	51.0	neutral	-0.059
abcdefghij	30355	30454	100	27.6	30.1	0.073	41.0	neutral	0.125
abcdefghij	30455	30554	100	24.9	25.8	-0.053	44.0	neutral	0.052
abcdefghij	30555	30654	100	26.2	22.4	-0.208	52.0	neutral	-0.231
abcdefghij	30655	30754	100	30.7	30.1	-0.103	51.0	neutral	-0.026
abcdefghij	30755	30854	100	22.0	27.4	0.202	42.0	neutral	0.317
abcdefghij	30855	30954	100	29.9	36.1	0.169	44.0	neutral	0.274
abcdefghij	30955	31054	100	29.2	29.5	-0.009	53.0	neutral	0.014
abcdefghij	31055	31154	100	33.2	31.2	-0.166	51.0	neutral	-0.089
abcdefghij	31155	31254	100	30.2	28.3	-0.069	52.0	neutral	-0.092
abcdefghij	31255	31354	100	37.6	19.2	-0.856	57.0	del	-0.967
abcdefghij	31355	31454	100	27.0	33.7	0.135	46.0	neutral	0.32
abcdefghij	31455	31554	100	32.5	26.2	-0.439	47.0	del	-0.31
abcdefghij	31555	31654	100	26.5	36.5	0.276	46.0	amp	0.461
abcdefghij	31655	31754	100	26.0	25.1	-0.175	47.0	neutral	-0.046
abcdefghij	31755	31854	100	26.6	32.1	0.259	61.0	amp	0.273
abcdefghij	31855	31954	100	27.3	26.1	-0.169	36.0	neutral	-0.062
abcdefghij	31955	32054	100	26.5	30.5	0.220	55.0	neutral	0.2
abcdefghij	32055	32154	100	31.0	28.0	-0.251	48.0	del	-0.148
abcdefghij	32155	32254	100	27.2	30.0	0.037	48.0	neutral	0.14
abcdefghij	32255	32354	100	30.6	29.5	0.003	60.0	neutral	-0.053
abcdefghij	32355	32454	100	25.4	30.9	0.300	55.0	amp	0.28
abcdefghij	32455	32554	100	34.6	33.5	-0.025	58.0	neutral	-0.045
abcdefghij	32555	32654	100	28.5	32.2	0.197	52.0	neutral	0.174
abcdefghij	32655	32754	100	31.5	39.0	0.120	46.0	neutral	0.305
abcdefghij	32755	32854	100	28.9	28.9	0.022	58.0	neutral	0.002
abcdefghij	32855	32954	100	26.5	34.2	0.385	55.0	amp	0.365
abcdefghij	32955	33054	100	33.6	30.7	-0.317	46.0	del	-0.132
abcdefghij	33055	33154	100	28.1	34.5	0.297	56.0	amp	0.297
abcdefghij	33155	33254	100	31.6	33.4	-0.106	46.0	neutral	0.079
abcdefghij	33255	33354	100	34.3	32.7	-0.175	44.0	neutral	-0.07
abcdefghij	33355	33454	100	33.9	26.7	-0.323	52.0	del	-0.346
abcdefghij	33455	33554	100	26.3	28.5	0.089	54.0	neutral	0.117
abcdefghij	33555	33654	100	32.7	25.3	-0.347	58.0	del	-0.367
abcdefghij	33655	33754	100	27.0	28.0	-0.074	47.0	neutral	0.055
abcdefghij	33755	33854	100	30.0	26.0	-0.189	55.0	neutral	-0.209
abcdefghij	33855	33954	100	21.9	22.0	-0.040	41.0	neutral	0.012
abcdefghij	33955	34054	100	25.6	22.9	-0.164	49.0	neutral	-0.162
abcdefghij	34055	34154	100	24.6	24.0	-0.016	55.0	neutral	-0.036
abcdefghij	34155	34254	100	25.8	22.9	-0.200	54.0	neutral	-0.172
abcdefghij	34255	34354	100	27.9	21.1	-0.507	45.0	del	-0.4
abcdefghij	34355	34454	100	30.7	25.5	-0.247	52.0	neutral	-0.27
abcdefghij	34455	34554	100	27.1	25.5	-0.088	56.0	neutral	-0.088
abcdefghij	34555	34654	100	23.6	29.0	0.328	39.0	amp	0.302
abcdefghij	34655	34754	100	31.2	26.0	-0.269	49.0	del	-0.267
abcdefghij	34755	34854	100	23.8	27.6	0.213	49.0	neutral	0.215
abcdefghij	34855	34954	100	26.4	25.0	-0.204	47.0	neutral	-0.075
abcdefghij	34955	35054	100	25.1	29.0	0.131	51.0	neutral	0.208
abcdefghij	35055	35154	100	30.2	28.5	-0.085	49.0	neutral	-0.083
abcdefghij	35155	35254	100	24.4	32.9	0.328	48.0	amp	0.431
abcdefghij	35255	35354	100	32.6	33.2	-0.074	48.0	neutral	0.029
abcdefghij	35355	35454	100	29.9	34.0	0.082	44.0	neutral	0.187
abcdefghij	35455	35554	100	30.3	30.0	-0.116	48.0	neutral	-0.013
abcdefghij	35555	35654	100	28.4	36.6	0.187	43.0	neutral	0.369
abcdefghij	35655	35754	100	31.3	30.9	0.003	55.0	neutral	-0.017
abcdefghij	35755	35854	100	29.6	31.6	-0.086	43.0	neutral	0.096
abcdefghij	35855	35954	100	22.4	36.1	0.915	50.0	amp	0.69
abcdefghij	35955	36054	100	28.8	28.5	-0.038	53.0	neutral	-0.015
abcdefghij	36055	36154	100	28.3	32.9	0.034	46.0	neutral	0.219
abcdefghij	36155	36254	100	28.9	27.8	0.055	57.0	neutral	-0.056
abcdefghij	36255	36354	100	30.3	27.5	-0.323	46.0	del	-0.138
abcdefghij	36355	36454	100	34.6	23.8	-0.719	43.0	del	-0.537
abcdefghij	36455	36554	100	30.3	22.9	-0.403	56.0	del	-0.403
abcdefghij	36555	36614	60	26.2	23.1	0.042	50.0	neutral	-0.183
abcdefghij	38561	38579	19	32.5	18.9	-0.910	47.4	del	-0.781
abcdefghij	38892	38901	10	29.4	19.3	-0.169	30.0	neutral	-0.607
abcdefghij	39542	39635	94	29.0	14.9	-0.851	57.4	del	-0.962
abcdefghij	39909	39936	28	32.4	16.0	-1.037	53.6	del	-1.014
abcdefghij	40498	40543	46	26.6	16.5	-0.662	39.1	del	-0.688
abcdefghij	40734	40754	21	21.0	13.5	-0.169	28.6	neutral	-0.638
abcdefghij	41360	41433	74	28.2	12.2	-0.986	50.0	del	-1.211
abcdefghij	41574	41589	16	20.4	12.3	-0.731	56.2	del	-0.731
abcdefghij	41875	41885	11	28.1	16.3	-0.169	27.3	neutral	-0.788
abcdefghij	42080	42097	18	33.1	20.3	-0.478	50.0	del	-0.703
abcdefghij	42588	42604	17	20.5	11.4	-0.972	47.1	del	-0.843
abcdefghij	42823	42865	43	27.6	14.1	-0.956	62.8	del	-0.971
abcdefghij	42957	42999	43	24.6	13.6	-0.932	51.2	del	-0.855
abcdefghij	43429	43528	100	29.7	10.2	-1.517	55.0	del	-1.537
abcdefghij	43529	43545	17	30.5	17.1	-0.504	35.3	del	-0.837
abcdefghij	44194	44225	32	30.3	13.8	-1.132	56.2	del	-1.132
abcdefghij	44525	44545	21	37.8	11.5	-0.169	33.3	neutral	-1.712
abcdefghij	44791	44831	41	36.9	20.3	-0.968	48.8	del	-0.865
abcdefghij	46547	46560	14	23.4	19.4	0.063	35.7	neutral	-0.27
abcdefghij	46784	46795	12	26.1	11.6	-0.946	50.0	del	-1.171
abcdefghij	48576	48591	16	26.7	34.4	0.383	62.5	amp	0.368
abcdefghij	50915	50951	37	33.7	15.3	-1.171	54.1	del	-1.143
abcdefghij	51289	51312	24	25.8	11.5	-1.270	45.8	del	-1.163
abcdefghij	51931	51996	66	34.0	14.7	-1.103	57.6	del	-1.214
abcdefghij	53276	53297	22	41.1	13.2	-1.464	59.1	del	-1.64
abcdefghij	54836	54902	67	30.2	16.0	-1.017	44.8	del	-0.912
abcdefghij	55521	55532	12	21.5	20.3	-0.169	25.0	neutral	-0.08
abcdefghij	59407	59419	13	28.1	28.2	-0.015	53.8	neutral	0.008
abcdefghij	59598	59620	23	34.2	15.0	-0.169	65.2	neutral	-1.184
abcdefghij	60264	60297	34	29.6	13.8	-1.081	52.9	del	-1.104
abcdefghij	61439	61458	20	29.4	14.4	-0.805	50.0	del	-1.03
abcdefghij	61459	61483	25	30.7	12.4	-1.256	60.0	del	-1.312
abcdefghij	62291	62330	40	33.9	14.4	-1.126	57.5	del	-1.237
abcdefghij	62715	62767	53	37.8	13.9	-1.575	47.2	del	-1.446
abcdefghij	63524	63543	20	21.0	26.1	0.203	45.0	neutral	0.31
abcdefghij	66615	66714	100	22.6	13.6	-0.815	51.0	del	-0.738
abcdefghij	66715	66733	19	20.6	16.8	-0.169	31.6	neutral	-0.294
abcdefghij	67210	67229	20	26.5	12.0	-0.918	50.0	del	-1.143
abcdefghij	67489	67519	31	23.6	13.7	-0.446	38.7	del	-0.786
abcdefghij	67894	67942	49	31.3	18.0	-0.803	49.0	del	-0.801
abcdefghij	68110	68174	65	24.7	10.3	-1.038	50.8	del	-1.263
abcdefghij	70099	70174	76	25.3	10.7	-1.221	55.3	del	-1.241
abcdefghij	73003	73035	33	27.4	13.4	-0.971	60.6	del	-1.027
abcdefghij	73124	73158	35	27.5	10.1	-1.518	51.4	del	-1.441
abcdefghij	75426	75456	31	39.7	19.4	-1.016	58.1	del	-1.036
abcdefghij	77834	77933	100	23.1	13.7	-0.936	43.0	del	-0.754
abcdefghij	77934	78015	82	28.6	10.5	-1.099	37.8	del	-1.452
abcdefghij	78419	78432	14	26.8	20.3	-0.068	35.7	neutral	-0.401
abcdefghij	79567	79593	27	28.1	19.3	-0.331	40.7	del	-0.538
abcdefghij	80316	80331	16	27.7	16.1	-0.968	43.8	del	-0.786
abcdefghij	80547	80564	18	22.6	16.2	-0.498	61.1	del	-0.484
abcdefghij	82067	82134	68	30.5	18.4	-0.762	54.4	del	-0.734
abcdefghij	82782	82881	100	34.1	14.5	-1.238	49.0	del	-1.236
abcdefghij	84109	84123	15	22.1	17.5	-0.521	46.7	del	-0.336
abcdefghij	85042	85059	18	27.3	21.8	0.015	38.9	neutral	-0.325
abcdefghij	85690	85722	33	25.3	10.5	-1.237	39.4	del	-1.263
abcdefghij	87925	87934	10	32.1	22.9	-0.262	50.0	del	-0.487
abcdefghij	88329	88340	12	28.4	17.6	-0.468	50.0	del	-0.693
abcdefghij	88341	88360	20	29.8	10.2	-1.322	50.0	del	-1.547
abcdefghij	88744	88758	15	29.9	22.2	-0.372	60.0	del	-0.428
abcdefghij	92118	92137	20	35.8	10.1	-1.603	50.0	del	-1.828
abcdefghij	93482	93519	38	23.6	17.1	-0.240	50.0	neutral	-0.465
abcdefghij	93871	93929	59	29.5	20.1	-0.656	44.1	del	-0.551
abcdefghij	95525	95591	67	23.7	17.7	-0.077	38.8	neutral	-0.417
abcdefghij	98716	98737	22	33.3	22.6	-0.663	45.5	del	-0.556
abcdefghij	101819	101828	10	24.8	17.2	-0.169	20.0	neutral	-0.528
abcdefghij	103197	103296	100	34.5	12.9	-1.602	46.0	del	-1.417
abcdefghij	103998	104025	28	32.8	16.0	-1.148	42.9	del	-1.033
abcdefghij	104295	104326	32	22.8	10.3	-0.169	68.8	neutral	-1.143
abcdefghij	104413	104426	14	29.3	15.8	-1.007	42.9	del	-0.892
abcdefghij	104637	104684	48	36.9	10.8	-1.821	41.7	del	-1.769
abcdefghij	106631	106664	34	31.3	22.0	-0.611	44.1	del	-0.506
abcdefghij	107330	107373	44	36.1	10.1	-1.611	50.0	del	-1.836
abcdefghij	108327	108337	11	39.6	10.5	-0.169	63.6	neutral	-1.91
abcdefghij	108445	108483	39	34.1	14.9	-1.215	53.8	del	-1.192
abcdefghij	108636	108652	17	31.5	21.9	-0.497	52.9	del	-0.52
abcdefghij	109756	109765	10	33.5	17.2	-0.755	40.0	del	-0.962
