chrom	chr_start	chr_stop	num_positions	normal_depth	tumor_depth	adjusted_log_ratio	gc_content	region_call	raw_ratio
abcdefghij	272	371	100	30.0	30.5	-0.196	56.0	neutral	0.023
abcdefghij	372	471	100	31.8	29.3	-0.121	55.0	neutral	-0.117
abcdefghij	472	571	100	28.1	37.4	0.252	45.0	amp	0.41
abcdefghij	572	671	100	31.0	27.4	-0.243	59.0	neutral	-0.181
abcdefghij	672	771	100	26.1	28.6	-0.086	56.0	neutral	0.133
abcdefghij	772	871	100	25.4	28.3	0.155	51.0	neutral	0.157
abcdefghij	872	971	100	34.3	32.6	-0.102	44.0	neutral	-0.073
abcdefghij	972	1071	100	29.8	26.8	-0.159	58.0	neutral	-0.151
abcdefghij	1072	1171	100	30.6	32.5	0.230	40.0	neutral	0.086
abcdefghij	1172	1271	100	35.1	25.6	-0.448	46.0	del	-0.454
abcdefghij	1272	1371	100	30.1	24.1	-0.525	54.0	del	-0.323
abcdefghij	1372	1471	100	26.8	26.2	-0.236	54.0	neutral	-0.034
abcdefghij	1472	1571	100	33.1	22.6	-0.571	47.0	del	-0.552
abcdefghij	1572	1671	100	26.4	26.5	-0.213	56.0	neutral	0.006
abcdefghij	1672	1771	100	26.3	26.7	-0.136	45.0	neutral	0.022
abcdefghij	1772	1871	100	22.0	18.8	-0.243	47.0	neutral	-0.224
abcdefghij	1872	1971	100	23.9	30.3	0.318	48.0	amp	0.34
abcdefghij	1972	2071	100	24.9	25.8	-0.150	54.0	neutral	0.052
abcdefghij	2072	2171	100	24.9	32.5	0.306	52.0	amp	0.387
abcdefghij	2172	2271	100	24.1	25.2	0.068	46.0	neutral	0.062
abcdefghij	2272	2371	100	29.5	31.6	0.129	60.0	neutral	0.099
abcdefghij	2372	2471	100	36.7	28.1	-0.287	41.0	del	-0.384
abcdefghij	2472	2530	59	36.2	23.2	-0.547	50.8	del	-0.638
abcdefghij	2531	2630	100	27.9	34.0	0.157	49.0	neutral	0.286
abcdefghij	2631	2730	100	36.5	23.6	-0.534	50.0	del	-0.625
abcdefghij	2731	2830	100	21.9	32.3	0.589	60.0	amp	0.559
abcdefghij	2831	2930	100	32.4	33.5	0.032	47.0	neutral	0.051
abcdefghij	2931	3030	100	33.5	30.0	-0.223	59.0	neutral	-0.161
abcdefghij	3031	3130	100	31.9	37.1	0.060	45.0	neutral	0.218
abcdefghij	3131	3230	100	38.0	30.4	-0.323	55.0	del	-0.319
abcdefghij	3231	3330	100	33.4	26.9	-0.111	57.0	neutral	-0.313
abcdefghij	3331	3430	100	29.0	27.3	0.057	40.0	neutral	-0.087
abcdefghij	3431	3530	100	33.3	29.8	-0.180	48.0	neutral	-0.158
abcdefghij	3531	3630	100	27.4	27.1	-0.144	49.0	neutral	-0.015
abcdefghij	3631	3730	100	27.8	28.1	-0.004	47.0	neutral	0.015
abcdefghij	3731	3830	100	20.3	28.8	0.501	51.0	amp	0.503
abcdefghij	3831	3930	100	24.3	24.6	0.018	55.0	neutral	0.022
abcdefghij	3931	4030	100	28.2	25.8	-0.153	48.0	neutral	-0.131
abcdefghij	4031	4130	100	22.5	21.7	-0.050	55.0	neutral	-0.046
abcdefghij	4131	4230	100	28.2	25.8	-0.152	48.0	neutral	-0.13
abcdefghij	4231	4330	100	35.1	25.1	-0.487	51.0	del	-0.485
abcdefghij	4331	4430	100	22.5	25.4	0.346	43.0	amp	0.173
abcdefghij	4431	4523	93	31.5	33.6	-0.108	54.8	neutral	0.094
abcdefghij	4524	4623	100	21.4	30.4	0.475	44.0	amp	0.504
abcdefghij	4624	4723	100	28.3	34.1	0.266	51.0	amp	0.268
abcdefghij	4724	4823	100	33.8	28.4	-0.257	55.0	del	-0.253
abcdefghij	4824	4923	100	34.8	31.9	-0.128	51.0	neutral	-0.126
abcdefghij	4924	5023	100	34.7	31.3	-0.292	53.0	del	-0.149
abcdefghij	5024	5123	100	35.8	29.1	-0.501	54.0	del	-0.299
abcdefghij	5124	5223	100	25.8	32.0	0.287	48.0	amp	0.309
abcdefghij	5224	5323	100	37.4	28.9	-0.592	56.0	del	-0.373
abcdefghij	5324	5423	100	30.9	29.1	-0.088	51.0	neutral	-0.086
abcdefghij	5424	5523	100	30.1	31.1	0.028	48.0	neutral	0.05
abcdefghij	5524	5623	100	30.9	28.6	-0.104	46.0	neutral	-0.11
abcdefghij	5624	5723	100	25.6	31.4	0.214	52.0	neutral	0.295
abcdefghij	5724	5823	100	24.5	33.5	0.293	45.0	amp	0.451
abcdefghij	5824	5923	100	23.4	31.5	0.424	51.0	amp	0.426
abcdefghij	5924	6023	100	28.7	40.8	0.304	54.0	amp	0.506
abcdefghij	6024	6123	100	26.4	36.0	0.365	52.0	amp	0.446
abcdefghij	6124	6223	100	32.7	36.0	0.136	55.0	neutral	0.14
abcdefghij	6224	6323	100	24.5	37.0	0.591	51.0	amp	0.593
abcdefghij	6324	6423	100	23.2	33.4	0.522	51.0	amp	0.524
abcdefghij	6424	6523	100	23.6	28.4	0.136	49.0	neutral	0.265
abcdefghij	6524	6623	100	24.7	28.4	-0.019	56.0	neutral	0.2
abcdefghij	6624	6723	100	27.5	23.5	-0.291	59.0	del	-0.229
abcdefghij	6724	6823	100	32.9	33.4	-0.119	53.0	neutral	0.024
abcdefghij	6824	6923	100	33.5	39.6	0.098	53.0	neutral	0.241
abcdefghij	6924	7023	100	32.9	35.0	-0.114	54.0	neutral	0.088
abcdefghij	7024	7123	100	26.8	33.2	0.170	53.0	neutral	0.313
abcdefghij	7124	7223	100	32.8	27.9	-0.147	63.0	neutral	-0.233
abcdefghij	7224	7323	100	22.4	25.5	0.166	48.0	neutral	0.188
abcdefghij	7324	7423	100	27.8	27.1	-0.053	47.0	neutral	-0.034
abcdefghij	7424	7523	100	23.5	27.5	0.074	45.0	neutral	0.232
abcdefghij	7524	7623	100	23.0	27.2	0.082	45.0	neutral	0.24
abcdefghij	7624	7723	100	28.8	23.7	-0.108	43.0	neutral	-0.281
abcdefghij	7724	7823	100	31.8	29.5	-0.267	45.0	del	-0.109
abcdefghij	7824	7923	100	39.6	24.5	-0.696	51.0	del	-0.694
abcdefghij	7924	8023	100	44.2	27.7	-0.705	44.0	del	-0.676
abcdefghij	8024	8123	100	39.3	26.0	-0.506	50.0	del	-0.597
abcdefghij	8124	8223	100	40.2	26.6	-0.617	48.0	del	-0.595
abcdefghij	8224	8323	100	29.0	25.7	-0.377	54.0	del	-0.175
abcdefghij	8324	8423	100	36.8	25.1	-0.553	51.0	del	-0.551
abcdefghij	8424	8523	100	25.8	27.7	0.079	48.0	neutral	0.101
abcdefghij	8524	8623	100	33.5	30.2	-0.149	55.0	neutral	-0.145
abcdefghij	8624	8723	100	24.0	31.8	0.494	50.0	amp	0.403
abcdefghij	8724	8823	100	25.5	37.9	0.573	51.0	amp	0.575
abcdefghij	8824	8923	100	29.0	28.1	-0.243	54.0	neutral	-0.041
abcdefghij	8924	9023	100	28.5	31.8	0.154	55.0	neutral	0.158
abcdefghij	9024	9123	100	29.5	28.3	-0.141	52.0	neutral	-0.06
abcdefghij	9124	9223	100	28.7	34.5	0.065	54.0	neutral	0.267
abcdefghij	9224	9323	100	22.0	37.0	0.739	58.0	amp	0.747
abcdefghij	9324	9423	100	26.0	31.8	0.132	45.0	neutral	0.29
abcdefghij	9424	9523	100	20.1	31.0	0.491	49.0	amp	0.62
abcdefghij	9524	9623	100	25.5	26.0	0.008	48.0	neutral	0.03
abcdefghij	9624	9723	100	25.2	28.7	0.277	50.0	amp	0.186
abcdefghij	9724	9823	100	27.1	25.7	-0.221	53.0	neutral	-0.078
abcdefghij	9824	9923	100	30.2	26.5	-0.317	49.0	del	-0.188
abcdefghij	9924	10023	100	29.0	30.6	-0.050	49.0	neutral	0.079
abcdefghij	10024	10123	100	33.0	28.5	-0.411	54.0	del	-0.209
abcdefghij	10124	10223	100	25.5	28.1	0.149	46.0	neutral	0.143
abcdefghij	10224	10323	100	32.4	34.7	0.300	57.0	amp	0.098
abcdefghij	10324	10423	100	25.1	26.5	0.059	47.0	neutral	0.078
abcdefghij	10424	10523	100	24.2	37.8	0.498	53.0	amp	0.641
abcdefghij	10524	10621	98	28.1	30.4	0.255	40.8	amp	0.111
abcdefghij	10622	10721	100	26.8	28.3	0.169	50.0	neutral	0.078
abcdefghij	10722	10821	100	28.0	30.1	-0.095	54.0	neutral	0.107
abcdefghij	10822	10921	100	33.4	20.2	-0.723	51.0	del	-0.721
abcdefghij	10922	11021	100	21.5	27.0	0.320	58.0	amp	0.328
abcdefghij	11022	11121	100	26.2	25.0	-0.063	46.0	neutral	-0.069
abcdefghij	11122	11221	100	25.7	30.7	0.125	49.0	neutral	0.254
abcdefghij	11222	11321	100	28.5	32.1	-0.032	54.0	neutral	0.17
abcdefghij	11322	11421	100	30.7	40.9	0.408	58.0	amp	0.416
abcdefghij	11422	11521	100	32.0	30.8	-0.026	39.0	neutral	-0.054
abcdefghij	11522	11621	100	31.2	35.9	0.347	40.0	amp	0.203
abcdefghij	11622	11721	100	28.8	37.6	0.381	55.0	amp	0.385
abcdefghij	11722	11821	100	33.2	29.6	-0.161	46.0	neutral	-0.167
abcdefghij	11822	11921	100	36.3	34.6	-0.039	60.0	neutral	-0.069
abcdefghij	11922	12021	100	25.9	25.1	-0.185	53.0	neutral	-0.042
abcdefghij	12022	12121	100	29.8	24.9	-0.462	54.0	del	-0.26
abcdefghij	12122	12221	100	23.4	25.5	-0.091	56.0	neutral	0.128
abcdefghij	12222	12321	100	24.5	25.0	-0.119	53.0	neutral	0.024
abcdefghij	12322	12421	100	26.2	22.9	-0.048	40.0	neutral	-0.192
abcdefghij	12422	12521	100	26.4	26.0	-0.166	53.0	neutral	-0.023
abcdefghij	12522	12621	100	31.2	20.5	-0.606	51.0	del	-0.604
abcdefghij	12622	12721	100	28.2	32.3	0.176	48.0	neutral	0.198
abcdefghij	12722	12821	100	30.7	30.9	0.016	46.0	neutral	0.01
abcdefghij	12822	12921	100	26.2	29.1	-0.064	56.0	neutral	0.155
abcdefghij	12922	13021	100	30.6	27.1	-0.302	49.0	del	-0.173
abcdefghij	13022	13121	100	25.7	26.8	-0.161	56.0	neutral	0.058
abcdefghij	13122	13221	100	31.0	21.4	-0.002	62.0	neutral	-0.539
abcdefghij	13222	13321	100	35.9	24.5	-0.616	59.0	del	-0.554
abcdefghij	13322	13421	100	28.0	28.2	-0.194	54.0	neutral	0.008
abcdefghij	13422	13521	100	30.8	24.7	-0.447	49.0	del	-0.318
abcdefghij	13522	13621	100	24.0	34.2	0.294	56.0	amp	0.513
abcdefghij	13622	13721	100	29.6	28.1	0.023	41.0	neutral	-0.074
abcdefghij	13722	13821	100	33.3	33.7	0.022	46.0	neutral	0.016
abcdefghij	13822	13921	100	29.0	29.9	0.049	46.0	neutral	0.043
abcdefghij	13922	14021	100	31.8	26.5	-0.257	46.0	del	-0.263
abcdefghij	14022	14121	100	23.1	22.4	-0.049	55.0	neutral	-0.045
abcdefghij	14122	14221	100	21.2	22.3	0.161	50.0	neutral	0.07
abcdefghij	14222	14321	100	22.7	22.6	-0.226	56.0	neutral	-0.007
abcdefghij	14322	14421	100	21.0	26.9	0.446	50.0	amp	0.355
abcdefghij	14422	14521	100	25.7	28.7	-0.047	54.0	neutral	0.155
abcdefghij	14522	14621	100	27.8	29.4	0.170	50.0	neutral	0.079
abcdefghij	14622	14721	100	28.7	33.2	0.300	50.0	amp	0.209
abcdefghij	14722	14821	100	38.3	39.4	0.347	61.0	amp	0.04
abcdefghij	14822	14921	100	28.4	31.6	0.161	46.0	neutral	0.155
abcdefghij	14922	15021	100	27.9	38.7	0.450	48.0	amp	0.472
abcdefghij	15022	15121	100	32.1	29.3	0.125	42.0	neutral	-0.13
abcdefghij	15122	15221	100	22.3	32.7	0.541	58.0	amp	0.549
abcdefghij	15222	15321	100	30.3	33.5	0.064	52.0	neutral	0.145
abcdefghij	15422	15521	100	29.4	36.5	0.153	45.0	neutral	0.311
abcdefghij	15522	15621	100	27.3	35.8	0.387	55.0	amp	0.391
abcdefghij	15622	15721	100	27.4	33.0	0.361	50.0	amp	0.27
abcdefghij	15722	15821	100	22.2	38.6	0.581	56.0	amp	0.8
abcdefghij	15822	15921	100	21.4	31.2	0.516	44.0	amp	0.545
abcdefghij	15922	16021	100	20.0	37.4	0.821	52.0	amp	0.902
abcdefghij	16122	16221	100	21.9	28.9	0.260	53.0	amp	0.403
abcdefghij	16222	16321	100	24.5	24.6	-0.019	48.0	neutral	0.003
abcdefghij	16322	16421	100	25.8	25.2	0.066	41.0	neutral	-0.031
abcdefghij	16422	16521	100	27.0	27.3	0.190	43.0	neutral	0.017
abcdefghij	16522	16621	100	28.9	19.8	-0.704	45.0	del	-0.546
abcdefghij	16622	16721	100	26.4	24.2	-0.204	52.0	neutral	-0.123
abcdefghij	16722	16821	100	28.2	23.7	-0.251	55.0	del	-0.247
abcdefghij	16822	16921	100	28.4	34.8	0.233	59.0	neutral	0.295
abcdefghij	16922	17021	100	30.8	38.3	0.187	49.0	neutral	0.316
abcdefghij	17022	17121	100	30.6	36.7	0.242	48.0	neutral	0.264
abcdefghij	17122	17221	100	31.1	39.9	0.204	45.0	neutral	0.362
abcdefghij	17222	17321	100	30.6	24.8	-0.435	49.0	del	-0.306
abcdefghij	17322	17421	100	29.7	25.1	-0.367	49.0	del	-0.238
abcdefghij	17422	17521	100	23.6	25.2	-0.034	49.0	neutral	0.095
abcdefghij	17522	17621	100	27.7	30.4	-0.086	56.0	neutral	0.133
abcdefghij	17622	17721	100	28.1	34.5	0.294	51.0	amp	0.296
abcdefghij	17722	17821	100	27.9	30.4	0.215	50.0	neutral	0.124
abcdefghij	17822	17921	100	31.0	33.6	-0.011	49.0	neutral	0.118
abcdefghij	17922	18021	100	27.7	25.5	-0.140	48.0	neutral	-0.118
abcdefghij	18022	18121	100	31.5	24.4	-0.528	45.0	del	-0.37
abcdefghij	18122	18221	100	29.4	24.4	-0.168	41.0	neutral	-0.265
abcdefghij	18222	18321	100	30.7	21.7	-0.659	45.0	del	-0.501
abcdefghij	18322	18421	100	27.3	20.1	-0.343	41.0	del	-0.44
abcdefghij	18422	18521	100	34.2	29.8	-0.326	49.0	del	-0.197
abcdefghij	18522	18621	100	27.4	28.3	-0.109	45.0	neutral	0.049
abcdefghij	18622	18721	100	30.6	36.4	0.451	57.0	amp	0.249
abcdefghij	18722	18821	100	26.0	37.1	0.768	42.0	amp	0.513
abcdefghij	18822	18921	100	27.0	33.2	0.271	44.0	amp	0.3
abcdefghij	18922	19021	100	22.4	29.2	0.382	51.0	amp	0.384
abcdefghij	19022	19121	100	29.1	28.6	-0.055	44.0	neutral	-0.026
abcdefghij	19122	19221	100	27.9	28.0	0.008	51.0	neutral	0.01
abcdefghij	19222	19321	100	35.7	28.8	-0.330	47.0	del	-0.311
abcdefghij	19322	19421	100	35.2	29.9	-0.035	57.0	neutral	-0.237
abcdefghij	19422	19521	100	26.6	25.1	-0.054	39.0	neutral	-0.082
abcdefghij	19522	19621	100	27.9	22.3	-0.481	45.0	del	-0.323
abcdefghij	19622	19721	100	24.7	21.4	-0.113	50.0	neutral	-0.204
abcdefghij	19722	19821	100	28.3	24.1	-0.313	52.0	del	-0.232
abcdefghij	19822	19921	100	34.0	27.7	-0.126	43.0	neutral	-0.299
abcdefghij	19922	20021	100	32.4	38.2	0.155	52.0	neutral	0.236
abcdefghij	20022	20121	100	30.8	33.8	0.225	50.0	neutral	0.134
abcdefghij	20122	20221	100	38.1	33.5	-0.341	45.0	del	-0.183
abcdefghij	20222	20321	100	32.0	26.4	-0.421	53.0	del	-0.278
abcdefghij	20322	20421	100	37.0	34.4	-0.105	51.0	neutral	-0.103
abcdefghij	20422	20521	100	29.0	29.3	-0.129	53.0	neutral	0.014
abcdefghij	20522	20621	100	33.1	32.3	-0.115	52.0	neutral	-0.034
abcdefghij	20622	20721	100	32.1	29.7	-0.022	50.0	neutral	-0.113
abcdefghij	20722	20821	100	36.2	29.4	-0.379	52.0	del	-0.298
abcdefghij	20822	20921	100	30.1	24.3	-0.318	58.0	del	-0.31
abcdefghij	20922	21021	100	27.5	26.6	-0.048	51.0	neutral	-0.046
abcdefghij	21022	21121	100	29.2	28.7	-0.055	44.0	neutral	-0.026
abcdefghij	21122	21221	100	29.6	31.6	0.404	61.0	amp	0.097
abcdefghij	21222	21321	100	35.6	30.7	-0.374	45.0	del	-0.216
abcdefghij	21322	21421	100	33.2	30.5	-0.125	55.0	neutral	-0.121
abcdefghij	21422	21521	100	31.1	26.9	-0.292	52.0	del	-0.211
abcdefghij	21522	21621	100	24.4	20.1	-0.301	47.0	del	-0.282
abcdefghij	21622	21721	100	25.4	22.1	-0.331	49.0	del	-0.202
abcdefghij	21722	21821	100	25.9	24.8	-0.061	55.0	neutral	-0.057
abcdefghij	21822	21921	100	26.3	21.1	-0.459	53.0	del	-0.316
abcdefghij	21922	22021	100	28.2	35.6	0.134	54.0	neutral	0.336
abcdefghij	22022	22121	100	29.1	33.8	0.016	54.0	neutral	0.218
abcdefghij	22122	22221	100	33.2	31.2	-0.236	53.0	neutral	-0.093
abcdefghij	22222	22321	100	32.4	33.3	0.293	42.0	amp	0.038
abcdefghij	22322	22421	100	29.9	26.6	-0.176	58.0	neutral	-0.168
abcdefghij	22422	22521	100	31.0	26.5	-0.426	54.0	del	-0.224
abcdefghij	22522	22621	100	29.6	32.5	-0.010	53.0	neutral	0.133
abcdefghij	22622	22721	100	32.2	25.5	-0.467	49.0	del	-0.338
abcdefghij	22722	22821	100	34.6	32.0	-0.191	52.0	neutral	-0.11
abcdefghij	22822	22921	100	32.6	22.4	-0.549	58.0	del	-0.541
abcdefghij	22922	23021	100	32.3	27.1	-0.160	41.0	neutral	-0.257
abcdefghij	23022	23121	100	26.8	18.9	-0.330	43.0	del	-0.503
abcdefghij	23122	23221	100	31.3	25.5	-0.288	46.0	del	-0.294
abcdefghij	23222	23321	100	31.8	23.4	-0.587	53.0	del	-0.444
abcdefghij	23322	23421	100	28.4	24.4	-0.304	52.0	del	-0.223
abcdefghij	23422	23521	100	36.8	26.3	-0.625	53.0	del	-0.482
abcdefghij	23522	23621	100	27.6	24.4	-0.199	48.0	neutral	-0.177
abcdefghij	23622	23721	100	29.4	27.0	-0.126	51.0	neutral	-0.124
abcdefghij	23722	23821	100	29.1	34.1	0.231	46.0	neutral	0.225
abcdefghij	23822	23921	100	25.5	33.6	0.379	47.0	amp	0.398
abcdefghij	23922	24021	100	25.0	41.2	0.644	52.0	amp	0.725
abcdefghij	24022	24121	100	26.5	32.4	0.263	44.0	amp	0.292
abcdefghij	24122	24221	100	24.8	38.5	0.613	47.0	amp	0.632
abcdefghij	24222	24321	100	30.1	29.9	-0.170	45.0	neutral	-0.012
abcdefghij	24322	24421	100	22.2	32.1	0.456	38.0	amp	0.535
abcdefghij	24422	24521	100	28.3	26.3	-0.127	48.0	neutral	-0.105
abcdefghij	24522	24621	100	26.5	22.0	-0.013	42.0	neutral	-0.268
abcdefghij	24622	24721	100	29.4	23.0	-0.434	52.0	del	-0.353
abcdefghij	24722	24821	100	27.2	22.0	-0.506	54.0	del	-0.304
abcdefghij	24822	24921	100	27.7	26.6	-0.056	51.0	neutral	-0.054
abcdefghij	24922	25021	100	27.5	32.2	0.205	48.0	neutral	0.227
abcdefghij	25022	25121	100	31.3	29.9	0.024	50.0	neutral	-0.067
abcdefghij	25122	25221	100	34.4	31.2	-0.133	46.0	neutral	-0.139
abcdefghij	25222	25321	100	36.0	20.4	-0.284	62.0	del	-0.821
abcdefghij	25322	25421	100	33.6	29.2	-0.282	52.0	del	-0.201
abcdefghij	25422	25521	100	39.4	21.5	-0.872	51.0	del	-0.87
abcdefghij	25522	25621	100	28.4	33.8	0.094	45.0	neutral	0.252
abcdefghij	25622	25721	100	34.9	29.7	-0.062	43.0	neutral	-0.235
abcdefghij	25722	25821	100	25.1	30.5	0.372	50.0	amp	0.281
abcdefghij	25822	25921	100	28.8	27.5	-0.089	48.0	neutral	-0.067
abcdefghij	25922	26021	100	24.9	29.4	0.493	42.0	amp	0.238
abcdefghij	26022	26121	100	34.1	29.7	-0.263	59.0	del	-0.201
abcdefghij	26122	26213	92	26.3	24.2	-0.135	47.8	neutral	-0.116
abcdefghij	26214	26313	100	34.7	36.2	0.154	50.0	neutral	0.063
abcdefghij	26314	26413	100	27.3	22.8	-0.282	47.0	del	-0.263
abcdefghij	26414	26513	100	29.5	30.1	0.014	47.0	neutral	0.033
abcdefghij	26514	26613	100	26.9	26.4	-0.171	53.0	neutral	-0.028
abcdefghij	26614	26713	100	30.0	28.1	0.079	43.0	neutral	-0.094
abcdefghij	26714	26813	100	32.2	33.5	0.049	58.0	neutral	0.057
abcdefghij	26814	26913	100	36.3	32.4	-0.247	52.0	neutral	-0.166
abcdefghij	26914	26933	20	29.8	24.0	-0.234	65.0	neutral	-0.307
abcdefghij	27722	27740	19	29.3	15.7	-0.345	36.8	del	-0.895
abcdefghij	28583	28596	14	28.4	10.6	-1.169	42.9	del	-1.424
abcdefghij	29797	29810	14	26.8	15.1	-0.575	42.9	del	-0.83
abcdefghij	31011	31024	14	28.9	17.7	-0.453	42.9	del	-0.708
abcdefghij	32209	32218	10	22.6	18.9	-0.167	50.0	neutral	-0.258
abcdefghij	32894	32914	21	26.3	10.9	-1.295	47.6	del	-1.276
abcdefghij	33871	33888	18	25.2	21.1	-0.261	55.6	del	-0.257
abcdefghij	34276	34331	56	27.6	15.2	-0.856	46.4	del	-0.862
abcdefghij	36165	36196	32	23.2	12.0	-0.415	62.5	del	-0.952
abcdefghij	37623	37707	85	27.1	14.3	-1.136	56.5	del	-0.917
abcdefghij	38340	38397	58	33.9	17.4	-0.988	44.8	del	-0.959
abcdefghij	38576	38591	16	31.7	23.6	-0.251	43.8	del	-0.424
abcdefghij	39122	39151	30	25.2	11.2	-1.142	60.0	del	-1.172
abcdefghij	39778	39800	23	26.0	15.6	-0.566	43.5	del	-0.739
abcdefghij	40556	40572	17	24.8	19.5	-0.354	58.8	del	-0.346
abcdefghij	41395	41494	100	26.5	10.4	-1.430	52.0	del	-1.349
abcdefghij	43188	43287	100	23.0	11.6	-0.784	57.0	del	-0.986
abcdefghij	44919	44977	59	34.4	13.7	-1.017	61.0	del	-1.324
abcdefghij	45261	45308	48	28.8	16.4	-1.013	54.2	del	-0.811
abcdefghij	46304	46339	36	23.8	27.3	0.194	55.6	neutral	0.198
abcdefghij	46669	46705	37	28.9	11.9	-1.110	43.2	del	-1.283
abcdefghij	48443	48466	24	32.8	15.0	-1.136	58.3	del	-1.128
abcdefghij	49143	49169	27	34.0	25.7	-0.321	63.0	del	-0.407
abcdefghij	50024	50076	53	25.1	12.9	-1.093	49.1	del	-0.964
abcdefghij	50133	50212	80	36.8	11.3	-1.791	52.5	del	-1.71
abcdefghij	51199	51216	18	30.0	12.8	-1.260	44.4	del	-1.231
abcdefghij	52069	52083	15	31.7	16.6	-0.788	40.0	del	-0.932
abcdefghij	52384	52398	15	22.0	11.7	-0.234	13.3	neutral	-0.907
abcdefghij	53343	53440	98	40.9	12.3	-1.639	50.0	del	-1.73
abcdefghij	53834	53933	100	32.2	13.0	-1.310	55.0	del	-1.306
abcdefghij	53934	53949	16	26.8	15.2	-0.641	43.8	del	-0.814
abcdefghij	55278	55301	24	21.5	21.9	-0.130	45.8	neutral	0.028
abcdefghij	55405	55504	100	20.3	10.6	-0.964	48.0	del	-0.942
abcdefghij	58091	58130	40	27.2	16.7	-0.724	47.5	del	-0.705
abcdefghij	58446	58545	100	22.5	11.6	-0.868	50.0	del	-0.959
abcdefghij	58743	58777	35	26.2	17.9	-0.573	48.6	del	-0.551
abcdefghij	59898	59944	47	30.8	11.5	-1.225	57.4	del	-1.427
abcdefghij	64972	65057	86	36.2	11.1	-1.732	48.8	del	-1.71
abcdefghij	65748	65805	58	25.2	10.3	-1.291	55.2	del	-1.287
abcdefghij	65936	65973	38	27.6	10.1	-1.459	55.3	del	-1.455
abcdefghij	66092	66120	29	21.3	11.7	-0.769	41.4	del	-0.866
abcdefghij	67313	67354	42	25.1	13.7	-0.896	47.6	del	-0.877
abcdefghij	67709	67744	36	27.4	11.3	-1.358	52.8	del	-1.277
abcdefghij	69222	69233	12	27.1	22.2	-0.198	50.0	neutral	-0.289
abcdefghij	69515	69538	24	31.7	23.5	-0.234	33.3	neutral	-0.428
abcdefghij	69745	69785	41	42.3	18.6	-1.330	53.7	del	-1.187
abcdefghij	70664	70697	34	25.4	10.2	-1.327	58.8	del	-1.319
abcdefghij	72216	72249	34	34.0	10.0	-0.234	32.4	neutral	-1.771
abcdefghij	72823	72922	100	30.3	14.3	-0.993	50.0	del	-1.084
abcdefghij	74424	74523	100	26.7	13.9	-0.853	50.0	del	-0.944
abcdefghij	74933	74960	28	24.4	15.5	-0.621	39.3	del	-0.649
abcdefghij	75728	75741	14	27.8	25.6	0.139	42.9	neutral	-0.116
abcdefghij	78260	78310	51	29.9	12.6	-1.248	51.0	del	-1.246
abcdefghij	79235	79287	53	26.5	13.0	-1.185	45.3	del	-1.027
abcdefghij	79718	79752	35	29.2	12.2	-1.283	48.6	del	-1.261
abcdefghij	80759	80858	100	31.0	15.1	-0.950	50.0	del	-1.041
abcdefghij	80859	80878	20	32.2	19.4	-0.705	60.0	del	-0.735
abcdefghij	81454	81466	13	26.9	19.3	-0.474	46.2	del	-0.48
abcdefghij	81787	81815	29	35.6	20.2	-0.820	51.7	del	-0.818
abcdefghij	86432	86530	99	31.0	14.7	-1.210	49.5	del	-1.081
abcdefghij	88831	88841	11	28.1	17.6	-0.122	36.4	neutral	-0.672
abcdefghij	89018	89117	100	31.4	15.1	-1.274	56.0	del	-1.055
abcdefghij	89951	89974	24	32.1	14.0	-1.105	50.0	del	-1.196
abcdefghij	90699	90741	43	25.9	13.9	-0.930	44.2	del	-0.901
abcdefghij	90861	90960	100	28.9	14.6	-0.985	51.0	del	-0.983
abcdefghij	90961	90986	26	22.7	18.7	0.030	61.5	neutral	-0.277
abcdefghij	92136	92195	60	34.3	24.1	-0.517	58.3	del	-0.509
abcdefghij	93886	93932	47	30.2	10.6	-1.258	42.6	del	-1.513
abcdefghij	94982	95076	95	32.1	14.2	-0.919	42.1	del	-1.174
abcdefghij	95077	95129	53	25.9	15.0	-0.796	58.5	del	-0.788
abcdefghij	95130	95142	13	32.0	13.5	-0.934	61.5	del	-1.241
abcdefghij	95583	95623	41	22.6	16.0	-0.642	53.7	del	-0.499
abcdefghij	97111	97138	28	34.8	16.4	-1.078	46.4	del	-1.084
abcdefghij	98845	98870	26	34.5	14.1	-1.201	50.0	del	-1.292
abcdefghij	99373	99396	24	34.0	14.2	-1.415	45.8	del	-1.257
abcdefghij	100633	100642	10	26.3	11.4	-1.062	40.0	del	-1.206
abcdefghij	102162	102175	14	36.7	18.6	-0.234	28.6	neutral	-0.978
abcdefghij	102744	102809	66	31.5	11.3	-1.482	51.5	del	-1.48
abcdefghij	104225	104273	49	29.0	14.5	-1.006	51.0	del	-1.004
abcdefghij	104419	104428	10	28.9	14.4	-0.861	40.0	del	-1.005
abcdefghij	105467	105485	19	23.9	11.3	-0.234	31.6	neutral	-1.088
abcdefghij	106096	106149	54	22.8	12.0	-0.234	35.2	neutral	-0.926
abcdefghij	107895	107920	26	33.6	18.7	-0.924	38.5	del	-0.845
abcdefghij	108055	108101	47	27.7	13.4	-1.039	46.8	del	-1.045
abcdefghij	108928	108997	70	26.6	10.6	-1.352	48.6	del	-1.33
