chrom	chr_start	chr_stop	num_positions	normal_depth	tumor_depth	adjusted_log_ratio	gc_content	region_call	raw_ratio
abcdefghij	272	371	100	30.0	28.8	-0.381	56.0	del	-0.059
abcdefghij	372	471	100	31.8	33.1	0.090	55.0	neutral	0.059
abcdefghij	472	571	100	28.1	32.4	0.040	45.0	neutral	0.203
abcdefghij	572	671	100	31.0	32.9	-0.045	59.0	neutral	0.082
abcdefghij	672	771	100	26.1	29.2	-0.159	56.0	neutral	0.163
abcdefghij	772	871	100	25.4	28.6	0.018	51.0	neutral	0.173
abcdefghij	872	971	100	34.3	26.3	-0.477	44.0	del	-0.381
abcdefghij	972	1071	100	29.8	24.8	-0.335	58.0	del	-0.262
abcdefghij	1072	1171	100	30.6	27.9	0.180	40.0	neutral	-0.13
abcdefghij	1172	1271	100	35.1	27.8	-0.343	46.0	del	-0.335
abcdefghij	1272	1371	100	30.1	31.2	-0.064	54.0	neutral	0.049
abcdefghij	1372	1471	100	26.8	28.6	-0.023	54.0	neutral	0.09
abcdefghij	1472	1571	100	33.1	28.5	-0.264	47.0	del	-0.216
abcdefghij	1572	1671	100	26.4	34.3	0.058	56.0	neutral	0.38
abcdefghij	1672	1771	100	26.3	28.6	-0.040	45.0	neutral	0.123
abcdefghij	1772	1871	100	22.0	34.9	0.617	47.0	amp	0.665
abcdefghij	1872	1971	100	23.9	26.6	0.094	48.0	neutral	0.152
abcdefghij	1972	2071	100	24.9	33.1	0.299	54.0	amp	0.412
abcdefghij	2072	2171	100	24.9	24.7	-0.293	52.0	del	-0.013
abcdefghij	2172	2271	100	24.1	27.5	0.183	46.0	neutral	0.191
abcdefghij	2272	2371	100	29.5	22.1	-0.745	60.0	del	-0.416
abcdefghij	2372	2471	100	36.7	29.2	-0.254	41.0	del	-0.333
abcdefghij	2472	2571	100	32.5	28.2	-0.266	48.0	del	-0.208
abcdefghij	2572	2671	100	32.6	28.6	-0.462	49.0	del	-0.192
abcdefghij	2672	2771	100	29.8	29.5	0.450	61.0	amp	-0.018
abcdefghij	2772	2871	100	24.7	24.9	-0.142	51.0	neutral	0.013
abcdefghij	2872	2971	100	32.5	28.4	-0.464	49.0	del	-0.194
abcdefghij	2972	3071	100	35.4	26.4	-0.580	51.0	del	-0.425
abcdefghij	3072	3171	100	32.5	28.5	-0.158	55.0	neutral	-0.189
abcdefghij	3172	3271	100	38.8	31.6	0.027	57.0	neutral	-0.295
abcdefghij	3272	3371	100	28.3	30.3	0.127	53.0	neutral	0.097
abcdefghij	3372	3471	100	33.5	31.2	-0.265	39.0	del	-0.103
abcdefghij	3472	3571	100	28.9	30.7	0.084	46.0	neutral	0.092
abcdefghij	3572	3671	100	29.1	33.3	0.210	50.0	neutral	0.196
abcdefghij	3672	3771	100	24.1	29.7	0.146	51.0	neutral	0.301
abcdefghij	3772	3871	100	21.9	32.0	0.502	47.0	amp	0.55
abcdefghij	3872	3971	100	25.8	26.6	-0.068	54.0	neutral	0.045
abcdefghij	3972	4071	100	26.1	27.2	-0.211	49.0	neutral	0.059
abcdefghij	4072	4171	100	21.7	31.9	0.224	60.0	neutral	0.553
abcdefghij	4172	4271	100	36.7	26.8	-0.614	39.0	del	-0.452
abcdefghij	4272	4355	84	26.5	25.8	-0.317	52.4	del	-0.037
abcdefghij	4356	4455	100	27.3	27.4	-0.108	54.0	neutral	0.005
abcdefghij	4456	4555	100	26.9	26.2	0.043	41.0	neutral	-0.036
abcdefghij	4556	4655	100	22.7	32.8	0.544	50.0	amp	0.53
abcdefghij	4656	4755	100	31.3	32.2	-0.282	56.0	del	0.04
abcdefghij	4756	4855	100	33.0	34.9	0.033	47.0	neutral	0.081
abcdefghij	4856	4955	100	35.5	35.4	-0.077	58.0	neutral	-0.004
abcdefghij	4956	5055	100	37.1	36.3	-0.188	51.0	neutral	-0.033
abcdefghij	5056	5130	75	32.5	38.1	0.118	54.7	neutral	0.231
abcdefghij	5131	5230	100	26.4	37.1	0.430	48.0	amp	0.488
abcdefghij	5231	5330	100	37.7	32.6	-0.178	55.0	neutral	-0.209
abcdefghij	5331	5430	100	30.1	31.8	-0.193	49.0	neutral	0.077
abcdefghij	5431	5530	100	30.5	34.2	0.180	50.0	neutral	0.166
abcdefghij	5531	5630	100	30.6	41.7	0.352	44.0	amp	0.448
abcdefghij	5631	5730	100	25.1	34.4	0.484	53.0	amp	0.454
abcdefghij	5731	5830	100	24.8	38.7	0.482	45.0	amp	0.645
abcdefghij	5831	5930	100	23.2	33.9	0.268	52.0	amp	0.548
abcdefghij	5931	6030	100	29.3	28.3	-0.021	53.0	neutral	-0.051
abcdefghij	6031	6130	100	26.2	21.8	-0.232	53.0	neutral	-0.262
abcdefghij	6131	6230	100	32.9	24.2	-0.554	54.0	del	-0.441
abcdefghij	6231	6330	100	24.1	31.1	0.212	51.0	neutral	0.367
abcdefghij	6331	6430	100	23.3	30.8	0.122	52.0	neutral	0.402
abcdefghij	6431	6530	100	23.7	32.3	0.458	50.0	amp	0.444
abcdefghij	6531	6630	100	24.8	31.4	0.368	55.0	amp	0.337
abcdefghij	6631	6730	100	27.5	25.0	-0.212	58.0	neutral	-0.139
abcdefghij	6731	6830	100	33.7	25.9	-0.659	52.0	del	-0.379
abcdefghij	6831	6930	100	33.0	22.4	-0.879	56.0	del	-0.557
abcdefghij	6931	7030	100	32.8	24.0	-0.423	55.0	del	-0.454
abcdefghij	7031	7130	100	27.1	26.6	-0.304	52.0	del	-0.024
abcdefghij	7131	7230	100	32.0	24.9	-0.024	62.0	neutral	-0.365
abcdefghij	7231	7330	100	22.4	26.7	0.201	47.0	neutral	0.249
abcdefghij	7331	7430	100	28.0	25.0	-0.221	48.0	neutral	-0.163
abcdefghij	7431	7530	100	23.1	29.1	0.235	44.0	neutral	0.331
abcdefghij	7531	7630	100	23.1	30.2	0.222	45.0	neutral	0.385
abcdefghij	7631	7730	100	29.2	29.5	-0.083	44.0	neutral	0.013
abcdefghij	7731	7830	100	32.2	28.8	0.369	43.0	amp	-0.166
abcdefghij	7831	7930	100	40.1	33.3	-0.547	52.0	del	-0.267
abcdefghij	7931	8030	100	43.9	29.5	-0.670	44.0	del	-0.574
abcdefghij	8031	8130	100	39.6	35.1	-0.162	50.0	neutral	-0.176
abcdefghij	8131	8230	100	39.6	32.5	-0.555	49.0	del	-0.285
abcdefghij	8231	8330	100	28.7	31.6	0.167	53.0	neutral	0.137
abcdefghij	8331	8430	100	36.8	33.2	-0.135	50.0	neutral	-0.149
abcdefghij	8431	8530	100	25.8	24.7	-0.048	50.0	neutral	-0.062
abcdefghij	8531	8630	100	33.6	26.7	-0.444	54.0	del	-0.331
abcdefghij	8631	8730	100	23.5	28.2	0.108	51.0	neutral	0.263
abcdefghij	8731	8830	100	25.4	28.5	0.200	53.0	neutral	0.17
abcdefghij	8831	8930	100	29.8	27.6	-0.264	51.0	del	-0.109
abcdefghij	8931	9030	100	27.6	31.9	0.095	54.0	neutral	0.208
abcdefghij	9031	9130	100	30.0	25.3	0.076	57.0	neutral	-0.246
abcdefghij	9131	9230	100	28.4	26.6	-0.374	52.0	del	-0.094
abcdefghij	9231	9330	100	22.1	28.9	0.415	53.0	amp	0.385
abcdefghij	9331	9430	100	25.5	28.5	0.177	50.0	neutral	0.163
abcdefghij	9431	9530	100	20.5	24.4	0.193	48.0	neutral	0.251
abcdefghij	9531	9630	100	25.6	28.5	0.094	48.0	neutral	0.152
abcdefghij	9631	9730	100	25.2	26.7	-0.069	51.0	neutral	0.086
abcdefghij	9731	9830	100	27.5	25.7	-0.253	51.0	del	-0.098
abcdefghij	9831	9930	100	29.9	36.5	0.300	50.0	amp	0.286
abcdefghij	9931	10030	100	29.5	32.7	-0.125	49.0	neutral	0.145
abcdefghij	10031	10130	100	32.7	35.3	0.143	53.0	neutral	0.113
abcdefghij	10131	10230	100	25.8	36.0	0.210	49.0	neutral	0.48
abcdefghij	10231	10330	100	31.8	23.5	-0.546	54.0	del	-0.433
abcdefghij	10331	10430	100	25.4	24.6	-0.031	50.0	neutral	-0.045
abcdefghij	10431	10530	100	24.1	21.6	-0.145	50.0	neutral	-0.159
abcdefghij	10531	10630	100	28.8	24.9	0.325	43.0	amp	-0.21
abcdefghij	10631	10730	100	25.9	30.1	-0.050	49.0	neutral	0.22
abcdefghij	10731	10830	100	29.0	33.8	-0.098	56.0	neutral	0.224
abcdefghij	10831	10930	100	32.8	31.1	-0.136	48.0	neutral	-0.078
abcdefghij	10931	11030	100	20.9	32.4	0.307	56.0	amp	0.629
abcdefghij	11031	11130	100	26.7	28.5	0.034	48.0	neutral	0.092
abcdefghij	11131	11230	100	25.8	24.6	-0.055	50.0	neutral	-0.069
abcdefghij	11231	11330	100	28.6	22.9	-0.647	56.0	del	-0.325
abcdefghij	11331	11430	100	31.1	25.1	-0.419	54.0	del	-0.306
abcdefghij	11431	11530	100	31.4	26.0	-0.192	41.0	neutral	-0.271
abcdefghij	11531	11630	100	31.6	24.4	0.022	42.0	neutral	-0.377
abcdefghij	11631	11730	100	28.5	21.1	-0.402	53.0	del	-0.432
abcdefghij	11731	11830	100	33.7	24.6	-0.618	45.0	del	-0.455
abcdefghij	11831	11930	100	36.1	18.9	-0.226	64.0	neutral	-0.931
abcdefghij	11931	12030	100	25.6	26.9	0.083	50.0	neutral	0.069
abcdefghij	12031	12130	100	29.4	23.0	-0.321	53.0	del	-0.351
abcdefghij	12131	12230	100	23.5	29.9	0.275	58.0	amp	0.348
abcdefghij	12231	12330	100	24.3	21.2	-0.353	51.0	del	-0.198
abcdefghij	12331	12430	100	26.9	28.0	-0.105	39.0	neutral	0.057
abcdefghij	12431	12530	100	26.0	24.4	-0.060	55.0	neutral	-0.091
abcdefghij	12531	12630	100	31.5	24.4	-0.351	50.0	del	-0.365
abcdefghij	12631	12730	100	28.0	31.1	0.144	46.0	neutral	0.152
abcdefghij	12731	12830	100	30.8	24.2	-0.501	51.0	del	-0.346
abcdefghij	12831	12930	100	26.4	24.7	-0.376	52.0	del	-0.096
abcdefghij	12931	13030	100	29.9	22.3	-0.406	50.0	del	-0.42
abcdefghij	13031	13130	100	26.4	23.1	0.278	61.0	amp	-0.19
abcdefghij	13131	13230	100	30.9	21.9	-0.626	59.0	del	-0.499
abcdefghij	13231	13330	100	36.3	26.6	-0.126	57.0	neutral	-0.448
abcdefghij	13331	13430	100	27.3	25.3	-0.220	54.0	neutral	-0.107
abcdefghij	13431	13530	100	31.4	28.9	-0.270	51.0	del	-0.115
abcdefghij	13531	13630	100	23.0	24.3	-0.204	52.0	neutral	0.076
abcdefghij	13631	13730	100	30.8	21.7	-0.107	42.0	neutral	-0.506
abcdefghij	13731	13830	100	32.7	20.9	-0.705	48.0	del	-0.647
abcdefghij	13831	13930	100	29.1	23.2	-0.336	46.0	del	-0.328
abcdefghij	13931	14030	100	32.0	24.1	-0.456	47.0	del	-0.408
abcdefghij	14031	14098	68	23.9	28.7	0.110	51.5	neutral	0.265
abcdefghij	14199	14298	100	24.0	31.0	0.047	56.0	neutral	0.369
abcdefghij	14399	14498	100	26.1	31.5	0.158	54.0	neutral	0.271
abcdefghij	14499	14598	100	26.4	32.1	0.127	51.0	neutral	0.282
abcdefghij	14599	14698	100	29.0	27.8	-0.047	50.0	neutral	-0.061
abcdefghij	14699	14798	100	35.2	30.3	0.125	62.0	neutral	-0.216
abcdefghij	14799	14898	100	32.7	28.3	-0.217	46.0	neutral	-0.209
abcdefghij	14899	14998	100	25.7	26.9	-0.030	44.0	neutral	0.066
abcdefghij	14999	15098	100	33.1	28.0	-0.298	48.0	del	-0.24
abcdefghij	15099	15198	100	23.3	24.9	-0.182	52.0	neutral	0.098
abcdefghij	15199	15298	100	29.9	29.4	0.005	53.0	neutral	-0.025
abcdefghij	15299	15398	100	21.1	26.8	0.186	51.0	neutral	0.341
abcdefghij	15399	15498	100	26.3	27.4	-0.100	45.0	neutral	0.063
abcdefghij	15499	15598	100	29.0	22.7	-0.621	49.0	del	-0.351
abcdefghij	15599	15698	100	26.5	27.3	0.072	53.0	neutral	0.042
abcdefghij	15699	15798	100	24.8	22.0	-0.330	51.0	del	-0.175
abcdefghij	15799	15898	100	20.5	22.8	-0.001	51.0	neutral	0.154
abcdefghij	15899	15998	100	21.0	29.8	0.230	49.0	neutral	0.5
abcdefghij	16099	16198	100	21.0	29.0	0.309	51.0	amp	0.464
abcdefghij	16199	16298	100	24.3	28.5	0.176	48.0	neutral	0.234
abcdefghij	16299	16398	100	25.2	24.2	-0.118	48.0	neutral	-0.06
abcdefghij	16399	16498	100	25.9	28.9	0.239	41.0	neutral	0.16
abcdefghij	16499	16598	100	30.9	26.6	-0.220	46.0	neutral	-0.212
abcdefghij	16599	16698	100	24.7	29.6	0.274	50.0	amp	0.26
abcdefghij	16699	16798	100	28.5	28.6	0.327	57.0	amp	0.005
abcdefghij	16799	16898	100	28.7	23.8	-0.242	53.0	neutral	-0.272
abcdefghij	16899	16998	100	29.7	29.6	0.026	55.0	neutral	-0.005
abcdefghij	16999	17098	100	30.3	30.0	-0.178	45.0	neutral	-0.015
abcdefghij	17099	17140	42	33.6	18.1	-0.489	42.9	del	-0.888
abcdefghij	17497	17549	53	24.7	13.0	-1.253	56.6	del	-0.931
abcdefghij	18162	18208	47	29.3	11.6	-1.495	51.1	del	-1.34
abcdefghij	19461	19497	37	27.4	19.1	-0.212	40.5	neutral	-0.522
abcdefghij	19568	19593	26	26.4	31.8	0.282	50.0	amp	0.268
abcdefghij	21436	21473	38	33.0	10.6	-1.243	42.1	del	-1.642
abcdefghij	21690	21789	100	26.4	11.8	-1.130	55.0	del	-1.161
abcdefghij	22799	22898	100	36.6	10.3	-1.504	57.0	del	-1.826
abcdefghij	23210	23287	78	33.1	11.2	-1.616	48.7	del	-1.558
abcdefghij	25801	25833	33	26.5	15.0	-0.499	57.6	del	-0.821
abcdefghij	26068	26080	13	38.2	14.4	-1.377	53.8	del	-1.407
abcdefghij	26317	26366	50	31.3	24.9	-0.317	50.0	del	-0.331
abcdefghij	29713	29779	67	25.4	18.2	-0.453	53.7	del	-0.483
abcdefghij	30469	30495	27	22.6	19.9	-0.313	59.3	del	-0.186
abcdefghij	32298	32321	24	32.4	26.3	-0.328	70.8	del	-0.298
abcdefghij	33422	33437	16	36.4	13.6	-1.085	62.5	del	-1.426
abcdefghij	34734	34773	40	21.4	11.1	-1.107	45.0	del	-0.944
abcdefghij	38947	38978	32	28.5	18.0	-0.633	53.1	del	-0.663
abcdefghij	40159	40218	60	29.9	10.7	-1.537	48.3	del	-1.479
abcdefghij	41901	41954	54	35.9	14.3	-1.299	55.6	del	-1.33
abcdefghij	42053	42063	11	21.5	19.8	-0.293	72.7	del	-0.121
abcdefghij	43604	43660	57	29.8	10.3	-1.519	50.9	del	-1.533
abcdefghij	44423	44440	18	34.5	21.6	-0.665	50.0	del	-0.679
abcdefghij	46326	46342	17	23.5	18.6	-0.253	41.2	del	-0.332
abcdefghij	48172	48200	29	30.6	19.2	-0.770	44.8	del	-0.674
abcdefghij	48648	48658	11	32.2	13.5	-1.411	45.5	del	-1.248
abcdefghij	51932	51960	29	37.5	18.8	-1.155	51.7	del	-1.0
abcdefghij	52900	52920	21	32.0	28.4	0.149	57.1	neutral	-0.173
abcdefghij	53044	53096	53	36.0	11.1	-1.687	50.9	del	-1.701
abcdefghij	53420	53472	53	43.3	11.8	-1.918	47.2	del	-1.87
abcdefghij	55377	55413	37	24.0	12.3	-0.433	43.2	del	-0.968
abcdefghij	56940	57039	100	25.5	11.7	-0.594	43.0	del	-1.129
abcdefghij	57040	57056	17	26.6	15.4	-1.072	52.9	del	-0.792
abcdefghij	57270	57279	10	26.0	23.7	-0.463	60.0	del	-0.134
abcdefghij	57845	57885	41	35.8	24.5	-0.700	51.2	del	-0.545
abcdefghij	58420	58431	12	25.8	11.7	-1.128	50.0	del	-1.142
abcdefghij	59222	59321	100	30.3	11.1	-1.610	51.0	del	-1.455
abcdefghij	62100	62138	39	33.3	18.5	-0.381	61.5	del	-0.849
abcdefghij	63651	63703	53	30.6	14.3	-1.369	49.1	del	-1.099
abcdefghij	65143	65152	10	33.2	15.8	-0.328	20.0	del	-1.071
abcdefghij	66217	66271	55	26.5	13.9	-1.044	54.5	del	-0.931
abcdefghij	66616	66671	56	23.5	11.1	-1.071	50.0	del	-1.085
abcdefghij	66731	66792	62	21.8	16.4	-0.573	45.2	del	-0.41
abcdefghij	66991	67006	16	28.3	14.0	-0.481	43.8	del	-1.016
abcdefghij	71726	71751	26	29.8	10.0	-1.115	61.5	del	-1.583
abcdefghij	73623	73706	84	25.1	12.6	-1.057	48.8	del	-0.999
abcdefghij	74440	74539	100	25.8	12.6	-1.188	51.0	del	-1.033
abcdefghij	74540	74627	88	28.7	10.2	-1.470	53.4	del	-1.5
abcdefghij	76009	76036	28	35.6	16.2	-0.430	64.3	del	-1.135
abcdefghij	76113	76140	28	33.5	17.9	-0.879	53.6	del	-0.909
abcdefghij	77755	77765	11	22.6	19.8	-0.364	72.7	del	-0.192
abcdefghij	79158	79214	57	27.4	11.1	-0.768	43.9	del	-1.303
abcdefghij	81536	81555	20	35.5	13.9	-1.334	50.0	del	-1.348
abcdefghij	82113	82126	14	31.0	10.4	-1.173	42.9	del	-1.572
abcdefghij	83905	83941	37	26.4	10.6	-0.526	37.8	del	-1.316
abcdefghij	84657	84668	12	30.8	16.2	-0.914	50.0	del	-0.928
abcdefghij	84669	84717	49	34.9	11.1	-1.623	53.1	del	-1.653
abcdefghij	86569	86600	32	24.6	16.8	-0.521	53.1	del	-0.551
abcdefghij	86739	86792	54	24.5	12.8	-0.631	40.7	del	-0.941
abcdefghij	88094	88157	64	35.5	13.5	-1.402	46.9	del	-1.394
abcdefghij	90263	90362	100	25.0	13.3	-0.903	50.0	del	-0.917
abcdefghij	91193	91267	75	25.9	10.8	-1.381	54.7	del	-1.268
abcdefghij	91268	91280	13	36.2	11.0	-0.328	15.4	del	-1.717
abcdefghij	92300	92395	96	34.5	10.3	-1.203	43.8	del	-1.738
abcdefghij	92675	92705	31	34.2	13.5	-0.876	61.3	del	-1.344
abcdefghij	93753	93815	63	20.5	12.8	-0.284	42.9	del	-0.683
abcdefghij	94185	94284	100	22.1	17.2	-0.409	47.0	del	-0.361
abcdefghij	94285	94308	24	28.1	12.0	-1.295	58.3	del	-1.222
abcdefghij	94815	94903	89	25.0	20.4	0.103	42.7	neutral	-0.296
abcdefghij	94997	95006	10	39.1	22.4	-0.790	50.0	del	-0.804
abcdefghij	95114	95127	14	28.6	31.6	0.546	42.9	amp	0.147
abcdefghij	96533	96567	35	23.9	11.2	-0.781	40.0	del	-1.091
abcdefghij	96823	96885	63	37.6	14.3	-1.078	57.1	del	-1.4
abcdefghij	97120	97142	23	34.9	15.1	-1.258	47.8	del	-1.21
abcdefghij	97546	97561	16	34.1	18.0	-0.130	37.5	neutral	-0.92
abcdefghij	98066	98132	67	22.1	12.3	-0.852	46.3	del	-0.844
abcdefghij	98320	98393	74	20.3	13.9	-0.522	55.4	del	-0.553
abcdefghij	99805	99837	33	27.5	14.4	-1.052	54.5	del	-0.939
abcdefghij	100059	100080	22	27.8	19.6	-0.196	40.9	neutral	-0.506
abcdefghij	100174	100212	39	21.4	13.5	-0.587	41.0	del	-0.666
abcdefghij	101920	101931	12	29.3	11.3	-1.293	41.7	del	-1.372
abcdefghij	104563	104592	30	27.0	20.7	0.156	43.3	neutral	-0.379
abcdefghij	105426	105437	12	28.7	15.4	-0.328	33.3	del	-0.895
abcdefghij	106252	106270	19	20.7	26.2	-0.328	63.2	del	0.339
abcdefghij	108100	108109	10	27.8	29.1	-0.328	90.0	del	0.066
abcdefghij	108904	108928	25	24.8	11.7	-1.182	44.0	del	-1.086
