chrom	chr_start	chr_stop	num_positions	normal_depth	tumor_depth	adjusted_log_ratio	gc_content	region_call	raw_ratio
abcdefghij	272	371	100	30.0	28.9	-0.313	56.0	del	-0.053
abcdefghij	372	471	100	31.8	26.6	-0.473	55.0	del	-0.258
abcdefghij	472	571	100	28.1	27.7	-0.092	45.0	neutral	-0.025
abcdefghij	572	671	100	31.0	29.3	0.152	59.0	neutral	-0.082
abcdefghij	672	771	100	26.1	26.2	-0.255	56.0	del	0.005
abcdefghij	772	871	100	25.4	30.9	0.317	51.0	amp	0.285
abcdefghij	872	971	100	34.3	29.1	-0.589	44.0	del	-0.236
abcdefghij	972	1071	100	29.8	31.0	0.341	58.0	amp	0.058
abcdefghij	1072	1171	100	30.6	35.2	0.068	40.0	neutral	0.206
abcdefghij	1172	1271	100	35.1	27.9	-0.347	46.0	del	-0.328
abcdefghij	1272	1371	100	30.1	28.7	-0.281	54.0	del	-0.072
abcdefghij	1372	1471	100	26.8	23.9	-0.375	54.0	del	-0.166
abcdefghij	1472	1571	100	33.1	27.6	-0.520	47.0	del	-0.262
abcdefghij	1572	1671	100	26.4	21.8	-0.537	56.0	del	-0.277
abcdefghij	1672	1771	100	26.3	25.9	-0.085	45.0	neutral	-0.018
abcdefghij	1772	1871	100	22.0	21.4	-0.302	47.0	del	-0.044
abcdefghij	1872	1971	100	23.9	25.0	0.094	48.0	neutral	0.064
abcdefghij	1972	2071	100	24.9	28.1	-0.029	54.0	neutral	0.18
abcdefghij	2072	2171	100	24.9	30.8	0.452	52.0	amp	0.306
abcdefghij	2172	2271	100	24.1	29.6	0.278	46.0	amp	0.297
abcdefghij	2272	2371	100	29.5	31.0	-0.446	60.0	del	0.07
abcdefghij	2372	2471	100	36.7	27.0	-0.315	41.0	del	-0.442
abcdefghij	2472	2571	100	32.5	27.1	-0.235	48.0	neutral	-0.265
abcdefghij	2572	2671	100	32.6	26.3	-0.682	49.0	del	-0.311
abcdefghij	2672	2771	100	29.8	30.0	-0.744	61.0	del	0.008
abcdefghij	2772	2871	100	24.7	26.1	0.113	51.0	neutral	0.081
abcdefghij	2872	2971	100	32.5	31.4	-0.422	49.0	del	-0.051
abcdefghij	2972	3071	100	35.4	28.8	-0.267	51.0	del	-0.299
abcdefghij	3072	3171	100	32.5	29.5	-0.358	55.0	del	-0.143
abcdefghij	3172	3271	100	38.8	26.5	-0.495	57.0	del	-0.55
abcdefghij	3272	3371	100	28.3	29.5	0.452	53.0	amp	0.058
abcdefghij	3372	3471	100	33.5	33.0	-0.054	39.0	neutral	-0.019
abcdefghij	3472	3571	100	28.9	30.5	0.060	46.0	neutral	0.079
abcdefghij	3572	3671	100	29.1	31.2	0.161	50.0	neutral	0.101
abcdefghij	3672	3771	100	24.1	26.6	0.178	51.0	neutral	0.146
abcdefghij	3772	3871	100	21.9	24.2	-0.111	47.0	neutral	0.147
abcdefghij	3872	3971	100	25.8	30.5	0.028	54.0	neutral	0.237
abcdefghij	3972	4071	100	26.1	28.7	-0.237	49.0	neutral	0.134
abcdefghij	4072	4171	100	21.7	33.0	0.089	60.0	neutral	0.605
abcdefghij	4172	4271	100	36.7	24.8	-0.599	39.0	del	-0.564
abcdefghij	4272	4340	69	28.8	27.6	-0.320	56.5	del	-0.06
abcdefghij	4341	4440	100	24.1	28.4	0.169	45.0	neutral	0.236
abcdefghij	4441	4540	100	29.3	32.4	-0.227	49.0	neutral	0.144
abcdefghij	4541	4594	54	22.4	25.1	0.196	48.1	neutral	0.166
abcdefghij	5330	5408	79	30.8	15.1	-0.638	53.2	del	-1.032
abcdefghij	6148	6195	48	33.6	13.4	-1.045	58.3	del	-1.328
abcdefghij	6278	6295	18	25.6	31.9	-0.433	61.1	del	0.319
abcdefghij	7210	7259	50	22.5	12.6	-1.350	60.0	del	-0.834
abcdefghij	7922	7961	40	46.2	10.6	-1.288	42.5	del	-2.121
abcdefghij	8636	8674	39	26.2	11.4	-0.841	43.6	del	-1.198
abcdefghij	9216	9295	80	21.5	23.1	0.155	57.5	neutral	0.1
abcdefghij	11216	11258	43	28.8	14.2	-0.989	51.2	del	-1.021
abcdefghij	11876	11895	20	39.2	12.7	-1.695	45.0	del	-1.628
abcdefghij	12441	12466	26	28.9	24.4	-0.184	50.0	neutral	-0.244
abcdefghij	13260	13314	55	37.3	14.7	-1.061	58.2	del	-1.344
abcdefghij	14040	14090	51	23.6	10.5	-1.136	51.0	del	-1.168
abcdefghij	14477	14533	57	23.9	15.7	-0.815	54.4	del	-0.606
abcdefghij	16941	17014	74	31.4	16.8	-0.871	51.4	del	-0.903
abcdefghij	21022	21049	28	24.9	26.1	0.125	50.0	neutral	0.065
abcdefghij	27811	27820	10	33.0	12.5	-1.341	50.0	del	-1.401
abcdefghij	27989	28084	96	25.5	10.4	-1.362	45.8	del	-1.295
abcdefghij	29593	29616	24	22.8	16.7	-0.518	45.8	del	-0.451
abcdefghij	34361	34384	24	27.3	20.2	-0.376	50.0	del	-0.436
abcdefghij	35578	35677	100	29.1	12.1	-0.908	43.0	del	-1.265
abcdefghij	35873	35898	26	23.8	16.3	-0.566	46.2	del	-0.547
abcdefghij	38507	38551	45	35.6	13.4	-1.020	53.3	del	-1.414
abcdefghij	39318	39386	69	29.7	13.6	-1.156	39.1	del	-1.121
abcdefghij	41325	41412	88	33.4	12.6	-1.009	53.4	del	-1.403
abcdefghij	44774	44828	55	37.2	16.0	-1.159	50.9	del	-1.219
abcdefghij	46583	46644	62	29.1	12.8	-1.156	48.4	del	-1.186
abcdefghij	49146	49189	44	31.5	14.1	-0.920	59.1	del	-1.154
abcdefghij	50783	50801	19	32.5	14.2	-0.362	42.1	del	-1.195
abcdefghij	53489	53518	30	32.2	23.9	-0.368	50.0	del	-0.428
abcdefghij	53816	53915	100	30.7	10.4	-1.163	53.0	del	-1.557
abcdefghij	54206	54268	63	26.2	13.8	-0.943	46.0	del	-0.924
abcdefghij	55086	55109	24	22.3	23.6	0.017	45.8	neutral	0.084
abcdefghij	56193	56202	10	29.6	17.7	-0.880	40.0	del	-0.742
abcdefghij	57962	57995	34	43.0	23.6	-0.805	50.0	del	-0.865
abcdefghij	58408	58442	35	25.6	13.3	-0.115	42.9	neutral	-0.948
abcdefghij	58786	58821	36	24.9	18.0	-0.589	63.9	del	-0.468
abcdefghij	60072	60085	14	28.9	23.3	-0.589	64.3	del	-0.309
abcdefghij	60362	60374	13	31.1	13.4	-0.589	23.1	del	-1.215
abcdefghij	60900	60960	61	28.3	14.3	-0.863	41.0	del	-0.99
abcdefghij	61384	61424	41	30.4	17.2	-0.838	46.3	del	-0.819
abcdefghij	61842	61871	30	27.6	22.3	0.090	53.3	neutral	-0.304
abcdefghij	64255	64337	83	28.2	15.1	-0.846	50.6	del	-0.906
abcdefghij	64663	64681	19	27.6	20.0	-0.724	47.4	del	-0.466
abcdefghij	67256	67335	80	24.5	13.6	-0.794	50.0	del	-0.854
abcdefghij	68465	68476	12	32.7	17.6	-0.834	50.0	del	-0.894
abcdefghij	68629	68728	100	40.0	11.7	-1.630	52.0	del	-1.776
abcdefghij	68729	68751	23	38.2	18.7	-1.285	47.8	del	-1.027
abcdefghij	69761	69846	86	37.8	10.3	-1.841	48.8	del	-1.871
abcdefghij	70194	70226	33	31.2	21.9	-0.546	39.4	del	-0.511
abcdefghij	70469	70518	50	24.1	17.1	-0.432	50.0	del	-0.492
abcdefghij	70832	70846	15	29.6	14.3	-0.589	73.3	del	-1.053
abcdefghij	71654	71708	55	30.8	15.7	-1.187	54.5	del	-0.978
abcdefghij	71811	71839	29	30.9	17.4	-0.589	37.9	del	-0.826
abcdefghij	72420	72486	67	25.2	12.6	-1.376	49.3	del	-1.005
abcdefghij	73382	73404	23	21.2	11.1	-0.871	30.4	del	-0.931
abcdefghij	73631	73643	13	22.0	14.4	-0.632	46.2	del	-0.613
abcdefghij	74447	74546	100	25.7	10.8	-1.225	51.0	del	-1.257
abcdefghij	76288	76304	17	28.8	19.5	-0.589	35.3	del	-0.559
abcdefghij	76646	76680	35	33.0	15.7	-1.143	45.7	del	-1.076
abcdefghij	76681	76700	20	29.0	22.5	-0.307	30.0	del	-0.367
abcdefghij	77067	77077	11	26.8	11.3	-1.459	54.5	del	-1.25
abcdefghij	78147	78172	26	21.0	11.1	-0.858	50.0	del	-0.918
abcdefghij	79361	79385	25	30.6	21.8	-0.750	56.0	del	-0.49
abcdefghij	79533	79542	10	34.7	31.7	-0.646	60.0	del	-0.13
abcdefghij	80603	80613	11	29.5	22.1	-0.589	36.4	del	-0.415
abcdefghij	80992	81026	35	38.9	14.2	-1.421	51.4	del	-1.453
abcdefghij	84490	84499	10	32.3	14.5	-1.095	50.0	del	-1.155
abcdefghij	86790	86867	78	23.4	13.5	-0.813	46.2	del	-0.794
abcdefghij	87766	87843	78	20.2	12.3	-0.935	55.1	del	-0.72
abcdefghij	91347	91392	46	28.3	20.0	-0.441	50.0	del	-0.501
abcdefghij	92051	92060	10	24.7	31.4	0.406	50.0	amp	0.346
abcdefghij	93089	93126	38	36.9	20.0	-0.829	57.9	del	-0.884
abcdefghij	95209	95234	26	30.2	11.4	-1.013	53.8	del	-1.407
abcdefghij	96116	96127	12	34.8	19.2	-0.589	33.3	del	-0.862
abcdefghij	99389	99429	41	32.9	15.6	-1.093	46.3	del	-1.074
abcdefghij	100433	100496	64	31.7	13.6	-1.162	50.0	del	-1.222
abcdefghij	100597	100624	28	24.1	10.8	-0.764	53.6	del	-1.158
abcdefghij	100625	100659	35	26.8	15.2	-0.955	40.0	del	-0.817
abcdefghij	101398	101429	32	25.2	19.4	-0.017	43.8	neutral	-0.374
abcdefghij	104187	104212	26	30.4	15.4	-0.997	46.2	del	-0.978
abcdefghij	105003	105044	42	25.8	10.9	-1.185	57.1	del	-1.24
abcdefghij	105352	105393	42	36.7	15.6	-0.997	59.5	del	-1.231
abcdefghij	109840	109880	41	24.0	15.5	-0.236	53.7	neutral	-0.63
abcdefghij	110027	110091	65	24.1	11.3	-1.357	56.9	del	-1.097
