chrom	chr_start	chr_stop	num_positions	normal_depth	tumor_depth	adjusted_log_ratio	gc_content	region_call	raw_ratio
abcdefghij	272	371	100	30.0	27.5	-0.284	56.0	del	-0.123
abcdefghij	372	471	100	31.8	34.7	-0.036	55.0	neutral	0.127
abcdefghij	472	571	100	28.1	30.5	0.059	45.0	neutral	0.114
abcdefghij	572	671	100	31.0	22.6	-0.884	59.0	del	-0.46
abcdefghij	672	771	100	26.1	21.9	-0.416	56.0	del	-0.255
abcdefghij	772	871	100	25.4	25.4	0.047	51.0	neutral	0.003
abcdefghij	872	971	100	34.3	25.8	-0.419	44.0	del	-0.411
abcdefghij	972	1071	100	29.8	29.0	-0.499	58.0	del	-0.04
abcdefghij	1072	1171	100	30.6	32.8	-0.468	40.0	del	0.104
abcdefghij	1172	1271	100	35.1	31.7	-0.442	46.0	del	-0.144
abcdefghij	1272	1371	100	30.1	32.7	0.115	54.0	neutral	0.119
abcdefghij	1372	1471	100	26.8	29.9	0.153	54.0	neutral	0.157
abcdefghij	1472	1571	100	33.1	32.8	-0.288	47.0	del	-0.016
abcdefghij	1572	1671	100	26.4	32.3	0.133	56.0	neutral	0.294
abcdefghij	1672	1771	100	26.3	31.0	0.182	45.0	neutral	0.237
abcdefghij	1772	1871	100	22.0	28.2	0.084	47.0	neutral	0.356
abcdefghij	1872	1971	100	23.9	24.3	0.029	48.0	neutral	0.02
abcdefghij	1972	2071	100	24.9	29.1	0.226	54.0	neutral	0.23
abcdefghij	2072	2171	100	24.9	26.7	0.080	52.0	neutral	0.1
abcdefghij	2172	2271	100	24.1	32.0	0.112	46.0	neutral	0.41
abcdefghij	2272	2371	100	29.5	34.0	0.179	60.0	neutral	0.203
abcdefghij	2372	2471	100	36.7	33.0	-0.401	41.0	del	-0.154
abcdefghij	2472	2571	100	32.5	35.6	0.137	48.0	neutral	0.128
abcdefghij	2572	2671	100	32.6	37.3	0.030	49.0	neutral	0.192
abcdefghij	2672	2740	69	33.4	31.2	-0.524	59.4	del	-0.1
abcdefghij	3010	3049	40	35.5	16.0	-1.170	52.5	del	-1.15
abcdefghij	5019	5032	14	39.1	21.6	-0.892	64.3	del	-0.852
abcdefghij	6799	6824	26	39.2	13.7	-0.966	61.5	del	-1.517
abcdefghij	7377	7425	49	29.0	15.8	-1.033	49.0	del	-0.871
abcdefghij	7591	7627	37	23.4	18.1	-0.941	40.5	del	-0.369
abcdefghij	9192	9262	71	23.2	19.2	-0.188	57.7	neutral	-0.276
abcdefghij	11688	11759	72	29.6	13.7	-0.844	50.0	del	-1.112
abcdefghij	12994	13057	64	25.8	10.0	-1.377	54.7	del	-1.373
abcdefghij	13937	13946	10	30.4	21.1	-0.551	60.0	del	-0.527
abcdefghij	16413	16471	59	25.4	13.8	-0.903	33.9	del	-0.883
abcdefghij	17212	17231	20	28.1	11.6	-0.526	70.0	del	-1.276
abcdefghij	17825	17867	43	29.0	11.4	-1.305	51.2	del	-1.349
abcdefghij	18119	18145	27	28.3	24.4	-0.225	44.4	neutral	-0.217
abcdefghij	18281	18344	64	28.8	13.8	-0.929	43.8	del	-1.058
abcdefghij	19075	19086	12	30.5	11.2	-1.182	50.0	del	-1.45
abcdefghij	20627	20726	100	32.4	13.3	-1.241	51.0	del	-1.285
abcdefghij	21670	21699	30	24.6	15.7	-0.668	33.3	del	-0.648
abcdefghij	24964	24981	18	26.6	31.2	0.217	66.7	neutral	0.231
abcdefghij	25199	25208	10	35.7	13.5	-1.135	50.0	del	-1.403
abcdefghij	26087	26103	17	38.5	12.4	-0.882	70.6	del	-1.632
abcdefghij	26438	26448	11	27.6	19.0	-0.704	9.1	del	-0.541
abcdefghij	26862	26877	16	39.2	25.8	-0.479	43.8	del	-0.608
abcdefghij	27383	27395	13	37.2	19.2	-0.676	53.8	del	-0.959
abcdefghij	27805	27815	11	33.0	19.5	-0.704	36.4	del	-0.756
abcdefghij	28167	28184	18	28.1	19.1	-0.720	55.6	del	-0.557
abcdefghij	30329	30359	31	29.8	17.6	-0.717	51.6	del	-0.761
abcdefghij	30607	30659	53	24.1	17.5	-0.467	54.7	del	-0.463
abcdefghij	31537	31547	11	32.0	24.4	-0.397	54.5	del	-0.393
abcdefghij	32930	32950	21	31.1	15.8	-1.252	47.6	del	-0.98
abcdefghij	33693	33730	38	26.1	22.9	0.080	50.0	neutral	-0.188
abcdefghij	34478	34489	12	30.3	11.0	-1.477	66.7	del	-1.463
abcdefghij	35431	35484	54	29.0	12.3	-1.232	48.1	del	-1.241
abcdefghij	36152	36234	83	27.0	10.2	-1.421	60.2	del	-1.397
abcdefghij	36726	36739	14	26.4	19.2	-0.232	71.4	neutral	-0.46
abcdefghij	38326	38352	27	32.4	11.8	-1.468	44.4	del	-1.46
abcdefghij	39515	39540	26	26.6	12.6	-0.796	53.8	del	-1.079
abcdefghij	41155	41175	21	33.8	19.4	-0.715	57.1	del	-0.803
abcdefghij	41374	41401	28	28.3	23.3	0.002	53.6	neutral	-0.281
abcdefghij	44921	44943	23	32.8	15.1	-1.392	47.8	del	-1.12
abcdefghij	45022	45085	64	30.9	13.1	-0.969	50.0	del	-1.237
abcdefghij	45521	45595	75	24.7	10.3	-1.429	56.0	del	-1.268
abcdefghij	45861	45922	62	34.8	10.0	-1.848	45.2	del	-1.793
abcdefghij	47627	47653	27	26.9	15.1	-0.828	48.1	del	-0.837
abcdefghij	47820	47846	27	24.6	22.4	-0.088	51.9	neutral	-0.132
abcdefghij	50109	50166	58	33.4	17.2	-0.918	51.7	del	-0.962
abcdefghij	50690	50721	32	27.9	17.2	-0.999	46.9	del	-0.701
abcdefghij	51964	52001	38	30.4	22.5	-0.585	63.2	del	-0.435
abcdefghij	52602	52700	99	31.9	10.3	-1.348	53.5	del	-1.631
abcdefghij	53589	53634	46	26.8	10.6	-0.704	37.0	del	-1.344
abcdefghij	58513	58606	94	24.1	15.0	-0.700	52.1	del	-0.68
abcdefghij	58834	58847	14	29.5	16.1	-0.916	64.3	del	-0.876
abcdefghij	59112	59211	100	29.3	12.7	-1.364	55.0	del	-1.201
abcdefghij	64670	64737	68	28.8	12.5	-0.531	39.7	del	-1.199
abcdefghij	65935	65969	35	27.5	11.2	-1.209	57.1	del	-1.297
abcdefghij	66267	66319	53	25.7	16.8	-0.858	41.5	del	-0.611
abcdefghij	67139	67189	51	23.5	14.3	-0.882	56.9	del	-0.721
abcdefghij	67272	67298	27	24.0	16.6	-0.696	55.6	del	-0.533
abcdefghij	68920	68947	28	38.5	23.2	-0.704	35.7	del	-0.729
abcdefghij	69248	69347	100	25.6	11.5	-1.210	45.0	del	-1.155
abcdefghij	69348	69410	63	37.6	11.8	-0.998	39.7	del	-1.666
abcdefghij	70972	71005	34	24.3	12.2	-0.442	61.8	del	-0.993
abcdefghij	71859	71915	57	29.7	13.1	-1.344	56.1	del	-1.183
abcdefghij	72109	72132	24	30.2	20.8	-0.544	54.2	del	-0.54
abcdefghij	72285	72332	48	34.5	10.6	-1.712	54.2	del	-1.708
abcdefghij	73049	73068	20	23.8	12.6	-0.652	50.0	del	-0.92
abcdefghij	74247	74295	49	30.9	14.4	-0.297	42.9	del	-1.098
abcdefghij	75358	75392	35	41.9	11.1	-1.111	42.9	del	-1.912
abcdefghij	76672	76742	71	27.2	14.1	-1.110	49.3	del	-0.948
abcdefghij	78220	78275	56	36.5	11.7	-1.628	48.2	del	-1.637
abcdefghij	80055	80073	19	24.1	18.2	-0.673	47.4	del	-0.401
abcdefghij	80526	80553	28	26.2	17.0	-0.926	46.4	del	-0.628
abcdefghij	80742	80770	29	21.9	14.4	-0.853	41.4	del	-0.606
abcdefghij	81276	81290	15	34.2	17.7	-0.704	80.0	del	-0.948
abcdefghij	81809	81841	33	34.6	14.5	-0.584	39.4	del	-1.252
abcdefghij	83943	83993	51	25.5	17.8	-0.540	33.3	del	-0.52
abcdefghij	86728	86765	38	25.3	15.4	-0.704	31.6	del	-0.718
abcdefghij	87406	87417	12	30.4	30.0	-0.704	25.0	del	-0.02
abcdefghij	88143	88242	100	36.3	11.3	-1.688	54.0	del	-1.684
abcdefghij	91005	91016	12	23.8	13.3	-0.852	66.7	del	-0.838
abcdefghij	95074	95087	14	21.6	23.4	-0.704	78.6	del	0.119
abcdefghij	96081	96105	25	32.4	16.2	-1.022	60.0	del	-0.998
abcdefghij	96588	96601	14	29.9	11.3	-1.176	71.4	del	-1.404
abcdefghij	97844	97855	12	31.4	22.6	-0.935	58.3	del	-0.476
abcdefghij	98184	98201	18	26.8	13.4	-0.726	50.0	del	-0.994
abcdefghij	99114	99143	30	30.8	19.3	-0.823	63.3	del	-0.673
abcdefghij	99854	99875	22	30.6	12.1	-1.345	54.5	del	-1.341
abcdefghij	102026	102037	12	26.1	22.4	-0.678	58.3	del	-0.219
abcdefghij	102780	102879	100	36.3	20.7	-0.828	52.0	del	-0.808
abcdefghij	102880	102944	65	31.0	16.8	-0.901	52.3	del	-0.881
abcdefghij	103229	103282	54	31.2	16.0	-1.263	46.3	del	-0.965
abcdefghij	104936	104959	24	28.8	20.8	-0.201	50.0	neutral	-0.469
abcdefghij	109315	109331	17	33.2	27.6	-0.303	64.7	del	-0.263
